<?xml version="1.0" encoding="UTF-8"?>
<coverage generated="1753121278668" clover="3.2.0">
  <project timestamp="1753121278668" name="All files">
    <metrics statements="122" coveredstatements="104" conditionals="205" coveredconditionals="173" methods="20" coveredmethods="18" elements="347" coveredelements="295" complexity="0" loc="122" ncloc="122" packages="1" files="4" classes="4"/>
    <file name="calendars.ts" path="/Users/jsfillman/Documents/repos/faros-ai/airbyte-connectors/destinations/airbyte-faros-destination/src/converters/office365calendar/calendars.ts">
      <metrics statements="8" coveredstatements="0" conditionals="0" coveredconditionals="0" methods="2" coveredmethods="0"/>
      <line num="2" count="0" type="stmt"/>
      <line num="5" count="0" type="stmt"/>
      <line num="7" count="0" type="stmt"/>
      <line num="9" count="0" type="stmt"/>
      <line num="10" count="0" type="stmt"/>
      <line num="17" count="0" type="stmt"/>
      <line num="18" count="0" type="stmt"/>
      <line num="20" count="0" type="stmt"/>
    </file>
    <file name="common.ts" path="/Users/jsfillman/Documents/repos/faros-ai/airbyte-connectors/destinations/airbyte-faros-destination/src/converters/office365calendar/common.ts">
      <metrics statements="4" coveredstatements="4" conditionals="12" coveredconditionals="12" methods="2" coveredmethods="2"/>
      <line num="3" count="3" type="stmt"/>
      <line num="12" count="3" type="stmt"/>
      <line num="17" count="32" type="stmt"/>
      <line num="29" count="9" type="cond" truecount="12" falsecount="0"/>
    </file>
    <file name="events.ts" path="/Users/jsfillman/Documents/repos/faros-ai/airbyte-connectors/destinations/airbyte-faros-destination/src/converters/office365calendar/events.ts">
      <metrics statements="46" coveredstatements="46" conditionals="124" coveredconditionals="108" methods="6" coveredmethods="6"/>
      <line num="2" count="2" type="stmt"/>
      <line num="4" count="2" type="stmt"/>
      <line num="6" count="2" type="stmt"/>
      <line num="8" count="2" type="stmt"/>
      <line num="17" count="2" type="stmt"/>
      <line num="18" count="26" type="stmt"/>
      <line num="19" count="26" type="stmt"/>
      <line num="27" count="26" type="stmt"/>
      <line num="42" count="1058" type="cond" truecount="1" falsecount="0"/>
      <line num="43" count="1035" type="stmt"/>
      <line num="45" count="23" type="stmt"/>
      <line num="67" count="1058" type="stmt"/>
      <line num="68" count="1058" type="stmt"/>
      <line num="69" count="1058" type="stmt"/>
      <line num="70" count="1058" type="stmt"/>
      <line num="72" count="1058" type="stmt"/>
      <line num="78" count="1058" type="cond" truecount="4" falsecount="0"/>
      <line num="79" count="1416" type="stmt"/>
      <line num="80" count="1416" type="cond" truecount="1" falsecount="0"/>
      <line num="82" count="1415" type="stmt"/>
      <line num="83" count="1415" type="cond" truecount="1" falsecount="0"/>
      <line num="84" count="141" type="stmt"/>
      <line num="85" count="141" type="stmt"/>
      <line num="94" count="1415" type="stmt"/>
      <line num="107" count="1058" type="stmt"/>
      <line num="108" count="1058" type="stmt"/>
      <line num="110" count="1058" type="cond" truecount="1" falsecount="0"/>
      <line num="111" count="2" type="stmt"/>
      <line num="113" count="2" type="cond" truecount="1" falsecount="0"/>
      <line num="114" count="2" type="stmt"/>
      <line num="115" count="2" type="stmt"/>
      <line num="127" count="1058" type="stmt"/>
      <line num="132" count="1058" type="stmt"/>
      <line num="138" count="1058" type="cond" truecount="3" falsecount="0"/>
      <line num="139" count="5" type="stmt"/>
      <line num="143" count="1058" type="stmt"/>
      <line num="144" count="1058" type="cond" truecount="3" falsecount="0"/>
      <line num="145" count="25" type="stmt"/>
      <line num="149" count="1058" type="stmt"/>
      <line num="151" count="1058" type="stmt"/>
      <line num="177" count="1058" type="stmt"/>
      <line num="192" count="1058" type="cond" truecount="3" falsecount="0"/>
      <line num="193" count="3" type="stmt"/>
      <line num="198" count="1055" type="stmt"/>
      <line num="208" count="2474" type="cond" truecount="10" falsecount="0"/>
      <line num="221" count="3" type="cond" truecount="6" falsecount="2"/>
    </file>
    <file name="office365calendar-common.ts" path="/Users/jsfillman/Documents/repos/faros-ai/airbyte-connectors/destinations/airbyte-faros-destination/src/converters/office365calendar/office365calendar-common.ts">
      <metrics statements="64" coveredstatements="54" conditionals="69" coveredconditionals="53" methods="10" coveredmethods="10"/>
      <line num="13" count="2" type="cond" truecount="2" falsecount="0"/>
      <line num="14" count="2" type="stmt"/>
      <line num="15" count="2" type="stmt"/>
      <line num="16" count="2" type="stmt"/>
      <line num="17" count="2" type="stmt"/>
      <line num="18" count="2" type="stmt"/>
      <line num="21" count="2" type="cond" truecount="2" falsecount="0"/>
      <line num="22" count="2" type="stmt"/>
      <line num="23" count="2" type="stmt"/>
      <line num="24" count="2" type="stmt"/>
      <line num="27" count="2" type="cond" truecount="2" falsecount="0"/>
      <line num="28" count="2" type="stmt"/>
      <line num="29" count="2" type="stmt"/>
      <line num="30" count="2" type="stmt"/>
      <line num="31" count="2" type="stmt"/>
      <line num="34" count="2" type="cond" truecount="2" falsecount="0"/>
      <line num="35" count="2" type="stmt"/>
      <line num="36" count="2" type="stmt"/>
      <line num="37" count="2" type="stmt"/>
      <line num="40" count="2" type="cond" truecount="2" falsecount="0"/>
      <line num="41" count="2" type="stmt"/>
      <line num="42" count="2" type="stmt"/>
      <line num="43" count="2" type="stmt"/>
      <line num="52" count="2" type="stmt"/>
      <line num="54" count="2" type="stmt"/>
      <line num="69" count="1058" type="cond" truecount="2" falsecount="1"/>
      <line num="70" count="0" type="cond" truecount="0" falsecount="2"/>
      <line num="73" count="0" type="stmt"/>
      <line num="76" count="1058" type="cond" truecount="2" falsecount="2"/>
      <line num="77" count="1058" type="cond" truecount="1" falsecount="0"/>
      <line num="79" count="0" type="cond" truecount="0" falsecount="2"/>
      <line num="81" count="0" type="stmt"/>
      <line num="83" count="0" type="stmt"/>
      <line num="94" count="1058" type="cond" truecount="4" falsecount="0"/>
      <line num="95" count="1058" type="cond" truecount="1" falsecount="0"/>
      <line num="96" count="1056" type="stmt"/>
      <line num="98" count="2" type="cond" truecount="3" falsecount="2"/>
      <line num="101" count="1" type="stmt"/>
      <line num="104" count="1" type="stmt"/>
      <line num="106" count="0" type="stmt"/>
      <line num="117" count="1058" type="cond" truecount="4" falsecount="0"/>
      <line num="118" count="1058" type="cond" truecount="1" falsecount="0"/>
      <line num="121" count="1056" type="stmt"/>
      <line num="124" count="2" type="cond" truecount="3" falsecount="4"/>
      <line num="128" count="2" type="stmt"/>
      <line num="132" count="0" type="stmt"/>
      <line num="134" count="0" type="stmt"/>
      <line num="145" count="1058" type="cond" truecount="4" falsecount="0"/>
      <line num="146" count="1058" type="cond" truecount="1" falsecount="0"/>
      <line num="147" count="1053" type="stmt"/>
      <line num="149" count="5" type="cond" truecount="4" falsecount="1"/>
      <line num="151" count="3" type="stmt"/>
      <line num="153" count="1" type="stmt"/>
      <line num="156" count="1" type="stmt"/>
      <line num="158" count="0" type="stmt"/>
      <line num="169" count="1415" type="cond" truecount="3" falsecount="1"/>
      <line num="170" count="1415" type="cond" truecount="0" falsecount="1"/>
      <line num="171" count="0" type="stmt"/>
      <line num="173" count="1415" type="cond" truecount="10" falsecount="0"/>
      <line num="175" count="1407" type="stmt"/>
      <line num="177" count="3" type="stmt"/>
      <line num="182" count="2" type="stmt"/>
      <line num="186" count="2" type="stmt"/>
      <line num="188" count="1" type="stmt"/>
    </file>
  </project>
</coverage>
