{"/Users/jsfillman/Documents/repos/faros-ai/airbyte-connectors/destinations/airbyte-faros-destination/src/converters/office365calendar/calendars.ts": {"path":"/Users/jsfillman/Documents/repos/faros-ai/airbyte-connectors/destinations/airbyte-faros-destination/src/converters/office365calendar/calendars.ts","statementMap":{"0":{"start":{"line":2,"column":0},"end":{"line":2,"column":38}},"1":{"start":{"line":5,"column":0},"end":{"line":5,"column":52}},"2":{"start":{"line":7,"column":0},"end":{"line":7,"column":67}},"3":{"start":{"line":10,"column":11},"end":{"line":12,"column":4}},"4":{"start":{"line":17,"column":19},"end":{"line":17,"column":41}},"5":{"start":{"line":18,"column":21},"end":{"line":18,"column":60}},"6":{"start":{"line":20,"column":4},"end":{"line":36,"column":6}},"7":{"start":{"line":9,"column":0},"end":{"line":9,"column":13}}},"fnMap":{"0":{"name":"(anonymous_0)","decl":{"start":{"line":9,"column":0},"end":{"line":9,"column":13}},"loc":{"start":{"line":9,"column":0},"end":{"line":38,"column":1}}},"1":{"name":"(anonymous_1)","decl":{"start":{"line":14,"column":2},"end":{"line":14,"column":7}},"loc":{"start":{"line":15,"column":25},"end":{"line":37,"column":3}}}},"branchMap":{},"s":{"0":0,"1":0,"2":0,"3":0,"4":0,"5":0,"6":0,"7":0},"f":{"0":0,"1":0},"b":{}}
,"/Users/jsfillman/Documents/repos/faros-ai/airbyte-connectors/destinations/airbyte-faros-destination/src/converters/office365calendar/common.ts": {"path":"/Users/jsfillman/Documents/repos/faros-ai/airbyte-connectors/destinations/airbyte-faros-destination/src/converters/office365calendar/common.ts","statementMap":{"0":{"start":{"line":3,"column":0},"end":{"line":3,"column":39}},"1":{"start":{"line":17,"column":2},"end":{"line":17,"column":31}},"2":{"start":{"line":29,"column":4},"end":{"line":29,"column":36}},"3":{"start":{"line":12,"column":0},"end":{"line":12,"column":22}}},"fnMap":{"0":{"name":"(anonymous_0)","decl":{"start":{"line":12,"column":0},"end":{"line":12,"column":22}},"loc":{"start":{"line":12,"column":0},"end":{"line":31,"column":1}}},"1":{"name":"(anonymous_1)","decl":{"start":{"line":28,"column":2},"end":{"line":28,"column":4}},"loc":{"start":{"line":28,"column":26},"end":{"line":30,"column":3}}}},"branchMap":{"0":{"loc":{"start":{"line":29,"column":11},"end":{"line":29,"column":35}},"type":"cond-expr","locations":[{"start":{"line":29,"column":31},"end":{"line":29,"column":33}},{"start":{"line":29,"column":31},"end":{"line":29,"column":35}}]},"1":{"loc":{"start":{"line":29,"column":11},"end":{"line":29,"column":33}},"type":"binary-expr","locations":[{"start":{"line":29,"column":11},"end":{"line":29,"column":33}},{"start":{"line":29,"column":31},"end":{"line":29,"column":33}}]},"2":{"loc":{"start":{"line":29,"column":11},"end":{"line":29,"column":31}},"type":"cond-expr","locations":[{"start":{"line":29,"column":25},"end":{"line":29,"column":27}},{"start":{"line":29,"column":25},"end":{"line":29,"column":31}}]},"3":{"loc":{"start":{"line":29,"column":11},"end":{"line":29,"column":27}},"type":"binary-expr","locations":[{"start":{"line":29,"column":11},"end":{"line":29,"column":27}},{"start":{"line":29,"column":25},"end":{"line":29,"column":27}}]},"4":{"loc":{"start":{"line":29,"column":11},"end":{"line":29,"column":25}},"type":"cond-expr","locations":[{"start":{"line":29,"column":17},"end":{"line":29,"column":19}},{"start":{"line":29,"column":11},"end":{"line":29,"column":25}}]},"5":{"loc":{"start":{"line":29,"column":11},"end":{"line":29,"column":19}},"type":"binary-expr","locations":[{"start":{"line":29,"column":11},"end":{"line":29,"column":19}},{"start":{"line":29,"column":11},"end":{"line":29,"column":19}}]}},"s":{"0":3,"1":32,"2":9,"3":3},"f":{"0":32,"1":9},"b":{"0":[5,4],"1":[9,9],"2":[3,6],"3":[9,9],"4":[2,7],"5":[9,8]}}
,"/Users/jsfillman/Documents/repos/faros-ai/airbyte-connectors/destinations/airbyte-faros-destination/src/converters/office365calendar/events.ts": {"path":"/Users/jsfillman/Documents/repos/faros-ai/airbyte-connectors/destinations/airbyte-faros-destination/src/converters/office365calendar/events.ts","statementMap":{"0":{"start":{"line":2,"column":0},"end":{"line":2,"column":38}},"1":{"start":{"line":4,"column":0},"end":{"line":4,"column":48}},"2":{"start":{"line":6,"column":0},"end":{"line":6,"column":52}},"3":{"start":{"line":8,"column":0},"end":{"line":8,"column":67}},"4":{"start":{"line":18,"column":10},"end":{"line":18,"column":59}},"5":{"start":{"line":19,"column":10},"end":{"line":19,"column":40}},"6":{"start":{"line":27,"column":11},"end":{"line":34,"column":4}},"7":{"start":{"line":42,"column":4},"end":{"line":44,"column":5}},"8":{"start":{"line":43,"column":6},"end":{"line":43,"column":13}},"9":{"start":{"line":45,"column":4},"end":{"line":49,"column":6}},"10":{"start":{"line":67,"column":4},"end":{"line":67,"column":25}},"11":{"start":{"line":68,"column":19},"end":{"line":68,"column":41}},"12":{"start":{"line":69,"column":18},"end":{"line":69,"column":54}},"13":{"start":{"line":70,"column":37},"end":{"line":70,"column":39}},"14":{"start":{"line":72,"column":21},"end":{"line":75,"column":6}},"15":{"start":{"line":78,"column":4},"end":{"line":104,"column":5}},"16":{"start":{"line":79,"column":18},"end":{"line":79,"column":40}},"17":{"start":{"line":80,"column":6},"end":{"line":80,"column":25}},"18":{"start":{"line":80,"column":16},"end":{"line":80,"column":25}},"19":{"start":{"line":82,"column":26},"end":{"line":82,"column":39}},"20":{"start":{"line":83,"column":6},"end":{"line":93,"column":7}},"21":{"start":{"line":84,"column":8},"end":{"line":84,"column":32}},"22":{"start":{"line":85,"column":8},"end":{"line":92,"column":11}},"23":{"start":{"line":94,"column":6},"end":{"line":103,"column":9}},"24":{"start":{"line":107,"column":23},"end":{"line":107,"column":27}},"25":{"start":{"line":108,"column":25},"end":{"line":108,"column":54}},"26":{"start":{"line":110,"column":4},"end":{"line":124,"column":5}},"27":{"start":{"line":111,"column":6},"end":{"line":111,"column":49}},"28":{"start":{"line":113,"column":6},"end":{"line":123,"column":7}},"29":{"start":{"line":114,"column":8},"end":{"line":114,"column":41}},"30":{"start":{"line":115,"column":8},"end":{"line":122,"column":11}},"31":{"start":{"line":127,"column":18},"end":{"line":130,"column":null}},"32":{"start":{"line":132,"column":16},"end":{"line":135,"column":null}},"33":{"start":{"line":138,"column":4},"end":{"line":140,"column":5}},"34":{"start":{"line":139,"column":6},"end":{"line":139,"column":51}},"35":{"start":{"line":143,"column":19},"end":{"line":143,"column":23}},"36":{"start":{"line":144,"column":4},"end":{"line":146,"column":5}},"37":{"start":{"line":145,"column":6},"end":{"line":145,"column":70}},"38":{"start":{"line":149,"column":24},"end":{"line":149,"column":56}},"39":{"start":{"line":151,"column":4},"end":{"line":176,"column":7}},"40":{"start":{"line":177,"column":4},"end":{"line":177,"column":15}},"41":{"start":{"line":192,"column":4},"end":{"line":194,"column":5}},"42":{"start":{"line":193,"column":6},"end":{"line":193,"column":28}},"43":{"start":{"line":198,"column":4},"end":{"line":198,"column":21}},"44":{"start":{"line":208,"column":4},"end":{"line":208,"column":35}},"45":{"start":{"line":221,"column":4},"end":{"line":221,"column":60}},"46":{"start":{"line":17,"column":0},"end":{"line":17,"column":13}}},"fnMap":{"0":{"name":"(anonymous_0)","decl":{"start":{"line":17,"column":0},"end":{"line":17,"column":13}},"loc":{"start":{"line":17,"column":0},"end":{"line":223,"column":1}}},"1":{"name":"(anonymous_1)","decl":{"start":{"line":41,"column":10},"end":{"line":41,"column":20}},"loc":{"start":{"line":41,"column":39},"end":{"line":50,"column":3}}},"2":{"name":"(anonymous_2)","decl":{"start":{"line":63,"column":2},"end":{"line":63,"column":7}},"loc":{"start":{"line":65,"column":22},"end":{"line":178,"column":3}}},"3":{"name":"(anonymous_3)","decl":{"start":{"line":190,"column":10},"end":{"line":190,"column":30}},"loc":{"start":{"line":190,"column":52},"end":{"line":199,"column":3}}},"4":{"name":"(anonymous_4)","decl":{"start":{"line":207,"column":10},"end":{"line":207,"column":17}},"loc":{"start":{"line":207,"column":27},"end":{"line":209,"column":3}}},"5":{"name":"(anonymous_5)","decl":{"start":{"line":220,"column":2},"end":{"line":220,"column":7}},"loc":{"start":{"line":220,"column":47},"end":{"line":222,"column":3}}}},"branchMap":{"0":{"loc":{"start":{"line":42,"column":4},"end":{"line":44,"column":5}},"type":"if","locations":[{"start":{"line":42,"column":4},"end":{"line":44,"column":5}}]},"1":{"loc":{"start":{"line":46,"column":6},"end":{"line":47,"column":12}},"type":"cond-expr","locations":[{"start":{"line":46,"column":80},"end":{"line":46,"column":null}},{"start":{"line":47,"column":8},"end":{"line":47,"column":12}}]},"2":{"loc":{"start":{"line":46,"column":6},"end":{"line":46,"column":null}},"type":"binary-expr","locations":[{"start":{"line":46,"column":6},"end":{"line":46,"column":null}},{"start":{"line":46,"column":80},"end":{"line":46,"column":null}}]},"3":{"loc":{"start":{"line":46,"column":6},"end":{"line":46,"column":80}},"type":"cond-expr","locations":[{"start":{"line":46,"column":61},"end":{"line":46,"column":63}},{"start":{"line":46,"column":61},"end":{"line":46,"column":80}}]},"4":{"loc":{"start":{"line":46,"column":6},"end":{"line":46,"column":63}},"type":"binary-expr","locations":[{"start":{"line":46,"column":6},"end":{"line":46,"column":63}},{"start":{"line":46,"column":61},"end":{"line":46,"column":63}}]},"5":{"loc":{"start":{"line":46,"column":6},"end":{"line":46,"column":61}},"type":"cond-expr","locations":[{"start":{"line":46,"column":42},"end":{"line":46,"column":44}},{"start":{"line":46,"column":42},"end":{"line":46,"column":61}}]},"6":{"loc":{"start":{"line":46,"column":6},"end":{"line":46,"column":44}},"type":"binary-expr","locations":[{"start":{"line":46,"column":6},"end":{"line":46,"column":44}},{"start":{"line":46,"column":42},"end":{"line":46,"column":44}}]},"7":{"loc":{"start":{"line":46,"column":6},"end":{"line":46,"column":42}},"type":"cond-expr","locations":[{"start":{"line":46,"column":17},"end":{"line":46,"column":19}},{"start":{"line":46,"column":17},"end":{"line":46,"column":42}}]},"8":{"loc":{"start":{"line":46,"column":6},"end":{"line":46,"column":19}},"type":"binary-expr","locations":[{"start":{"line":46,"column":6},"end":{"line":46,"column":19}},{"start":{"line":46,"column":17},"end":{"line":46,"column":19}}]},"9":{"loc":{"start":{"line":46,"column":6},"end":{"line":46,"column":17}},"type":"cond-expr","locations":[{"start":{"line":46,"column":9},"end":{"line":46,"column":11}},{"start":{"line":46,"column":6},"end":{"line":46,"column":17}}]},"10":{"loc":{"start":{"line":46,"column":6},"end":{"line":46,"column":11}},"type":"binary-expr","locations":[{"start":{"line":46,"column":6},"end":{"line":46,"column":11}},{"start":{"line":46,"column":6},"end":{"line":46,"column":11}}]},"11":{"loc":{"start":{"line":78,"column":27},"end":{"line":78,"column":48}},"type":"cond-expr","locations":[{"start":{"line":78,"column":42},"end":{"line":78,"column":46}},{"start":{"line":78,"column":46},"end":{"line":78,"column":48}}]},"12":{"loc":{"start":{"line":78,"column":27},"end":{"line":78,"column":46}},"type":"binary-expr","locations":[{"start":{"line":78,"column":27},"end":{"line":78,"column":46}},{"start":{"line":78,"column":42},"end":{"line":78,"column":46}}]},"13":{"loc":{"start":{"line":80,"column":6},"end":{"line":80,"column":25}},"type":"if","locations":[{"start":{"line":80,"column":6},"end":{"line":80,"column":25}}]},"14":{"loc":{"start":{"line":83,"column":6},"end":{"line":93,"column":7}},"type":"if","locations":[{"start":{"line":83,"column":6},"end":{"line":93,"column":7}}]},"15":{"loc":{"start":{"line":110,"column":4},"end":{"line":124,"column":5}},"type":"if","locations":[{"start":{"line":110,"column":4},"end":{"line":124,"column":5}}]},"16":{"loc":{"start":{"line":113,"column":6},"end":{"line":123,"column":7}},"type":"if","locations":[{"start":{"line":113,"column":6},"end":{"line":123,"column":7}}]},"17":{"loc":{"start":{"line":119,"column":19},"end":{"line":119,"column":41}},"type":"cond-expr","locations":[{"start":{"line":119,"column":34},"end":{"line":119,"column":36}},{"start":{"line":119,"column":34},"end":{"line":119,"column":41}}]},"18":{"loc":{"start":{"line":119,"column":19},"end":{"line":119,"column":36}},"type":"binary-expr","locations":[{"start":{"line":119,"column":19},"end":{"line":119,"column":36}},{"start":{"line":119,"column":34},"end":{"line":119,"column":36}}]},"19":{"loc":{"start":{"line":120,"column":25},"end":{"line":120,"column":53}},"type":"cond-expr","locations":[{"start":{"line":120,"column":40},"end":{"line":120,"column":42}},{"start":{"line":120,"column":40},"end":{"line":120,"column":53}}]},"20":{"loc":{"start":{"line":120,"column":25},"end":{"line":120,"column":42}},"type":"binary-expr","locations":[{"start":{"line":120,"column":25},"end":{"line":120,"column":42}},{"start":{"line":120,"column":40},"end":{"line":120,"column":42}}]},"21":{"loc":{"start":{"line":128,"column":6},"end":{"line":130,"column":32}},"type":"cond-expr","locations":[{"start":{"line":129,"column":10},"end":{"line":129,"column":51}},{"start":{"line":130,"column":10},"end":{"line":130,"column":32}}]},"22":{"loc":{"start":{"line":128,"column":6},"end":{"line":128,"column":24}},"type":"cond-expr","locations":[{"start":{"line":128,"column":18},"end":{"line":128,"column":20}},{"start":{"line":128,"column":18},"end":{"line":128,"column":24}}]},"23":{"loc":{"start":{"line":128,"column":6},"end":{"line":128,"column":20}},"type":"binary-expr","locations":[{"start":{"line":128,"column":6},"end":{"line":128,"column":20}},{"start":{"line":128,"column":18},"end":{"line":128,"column":20}}]},"24":{"loc":{"start":{"line":128,"column":6},"end":{"line":128,"column":18}},"type":"cond-expr","locations":[{"start":{"line":128,"column":11},"end":{"line":128,"column":13}},{"start":{"line":128,"column":6},"end":{"line":128,"column":18}}]},"25":{"loc":{"start":{"line":128,"column":6},"end":{"line":128,"column":13}},"type":"binary-expr","locations":[{"start":{"line":128,"column":6},"end":{"line":128,"column":13}},{"start":{"line":128,"column":6},"end":{"line":128,"column":13}}]},"26":{"loc":{"start":{"line":130,"column":10},"end":{"line":130,"column":32}},"type":"cond-expr","locations":[{"start":{"line":130,"column":22},"end":{"line":130,"column":24}},{"start":{"line":130,"column":22},"end":{"line":130,"column":32}}]},"27":{"loc":{"start":{"line":130,"column":10},"end":{"line":130,"column":24}},"type":"binary-expr","locations":[{"start":{"line":130,"column":10},"end":{"line":130,"column":24}},{"start":{"line":130,"column":22},"end":{"line":130,"column":24}}]},"28":{"loc":{"start":{"line":130,"column":10},"end":{"line":130,"column":22}},"type":"cond-expr","locations":[{"start":{"line":130,"column":15},"end":{"line":130,"column":17}},{"start":{"line":130,"column":10},"end":{"line":130,"column":22}}]},"29":{"loc":{"start":{"line":130,"column":10},"end":{"line":130,"column":17}},"type":"binary-expr","locations":[{"start":{"line":130,"column":10},"end":{"line":130,"column":17}},{"start":{"line":130,"column":10},"end":{"line":130,"column":17}}]},"30":{"loc":{"start":{"line":133,"column":6},"end":{"line":135,"column":30}},"type":"cond-expr","locations":[{"start":{"line":134,"column":10},"end":{"line":134,"column":49}},{"start":{"line":135,"column":10},"end":{"line":135,"column":30}}]},"31":{"loc":{"start":{"line":133,"column":6},"end":{"line":133,"column":22}},"type":"cond-expr","locations":[{"start":{"line":133,"column":16},"end":{"line":133,"column":18}},{"start":{"line":133,"column":16},"end":{"line":133,"column":22}}]},"32":{"loc":{"start":{"line":133,"column":6},"end":{"line":133,"column":18}},"type":"binary-expr","locations":[{"start":{"line":133,"column":6},"end":{"line":133,"column":18}},{"start":{"line":133,"column":16},"end":{"line":133,"column":18}}]},"33":{"loc":{"start":{"line":133,"column":6},"end":{"line":133,"column":16}},"type":"cond-expr","locations":[{"start":{"line":133,"column":11},"end":{"line":133,"column":13}},{"start":{"line":133,"column":6},"end":{"line":133,"column":16}}]},"34":{"loc":{"start":{"line":133,"column":6},"end":{"line":133,"column":13}},"type":"binary-expr","locations":[{"start":{"line":133,"column":6},"end":{"line":133,"column":13}},{"start":{"line":133,"column":6},"end":{"line":133,"column":13}}]},"35":{"loc":{"start":{"line":135,"column":10},"end":{"line":135,"column":30}},"type":"cond-expr","locations":[{"start":{"line":135,"column":20},"end":{"line":135,"column":22}},{"start":{"line":135,"column":20},"end":{"line":135,"column":30}}]},"36":{"loc":{"start":{"line":135,"column":10},"end":{"line":135,"column":22}},"type":"binary-expr","locations":[{"start":{"line":135,"column":10},"end":{"line":135,"column":22}},{"start":{"line":135,"column":20},"end":{"line":135,"column":22}}]},"37":{"loc":{"start":{"line":135,"column":10},"end":{"line":135,"column":20}},"type":"cond-expr","locations":[{"start":{"line":135,"column":15},"end":{"line":135,"column":17}},{"start":{"line":135,"column":10},"end":{"line":135,"column":20}}]},"38":{"loc":{"start":{"line":135,"column":10},"end":{"line":135,"column":17}},"type":"binary-expr","locations":[{"start":{"line":135,"column":10},"end":{"line":135,"column":17}},{"start":{"line":135,"column":10},"end":{"line":135,"column":17}}]},"39":{"loc":{"start":{"line":138,"column":4},"end":{"line":140,"column":5}},"type":"if","locations":[{"start":{"line":138,"column":4},"end":{"line":140,"column":5}}]},"40":{"loc":{"start":{"line":138,"column":8},"end":{"line":138,"column":20}},"type":"binary-expr","locations":[{"start":{"line":138,"column":8},"end":{"line":138,"column":13}},{"start":{"line":138,"column":17},"end":{"line":138,"column":20}}]},"41":{"loc":{"start":{"line":144,"column":4},"end":{"line":146,"column":5}},"type":"if","locations":[{"start":{"line":144,"column":4},"end":{"line":146,"column":5}}]},"42":{"loc":{"start":{"line":144,"column":8},"end":{"line":144,"column":60}},"type":"binary-expr","locations":[{"start":{"line":144,"column":8},"end":{"line":144,"column":22}},{"start":{"line":144,"column":26},"end":{"line":144,"column":60}}]},"43":{"loc":{"start":{"line":165,"column":18},"end":{"line":165,"column":72}},"type":"cond-expr","locations":[{"start":{"line":165,"column":64},"end":{"line":165,"column":68}},{"start":{"line":165,"column":68},"end":{"line":165,"column":72}}]},"44":{"loc":{"start":{"line":165,"column":18},"end":{"line":165,"column":68}},"type":"binary-expr","locations":[{"start":{"line":165,"column":18},"end":{"line":165,"column":68}},{"start":{"line":165,"column":64},"end":{"line":165,"column":68}}]},"45":{"loc":{"start":{"line":165,"column":18},"end":{"line":165,"column":64}},"type":"cond-expr","locations":[{"start":{"line":165,"column":40},"end":{"line":165,"column":44}},{"start":{"line":165,"column":44},"end":{"line":165,"column":64}}]},"46":{"loc":{"start":{"line":165,"column":18},"end":{"line":165,"column":44}},"type":"binary-expr","locations":[{"start":{"line":165,"column":18},"end":{"line":165,"column":44}},{"start":{"line":165,"column":40},"end":{"line":165,"column":44}}]},"47":{"loc":{"start":{"line":165,"column":18},"end":{"line":165,"column":40}},"type":"cond-expr","locations":[{"start":{"line":165,"column":30},"end":{"line":165,"column":32}},{"start":{"line":165,"column":30},"end":{"line":165,"column":40}}]},"48":{"loc":{"start":{"line":165,"column":18},"end":{"line":165,"column":32}},"type":"binary-expr","locations":[{"start":{"line":165,"column":18},"end":{"line":165,"column":32}},{"start":{"line":165,"column":30},"end":{"line":165,"column":32}}]},"49":{"loc":{"start":{"line":165,"column":18},"end":{"line":165,"column":30}},"type":"cond-expr","locations":[{"start":{"line":165,"column":23},"end":{"line":165,"column":25}},{"start":{"line":165,"column":18},"end":{"line":165,"column":30}}]},"50":{"loc":{"start":{"line":165,"column":18},"end":{"line":165,"column":25}},"type":"binary-expr","locations":[{"start":{"line":165,"column":18},"end":{"line":165,"column":25}},{"start":{"line":165,"column":18},"end":{"line":165,"column":25}}]},"51":{"loc":{"start":{"line":165,"column":44},"end":{"line":165,"column":64}},"type":"cond-expr","locations":[{"start":{"line":165,"column":54},"end":{"line":165,"column":56}},{"start":{"line":165,"column":54},"end":{"line":165,"column":64}}]},"52":{"loc":{"start":{"line":165,"column":44},"end":{"line":165,"column":56}},"type":"binary-expr","locations":[{"start":{"line":165,"column":44},"end":{"line":165,"column":56}},{"start":{"line":165,"column":54},"end":{"line":165,"column":56}}]},"53":{"loc":{"start":{"line":165,"column":44},"end":{"line":165,"column":54}},"type":"cond-expr","locations":[{"start":{"line":165,"column":49},"end":{"line":165,"column":51}},{"start":{"line":165,"column":44},"end":{"line":165,"column":54}}]},"54":{"loc":{"start":{"line":165,"column":44},"end":{"line":165,"column":51}},"type":"binary-expr","locations":[{"start":{"line":165,"column":44},"end":{"line":165,"column":51}},{"start":{"line":165,"column":44},"end":{"line":165,"column":51}}]},"55":{"loc":{"start":{"line":192,"column":4},"end":{"line":194,"column":5}},"type":"if","locations":[{"start":{"line":192,"column":4},"end":{"line":194,"column":5}}]},"56":{"loc":{"start":{"line":192,"column":8},"end":{"line":192,"column":59}},"type":"binary-expr","locations":[{"start":{"line":192,"column":8},"end":{"line":192,"column":22}},{"start":{"line":192,"column":26},"end":{"line":192,"column":59}}]},"57":{"loc":{"start":{"line":208,"column":11},"end":{"line":208,"column":35}},"type":"binary-expr","locations":[{"start":{"line":208,"column":11},"end":{"line":208,"column":19}},{"start":{"line":208,"column":23},"end":{"line":208,"column":34}}]},"58":{"loc":{"start":{"line":208,"column":11},"end":{"line":208,"column":19}},"type":"cond-expr","locations":[{"start":{"line":208,"column":15},"end":{"line":208,"column":17}},{"start":{"line":208,"column":11},"end":{"line":208,"column":19}}]},"59":{"loc":{"start":{"line":208,"column":11},"end":{"line":208,"column":17}},"type":"binary-expr","locations":[{"start":{"line":208,"column":11},"end":{"line":208,"column":17}},{"start":{"line":208,"column":11},"end":{"line":208,"column":17}}]},"60":{"loc":{"start":{"line":208,"column":23},"end":{"line":208,"column":34}},"type":"cond-expr","locations":[{"start":{"line":208,"column":27},"end":{"line":208,"column":29}},{"start":{"line":208,"column":23},"end":{"line":208,"column":34}}]},"61":{"loc":{"start":{"line":208,"column":23},"end":{"line":208,"column":29}},"type":"binary-expr","locations":[{"start":{"line":208,"column":23},"end":{"line":208,"column":29}},{"start":{"line":208,"column":23},"end":{"line":208,"column":29}}]},"62":{"loc":{"start":{"line":221,"column":11},"end":{"line":221,"column":59}},"type":"cond-expr","locations":[{"start":{"line":221,"column":53},"end":{"line":221,"column":57}},{"start":{"line":221,"column":57},"end":{"line":221,"column":59}}]},"63":{"loc":{"start":{"line":221,"column":11},"end":{"line":221,"column":57}},"type":"binary-expr","locations":[{"start":{"line":221,"column":11},"end":{"line":221,"column":57}},{"start":{"line":221,"column":53},"end":{"line":221,"column":57}}]},"64":{"loc":{"start":{"line":221,"column":11},"end":{"line":221,"column":53}},"type":"cond-expr","locations":[{"start":{"line":221,"column":33},"end":{"line":221,"column":35}},{"start":{"line":221,"column":33},"end":{"line":221,"column":53}}]},"65":{"loc":{"start":{"line":221,"column":11},"end":{"line":221,"column":35}},"type":"binary-expr","locations":[{"start":{"line":221,"column":11},"end":{"line":221,"column":35}},{"start":{"line":221,"column":33},"end":{"line":221,"column":35}}]}},"s":{"0":2,"1":2,"2":2,"3":2,"4":26,"5":26,"6":26,"7":1058,"8":1035,"9":23,"10":1058,"11":1058,"12":1058,"13":1058,"14":1058,"15":1058,"16":1416,"17":1416,"18":1,"19":1415,"20":1415,"21":141,"22":141,"23":1415,"24":1058,"25":1058,"26":1058,"27":2,"28":2,"29":2,"30":2,"31":1058,"32":1058,"33":1058,"34":5,"35":1058,"36":1058,"37":25,"38":1058,"39":1058,"40":1058,"41":1058,"42":3,"43":1055,"44":2474,"45":3,"46":2},"f":{"0":26,"1":1058,"2":1058,"3":1058,"4":2474,"5":3},"b":{"0":[1035],"1":[23,0],"2":[23,23],"3":[0,23],"4":[23,23],"5":[0,23],"6":[23,23],"7":[0,23],"8":[23,23],"9":[0,23],"10":[23,23],"11":[1022,36],"12":[1058,1058],"13":[1],"14":[141],"15":[2],"16":[2],"17":[0,2],"18":[2,2],"19":[0,2],"20":[2,2],"21":[1,1057],"22":[1053,5],"23":[1058,1058],"24":[0,1058],"25":[1058,1058],"26":[1053,4],"27":[1057,1057],"28":[0,1057],"29":[1057,1057],"30":[1,1057],"31":[1053,5],"32":[1058,1058],"33":[0,1058],"34":[1058,1058],"35":[1053,4],"36":[1057,1057],"37":[0,1057],"38":[1057,1057],"39":[5],"40":[1058,5],"41":[25],"42":[1058,28],"43":[5,1053],"44":[1058,1058],"45":[5,1053],"46":[1058,1058],"47":[1053,5],"48":[1058,1058],"49":[0,1058],"50":[1058,1058],"51":[1053,0],"52":[1053,1053],"53":[0,1053],"54":[1053,1053],"55":[3],"56":[1058,28],"57":[2474,2472],"58":[1056,1418],"59":[2474,2474],"60":[1056,1416],"61":[2472,2472],"62":[3,0],"63":[3,3],"64":[0,3],"65":[3,3]}}
,"/Users/jsfillman/Documents/repos/faros-ai/airbyte-connectors/destinations/airbyte-faros-destination/src/converters/office365calendar/office365calendar-common.ts": {"path":"/Users/jsfillman/Documents/repos/faros-ai/airbyte-connectors/destinations/airbyte-faros-destination/src/converters/office365calendar/office365calendar-common.ts","statementMap":{"0":{"start":{"line":13,"column":0},"end":{"line":13,"column":null}},"1":{"start":{"line":14,"column":2},"end":{"line":14,"column":null}},"2":{"start":{"line":15,"column":2},"end":{"line":15,"column":null}},"3":{"start":{"line":16,"column":2},"end":{"line":16,"column":null}},"4":{"start":{"line":17,"column":2},"end":{"line":17,"column":null}},"5":{"start":{"line":18,"column":2},"end":{"line":18,"column":null}},"6":{"start":{"line":21,"column":0},"end":{"line":21,"column":null}},"7":{"start":{"line":22,"column":2},"end":{"line":22,"column":null}},"8":{"start":{"line":23,"column":2},"end":{"line":23,"column":null}},"9":{"start":{"line":24,"column":2},"end":{"line":24,"column":null}},"10":{"start":{"line":27,"column":0},"end":{"line":27,"column":null}},"11":{"start":{"line":28,"column":2},"end":{"line":28,"column":null}},"12":{"start":{"line":29,"column":2},"end":{"line":29,"column":null}},"13":{"start":{"line":30,"column":2},"end":{"line":30,"column":null}},"14":{"start":{"line":31,"column":2},"end":{"line":31,"column":null}},"15":{"start":{"line":34,"column":0},"end":{"line":34,"column":null}},"16":{"start":{"line":35,"column":2},"end":{"line":35,"column":null}},"17":{"start":{"line":36,"column":2},"end":{"line":36,"column":null}},"18":{"start":{"line":37,"column":2},"end":{"line":37,"column":null}},"19":{"start":{"line":40,"column":0},"end":{"line":40,"column":null}},"20":{"start":{"line":41,"column":2},"end":{"line":41,"column":null}},"21":{"start":{"line":42,"column":2},"end":{"line":42,"column":null}},"22":{"start":{"line":43,"column":2},"end":{"line":43,"column":null}},"23":{"start":{"line":69,"column":4},"end":{"line":74,"column":5}},"24":{"start":{"line":70,"column":21},"end":{"line":72,"column":20}},"25":{"start":{"line":73,"column":6},"end":{"line":73,"column":61}},"26":{"start":{"line":76,"column":19},"end":{"line":76,"column":38}},"27":{"start":{"line":77,"column":4},"end":{"line":77,"column":80}},"28":{"start":{"line":77,"column":17},"end":{"line":77,"column":80}},"29":{"start":{"line":79,"column":4},"end":{"line":84,"column":5}},"30":{"start":{"line":81,"column":8},"end":{"line":81,"column":61}},"31":{"start":{"line":83,"column":8},"end":{"line":83,"column":60}},"32":{"start":{"line":94,"column":19},"end":{"line":94,"column":41}},"33":{"start":{"line":95,"column":4},"end":{"line":96,"column":72}},"34":{"start":{"line":96,"column":6},"end":{"line":96,"column":72}},"35":{"start":{"line":98,"column":4},"end":{"line":107,"column":5}},"36":{"start":{"line":101,"column":8},"end":{"line":101,"column":63}},"37":{"start":{"line":104,"column":8},"end":{"line":104,"column":64}},"38":{"start":{"line":106,"column":8},"end":{"line":106,"column":63}},"39":{"start":{"line":117,"column":19},"end":{"line":117,"column":44}},"40":{"start":{"line":118,"column":4},"end":{"line":122,"column":5}},"41":{"start":{"line":121,"column":6},"end":{"line":121,"column":73}},"42":{"start":{"line":124,"column":4},"end":{"line":135,"column":5}},"43":{"start":{"line":128,"column":8},"end":{"line":128,"column":64}},"44":{"start":{"line":132,"column":8},"end":{"line":132,"column":64}},"45":{"start":{"line":134,"column":8},"end":{"line":134,"column":66}},"46":{"start":{"line":145,"column":19},"end":{"line":145,"column":40}},"47":{"start":{"line":146,"column":4},"end":{"line":147,"column":71}},"48":{"start":{"line":147,"column":6},"end":{"line":147,"column":71}},"49":{"start":{"line":149,"column":4},"end":{"line":159,"column":5}},"50":{"start":{"line":151,"column":8},"end":{"line":151,"column":65}},"51":{"start":{"line":153,"column":8},"end":{"line":153,"column":65}},"52":{"start":{"line":156,"column":8},"end":{"line":156,"column":64}},"53":{"start":{"line":158,"column":8},"end":{"line":158,"column":62}},"54":{"start":{"line":169,"column":19},"end":{"line":169,"column":40}},"55":{"start":{"line":170,"column":4},"end":{"line":171,"column":76}},"56":{"start":{"line":171,"column":6},"end":{"line":171,"column":76}},"57":{"start":{"line":173,"column":4},"end":{"line":189,"column":5}},"58":{"start":{"line":175,"column":8},"end":{"line":175,"column":69}},"59":{"start":{"line":177,"column":8},"end":{"line":177,"column":70}},"60":{"start":{"line":182,"column":8},"end":{"line":182,"column":73}},"61":{"start":{"line":186,"column":8},"end":{"line":186,"column":69}},"62":{"start":{"line":188,"column":8},"end":{"line":188,"column":67}},"63":{"start":{"line":52,"column":0},"end":{"line":52,"column":13}},"64":{"start":{"line":54,"column":18},"end":{"line":54,"column":48}}},"fnMap":{"0":{"name":"(anonymous_0)","decl":{"start":{"line":13,"column":0},"end":{"line":13,"column":12}},"loc":{"start":{"line":13,"column":36},"end":{"line":19,"column":1}}},"1":{"name":"(anonymous_1)","decl":{"start":{"line":21,"column":0},"end":{"line":21,"column":12}},"loc":{"start":{"line":21,"column":29},"end":{"line":25,"column":1}}},"2":{"name":"(anonymous_2)","decl":{"start":{"line":27,"column":0},"end":{"line":27,"column":12}},"loc":{"start":{"line":27,"column":31},"end":{"line":32,"column":1}}},"3":{"name":"(anonymous_3)","decl":{"start":{"line":34,"column":0},"end":{"line":34,"column":12}},"loc":{"start":{"line":34,"column":32},"end":{"line":38,"column":1}}},"4":{"name":"(anonymous_4)","decl":{"start":{"line":40,"column":0},"end":{"line":40,"column":12}},"loc":{"start":{"line":40,"column":35},"end":{"line":44,"column":1}}},"5":{"name":"(anonymous_5)","decl":{"start":{"line":64,"column":2},"end":{"line":64,"column":8}},"loc":{"start":{"line":67,"column":23},"end":{"line":85,"column":3}}},"6":{"name":"(anonymous_6)","decl":{"start":{"line":93,"column":2},"end":{"line":93,"column":8}},"loc":{"start":{"line":93,"column":37},"end":{"line":108,"column":3}}},"7":{"name":"(anonymous_7)","decl":{"start":{"line":116,"column":2},"end":{"line":116,"column":8}},"loc":{"start":{"line":116,"column":43},"end":{"line":136,"column":3}}},"8":{"name":"(anonymous_8)","decl":{"start":{"line":144,"column":2},"end":{"line":144,"column":8}},"loc":{"start":{"line":144,"column":35},"end":{"line":160,"column":3}}},"9":{"name":"(anonymous_9)","decl":{"start":{"line":168,"column":2},"end":{"line":168,"column":8}},"loc":{"start":{"line":168,"column":40},"end":{"line":190,"column":3}}}},"branchMap":{"0":{"loc":{"start":{"line":13,"column":12},"end":{"line":13,"column":null}},"type":"binary-expr","locations":[{"start":{"line":13,"column":12},"end":{"line":13,"column":36}},{"start":{"line":13,"column":36},"end":{"line":13,"column":null}}]},"1":{"loc":{"start":{"line":21,"column":12},"end":{"line":21,"column":null}},"type":"binary-expr","locations":[{"start":{"line":21,"column":12},"end":{"line":21,"column":29}},{"start":{"line":21,"column":29},"end":{"line":21,"column":null}}]},"2":{"loc":{"start":{"line":27,"column":12},"end":{"line":27,"column":null}},"type":"binary-expr","locations":[{"start":{"line":27,"column":12},"end":{"line":27,"column":31}},{"start":{"line":27,"column":31},"end":{"line":27,"column":null}}]},"3":{"loc":{"start":{"line":34,"column":12},"end":{"line":34,"column":null}},"type":"binary-expr","locations":[{"start":{"line":34,"column":12},"end":{"line":34,"column":32}},{"start":{"line":34,"column":32},"end":{"line":34,"column":null}}]},"4":{"loc":{"start":{"line":40,"column":12},"end":{"line":40,"column":null}},"type":"binary-expr","locations":[{"start":{"line":40,"column":12},"end":{"line":40,"column":35}},{"start":{"line":40,"column":35},"end":{"line":40,"column":null}}]},"5":{"loc":{"start":{"line":69,"column":4},"end":{"line":74,"column":5}},"type":"if","locations":[{"start":{"line":69,"column":4},"end":{"line":74,"column":5}}]},"6":{"loc":{"start":{"line":69,"column":8},"end":{"line":69,"column":38}},"type":"binary-expr","locations":[{"start":{"line":69,"column":8},"end":{"line":69,"column":24}},{"start":{"line":69,"column":28},"end":{"line":69,"column":38}}]},"7":{"loc":{"start":{"line":70,"column":21},"end":{"line":72,"column":20}},"type":"cond-expr","locations":[{"start":{"line":71,"column":10},"end":{"line":71,"column":31}},{"start":{"line":72,"column":10},"end":{"line":72,"column":20}}]},"8":{"loc":{"start":{"line":76,"column":19},"end":{"line":76,"column":38}},"type":"cond-expr","locations":[{"start":{"line":76,"column":23},"end":{"line":76,"column":25}},{"start":{"line":76,"column":19},"end":{"line":76,"column":38}}]},"9":{"loc":{"start":{"line":76,"column":19},"end":{"line":76,"column":25}},"type":"binary-expr","locations":[{"start":{"line":76,"column":19},"end":{"line":76,"column":25}},{"start":{"line":76,"column":19},"end":{"line":76,"column":25}}]},"10":{"loc":{"start":{"line":77,"column":4},"end":{"line":77,"column":80}},"type":"if","locations":[{"start":{"line":77,"column":4},"end":{"line":77,"column":80}}]},"11":{"loc":{"start":{"line":79,"column":4},"end":{"line":84,"column":5}},"type":"switch","locations":[{"start":{"line":80,"column":6},"end":{"line":81,"column":61}},{"start":{"line":82,"column":6},"end":{"line":83,"column":60}}]},"12":{"loc":{"start":{"line":94,"column":19},"end":{"line":94,"column":41}},"type":"cond-expr","locations":[{"start":{"line":94,"column":26},"end":{"line":94,"column":28}},{"start":{"line":94,"column":19},"end":{"line":94,"column":41}}]},"13":{"loc":{"start":{"line":94,"column":19},"end":{"line":94,"column":28}},"type":"binary-expr","locations":[{"start":{"line":94,"column":19},"end":{"line":94,"column":28}},{"start":{"line":94,"column":19},"end":{"line":94,"column":28}}]},"14":{"loc":{"start":{"line":95,"column":4},"end":{"line":96,"column":72}},"type":"if","locations":[{"start":{"line":95,"column":4},"end":{"line":96,"column":72}}]},"15":{"loc":{"start":{"line":98,"column":4},"end":{"line":107,"column":5}},"type":"switch","locations":[{"start":{"line":99,"column":6},"end":{"line":99,"column":20}},{"start":{"line":100,"column":6},"end":{"line":101,"column":63}},{"start":{"line":102,"column":6},"end":{"line":102,"column":21}},{"start":{"line":103,"column":6},"end":{"line":104,"column":64}},{"start":{"line":105,"column":6},"end":{"line":106,"column":63}}]},"16":{"loc":{"start":{"line":117,"column":19},"end":{"line":117,"column":44}},"type":"cond-expr","locations":[{"start":{"line":117,"column":29},"end":{"line":117,"column":31}},{"start":{"line":117,"column":19},"end":{"line":117,"column":44}}]},"17":{"loc":{"start":{"line":117,"column":19},"end":{"line":117,"column":31}},"type":"binary-expr","locations":[{"start":{"line":117,"column":19},"end":{"line":117,"column":31}},{"start":{"line":117,"column":19},"end":{"line":117,"column":31}}]},"18":{"loc":{"start":{"line":118,"column":4},"end":{"line":122,"column":5}},"type":"if","locations":[{"start":{"line":118,"column":4},"end":{"line":122,"column":5}}]},"19":{"loc":{"start":{"line":124,"column":4},"end":{"line":135,"column":5}},"type":"switch","locations":[{"start":{"line":125,"column":6},"end":{"line":125,"column":20}},{"start":{"line":126,"column":6},"end":{"line":126,"column":18}},{"start":{"line":127,"column":6},"end":{"line":128,"column":64}},{"start":{"line":129,"column":6},"end":{"line":129,"column":25}},{"start":{"line":130,"column":6},"end":{"line":130,"column":18}},{"start":{"line":131,"column":6},"end":{"line":132,"column":64}},{"start":{"line":133,"column":6},"end":{"line":134,"column":66}}]},"20":{"loc":{"start":{"line":145,"column":19},"end":{"line":145,"column":40}},"type":"cond-expr","locations":[{"start":{"line":145,"column":25},"end":{"line":145,"column":27}},{"start":{"line":145,"column":19},"end":{"line":145,"column":40}}]},"21":{"loc":{"start":{"line":145,"column":19},"end":{"line":145,"column":27}},"type":"binary-expr","locations":[{"start":{"line":145,"column":19},"end":{"line":145,"column":27}},{"start":{"line":145,"column":19},"end":{"line":145,"column":27}}]},"22":{"loc":{"start":{"line":146,"column":4},"end":{"line":147,"column":71}},"type":"if","locations":[{"start":{"line":146,"column":4},"end":{"line":147,"column":71}}]},"23":{"loc":{"start":{"line":149,"column":4},"end":{"line":159,"column":5}},"type":"switch","locations":[{"start":{"line":150,"column":6},"end":{"line":151,"column":65}},{"start":{"line":152,"column":6},"end":{"line":153,"column":65}},{"start":{"line":154,"column":6},"end":{"line":154,"column":23}},{"start":{"line":155,"column":6},"end":{"line":156,"column":64}},{"start":{"line":157,"column":6},"end":{"line":158,"column":62}}]},"24":{"loc":{"start":{"line":169,"column":19},"end":{"line":169,"column":40}},"type":"cond-expr","locations":[{"start":{"line":169,"column":25},"end":{"line":169,"column":27}},{"start":{"line":169,"column":19},"end":{"line":169,"column":40}}]},"25":{"loc":{"start":{"line":169,"column":19},"end":{"line":169,"column":27}},"type":"binary-expr","locations":[{"start":{"line":169,"column":19},"end":{"line":169,"column":27}},{"start":{"line":169,"column":19},"end":{"line":169,"column":27}}]},"26":{"loc":{"start":{"line":170,"column":4},"end":{"line":171,"column":76}},"type":"if","locations":[{"start":{"line":170,"column":4},"end":{"line":171,"column":76}}]},"27":{"loc":{"start":{"line":173,"column":4},"end":{"line":189,"column":5}},"type":"switch","locations":[{"start":{"line":174,"column":6},"end":{"line":175,"column":69}},{"start":{"line":176,"column":6},"end":{"line":177,"column":70}},{"start":{"line":178,"column":6},"end":{"line":178,"column":25}},{"start":{"line":179,"column":6},"end":{"line":179,"column":26}},{"start":{"line":180,"column":6},"end":{"line":180,"column":26}},{"start":{"line":181,"column":6},"end":{"line":182,"column":73}},{"start":{"line":183,"column":6},"end":{"line":183,"column":22}},{"start":{"line":184,"column":6},"end":{"line":184,"column":22}},{"start":{"line":185,"column":6},"end":{"line":186,"column":69}},{"start":{"line":187,"column":6},"end":{"line":188,"column":67}}]}},"s":{"0":2,"1":2,"2":2,"3":2,"4":2,"5":2,"6":2,"7":2,"8":2,"9":2,"10":2,"11":2,"12":2,"13":2,"14":2,"15":2,"16":2,"17":2,"18":2,"19":2,"20":2,"21":2,"22":2,"23":1058,"24":0,"25":0,"26":1058,"27":1058,"28":1058,"29":0,"30":0,"31":0,"32":1058,"33":1058,"34":1056,"35":2,"36":1,"37":1,"38":0,"39":1058,"40":1058,"41":1056,"42":2,"43":2,"44":0,"45":0,"46":1058,"47":1058,"48":1053,"49":5,"50":3,"51":1,"52":1,"53":0,"54":1415,"55":1415,"56":0,"57":1415,"58":1407,"59":3,"60":2,"61":2,"62":1,"63":2,"64":2},"f":{"0":2,"1":2,"2":2,"3":2,"4":2,"5":1058,"6":1058,"7":1058,"8":1058,"9":1415},"b":{"0":[2,2],"1":[2,2],"2":[2,2],"3":[2,2],"4":[2,2],"5":[0],"6":[1058,1058],"7":[0,0],"8":[1058,0],"9":[1058,0],"10":[1058],"11":[0,0],"12":[1056,2],"13":[1058,1058],"14":[1056],"15":[0,1,1,1,0],"16":[1056,2],"17":[1058,1058],"18":[1056],"19":[2,2,2,0,0,0,0],"20":[1053,5],"21":[1058,1058],"22":[1053],"23":[3,1,1,1,0],"24":[0,1415],"25":[1415,1415],"26":[0],"27":[1407,3,2,2,2,2,2,2,2,1]}}
}
