TN:
SF:src/converters/office365calendar/calendars.ts
FN:9,(anonymous_0)
FN:14,(anonymous_1)
FNF:2
FNH:0
FNDA:0,(anonymous_0)
FNDA:0,(anonymous_1)
DA:2,0
DA:5,0
DA:7,0
DA:9,0
DA:10,0
DA:17,0
DA:18,0
DA:20,0
LF:8
LH:0
BRF:0
BRH:0
end_of_record
TN:
SF:src/converters/office365calendar/common.ts
FN:12,(anonymous_0)
FN:28,(anonymous_1)
FNF:2
FNH:2
FNDA:32,(anonymous_0)
FNDA:9,(anonymous_1)
DA:3,3
DA:12,3
DA:17,32
DA:29,9
LF:4
LH:4
BRDA:29,0,0,5
BRDA:29,0,1,4
BRDA:29,1,0,9
BRDA:29,1,1,9
BRDA:29,2,0,3
BRDA:29,2,1,6
BRDA:29,3,0,9
BRDA:29,3,1,9
BRDA:29,4,0,2
BRDA:29,4,1,7
BRDA:29,5,0,9
BRDA:29,5,1,8
BRF:12
BRH:12
end_of_record
TN:
SF:src/converters/office365calendar/events.ts
FN:17,(anonymous_0)
FN:41,(anonymous_1)
FN:63,(anonymous_2)
FN:190,(anonymous_3)
FN:207,(anonymous_4)
FN:220,(anonymous_5)
FNF:6
FNH:6
FNDA:26,(anonymous_0)
FNDA:1058,(anonymous_1)
FNDA:1058,(anonymous_2)
FNDA:1058,(anonymous_3)
FNDA:2474,(anonymous_4)
FNDA:3,(anonymous_5)
DA:2,2
DA:4,2
DA:6,2
DA:8,2
DA:17,2
DA:18,26
DA:19,26
DA:27,26
DA:42,1058
DA:43,1035
DA:45,23
DA:67,1058
DA:68,1058
DA:69,1058
DA:70,1058
DA:72,1058
DA:78,1058
DA:79,1416
DA:80,1416
DA:82,1415
DA:83,1415
DA:84,141
DA:85,141
DA:94,1415
DA:107,1058
DA:108,1058
DA:110,1058
DA:111,2
DA:113,2
DA:114,2
DA:115,2
DA:127,1058
DA:132,1058
DA:138,1058
DA:139,5
DA:143,1058
DA:144,1058
DA:145,25
DA:149,1058
DA:151,1058
DA:177,1058
DA:192,1058
DA:193,3
DA:198,1055
DA:208,2474
DA:221,3
LF:46
LH:46
BRDA:42,0,0,1035
BRDA:46,1,0,23
BRDA:46,1,1,0
BRDA:46,2,0,23
BRDA:46,2,1,23
BRDA:46,3,0,0
BRDA:46,3,1,23
BRDA:46,4,0,23
BRDA:46,4,1,23
BRDA:46,5,0,0
BRDA:46,5,1,23
BRDA:46,6,0,23
BRDA:46,6,1,23
BRDA:46,7,0,0
BRDA:46,7,1,23
BRDA:46,8,0,23
BRDA:46,8,1,23
BRDA:46,9,0,0
BRDA:46,9,1,23
BRDA:46,10,0,23
BRDA:46,10,1,23
BRDA:78,11,0,1022
BRDA:78,11,1,36
BRDA:78,12,0,1058
BRDA:78,12,1,1058
BRDA:80,13,0,1
BRDA:83,14,0,141
BRDA:110,15,0,2
BRDA:113,16,0,2
BRDA:119,17,0,0
BRDA:119,17,1,2
BRDA:119,18,0,2
BRDA:119,18,1,2
BRDA:120,19,0,0
BRDA:120,19,1,2
BRDA:120,20,0,2
BRDA:120,20,1,2
BRDA:128,21,0,1
BRDA:128,21,1,1057
BRDA:128,22,0,1053
BRDA:128,22,1,5
BRDA:128,23,0,1058
BRDA:128,23,1,1058
BRDA:128,24,0,0
BRDA:128,24,1,1058
BRDA:128,25,0,1058
BRDA:128,25,1,1058
BRDA:130,26,0,1053
BRDA:130,26,1,4
BRDA:130,27,0,1057
BRDA:130,27,1,1057
BRDA:130,28,0,0
BRDA:130,28,1,1057
BRDA:130,29,0,1057
BRDA:130,29,1,1057
BRDA:133,30,0,1
BRDA:133,30,1,1057
BRDA:133,31,0,1053
BRDA:133,31,1,5
BRDA:133,32,0,1058
BRDA:133,32,1,1058
BRDA:133,33,0,0
BRDA:133,33,1,1058
BRDA:133,34,0,1058
BRDA:133,34,1,1058
BRDA:135,35,0,1053
BRDA:135,35,1,4
BRDA:135,36,0,1057
BRDA:135,36,1,1057
BRDA:135,37,0,0
BRDA:135,37,1,1057
BRDA:135,38,0,1057
BRDA:135,38,1,1057
BRDA:138,39,0,5
BRDA:138,40,0,1058
BRDA:138,40,1,5
BRDA:144,41,0,25
BRDA:144,42,0,1058
BRDA:144,42,1,28
BRDA:165,43,0,5
BRDA:165,43,1,1053
BRDA:165,44,0,1058
BRDA:165,44,1,1058
BRDA:165,45,0,5
BRDA:165,45,1,1053
BRDA:165,46,0,1058
BRDA:165,46,1,1058
BRDA:165,47,0,1053
BRDA:165,47,1,5
BRDA:165,48,0,1058
BRDA:165,48,1,1058
BRDA:165,49,0,0
BRDA:165,49,1,1058
BRDA:165,50,0,1058
BRDA:165,50,1,1058
BRDA:165,51,0,1053
BRDA:165,51,1,0
BRDA:165,52,0,1053
BRDA:165,52,1,1053
BRDA:165,53,0,0
BRDA:165,53,1,1053
BRDA:165,54,0,1053
BRDA:165,54,1,1053
BRDA:192,55,0,3
BRDA:192,56,0,1058
BRDA:192,56,1,28
BRDA:208,57,0,2474
BRDA:208,57,1,2472
BRDA:208,58,0,1056
BRDA:208,58,1,1418
BRDA:208,59,0,2474
BRDA:208,59,1,2474
BRDA:208,60,0,1056
BRDA:208,60,1,1416
BRDA:208,61,0,2472
BRDA:208,61,1,2472
BRDA:221,62,0,3
BRDA:221,62,1,0
BRDA:221,63,0,3
BRDA:221,63,1,3
BRDA:221,64,0,0
BRDA:221,64,1,3
BRDA:221,65,0,3
BRDA:221,65,1,3
BRF:124
BRH:108
end_of_record
TN:
SF:src/converters/office365calendar/office365calendar-common.ts
FN:13,(anonymous_0)
FN:21,(anonymous_1)
FN:27,(anonymous_2)
FN:34,(anonymous_3)
FN:40,(anonymous_4)
FN:64,(anonymous_5)
FN:93,(anonymous_6)
FN:116,(anonymous_7)
FN:144,(anonymous_8)
FN:168,(anonymous_9)
FNF:10
FNH:10
FNDA:2,(anonymous_0)
FNDA:2,(anonymous_1)
FNDA:2,(anonymous_2)
FNDA:2,(anonymous_3)
FNDA:2,(anonymous_4)
FNDA:1058,(anonymous_5)
FNDA:1058,(anonymous_6)
FNDA:1058,(anonymous_7)
FNDA:1058,(anonymous_8)
FNDA:1415,(anonymous_9)
DA:13,2
DA:14,2
DA:15,2
DA:16,2
DA:17,2
DA:18,2
DA:21,2
DA:22,2
DA:23,2
DA:24,2
DA:27,2
DA:28,2
DA:29,2
DA:30,2
DA:31,2
DA:34,2
DA:35,2
DA:36,2
DA:37,2
DA:40,2
DA:41,2
DA:42,2
DA:43,2
DA:52,2
DA:54,2
DA:69,1058
DA:70,0
DA:73,0
DA:76,1058
DA:77,1058
DA:79,0
DA:81,0
DA:83,0
DA:94,1058
DA:95,1058
DA:96,1056
DA:98,2
DA:101,1
DA:104,1
DA:106,0
DA:117,1058
DA:118,1058
DA:121,1056
DA:124,2
DA:128,2
DA:132,0
DA:134,0
DA:145,1058
DA:146,1058
DA:147,1053
DA:149,5
DA:151,3
DA:153,1
DA:156,1
DA:158,0
DA:169,1415
DA:170,1415
DA:171,0
DA:173,1415
DA:175,1407
DA:177,3
DA:182,2
DA:186,2
DA:188,1
LF:64
LH:54
BRDA:13,0,0,2
BRDA:13,0,1,2
BRDA:21,1,0,2
BRDA:21,1,1,2
BRDA:27,2,0,2
BRDA:27,2,1,2
BRDA:34,3,0,2
BRDA:34,3,1,2
BRDA:40,4,0,2
BRDA:40,4,1,2
BRDA:69,5,0,0
BRDA:69,6,0,1058
BRDA:69,6,1,1058
BRDA:70,7,0,0
BRDA:70,7,1,0
BRDA:76,8,0,1058
BRDA:76,8,1,0
BRDA:76,9,0,1058
BRDA:76,9,1,0
BRDA:77,10,0,1058
BRDA:79,11,0,0
BRDA:79,11,1,0
BRDA:94,12,0,1056
BRDA:94,12,1,2
BRDA:94,13,0,1058
BRDA:94,13,1,1058
BRDA:95,14,0,1056
BRDA:98,15,0,0
BRDA:98,15,1,1
BRDA:98,15,2,1
BRDA:98,15,3,1
BRDA:98,15,4,0
BRDA:117,16,0,1056
BRDA:117,16,1,2
BRDA:117,17,0,1058
BRDA:117,17,1,1058
BRDA:118,18,0,1056
BRDA:124,19,0,2
BRDA:124,19,1,2
BRDA:124,19,2,2
BRDA:124,19,3,0
BRDA:124,19,4,0
BRDA:124,19,5,0
BRDA:124,19,6,0
BRDA:145,20,0,1053
BRDA:145,20,1,5
BRDA:145,21,0,1058
BRDA:145,21,1,1058
BRDA:146,22,0,1053
BRDA:149,23,0,3
BRDA:149,23,1,1
BRDA:149,23,2,1
BRDA:149,23,3,1
BRDA:149,23,4,0
BRDA:169,24,0,0
BRDA:169,24,1,1415
BRDA:169,25,0,1415
BRDA:169,25,1,1415
BRDA:170,26,0,0
BRDA:173,27,0,1407
BRDA:173,27,1,3
BRDA:173,27,2,2
BRDA:173,27,3,2
BRDA:173,27,4,2
BRDA:173,27,5,2
BRDA:173,27,6,2
BRDA:173,27,7,2
BRDA:173,27,8,2
BRDA:173,27,9,1
BRF:69
BRH:53
end_of_record
