<?xml version="1.0" encoding="UTF-8"?>
<coverage generated="1752744510265" clover="3.2.0">
  <project timestamp="1752744510265" name="All files">
    <metrics statements="1155" coveredstatements="560" conditionals="1027" coveredconditionals="212" methods="307" coveredmethods="162" elements="2489" coveredelements="934" complexity="0" loc="1155" ncloc="1155" packages="5" files="14" classes="14"/>
    <package name="src">
      <metrics statements="355" coveredstatements="167" conditionals="604" coveredconditionals="54" methods="72" coveredmethods="34"/>
      <file name="index.ts" path="/Users/jsfillman/Documents/repos/faros-ai/airbyte-connectors/sources/office365calendar-source/src/index.ts">
        <metrics statements="56" coveredstatements="14" conditionals="92" coveredconditionals="0" methods="7" coveredmethods="3"/>
        <line num="2" count="2" type="stmt"/>
        <line num="9" count="2" type="stmt"/>
        <line num="12" count="2" type="stmt"/>
        <line num="18" count="2" type="stmt"/>
        <line num="19" count="2" type="stmt"/>
        <line num="36" count="2" type="stmt"/>
        <line num="37" count="2" type="stmt"/>
        <line num="38" count="2" type="stmt"/>
        <line num="39" count="2" type="stmt"/>
        <line num="51" count="2" type="stmt"/>
        <line num="60" count="3" type="stmt"/>
        <line num="61" count="3" type="stmt"/>
        <line num="62" count="3" type="stmt"/>
        <line num="74" count="4" type="stmt"/>
        <line num="94" count="0" type="stmt"/>
        <line num="127" count="0" type="stmt"/>
        <line num="133" count="0" type="stmt"/>
        <line num="135" count="0" type="stmt"/>
        <line num="138" count="0" type="stmt"/>
        <line num="141" count="0" type="stmt"/>
        <line num="143" count="0" type="cond" truecount="0" falsecount="2"/>
        <line num="144" count="0" type="stmt"/>
        <line num="148" count="0" type="stmt"/>
        <line num="152" count="0" type="stmt"/>
        <line num="156" count="0" type="cond" truecount="0" falsecount="4"/>
        <line num="157" count="0" type="stmt"/>
        <line num="161" count="0" type="stmt"/>
        <line num="162" count="0" type="stmt"/>
        <line num="163" count="0" type="stmt"/>
        <line num="164" count="0" type="stmt"/>
        <line num="167" count="0" type="stmt"/>
        <line num="171" count="0" type="stmt"/>
        <line num="178" count="0" type="stmt"/>
        <line num="183" count="0" type="stmt"/>
        <line num="186" count="0" type="stmt"/>
        <line num="188" count="0" type="stmt"/>
        <line num="191" count="0" type="cond" truecount="0" falsecount="9"/>
        <line num="194" count="0" type="stmt"/>
        <line num="195" count="0" type="cond" truecount="0" falsecount="12"/>
        <line num="196" count="0" type="stmt"/>
        <line num="197" count="0" type="cond" truecount="0" falsecount="8"/>
        <line num="199" count="0" type="stmt"/>
        <line num="200" count="0" type="cond" truecount="0" falsecount="9"/>
        <line num="203" count="0" type="stmt"/>
        <line num="206" count="0" type="cond" truecount="0" falsecount="4"/>
        <line num="208" count="0" type="stmt"/>
        <line num="214" count="0" type="stmt"/>
        <line num="238" count="0" type="stmt"/>
        <line num="244" count="0" type="stmt"/>
        <line num="245" count="0" type="stmt"/>
        <line num="250" count="0" type="stmt"/>
        <line num="251" count="0" type="stmt"/>
        <line num="254" count="0" type="stmt"/>
        <line num="256" count="0" type="stmt"/>
        <line num="257" count="0" type="stmt"/>
        <line num="261" count="0" type="stmt"/>
      </file>
      <file name="models.ts" path="/Users/jsfillman/Documents/repos/faros-ai/airbyte-connectors/sources/office365calendar-source/src/models.ts">
        <metrics statements="73" coveredstatements="46" conditionals="77" coveredconditionals="39" methods="21" coveredmethods="10"/>
        <line num="2" count="3" type="stmt"/>
        <line num="65" count="3" type="stmt"/>
        <line num="66" count="20" type="cond" truecount="3" falsecount="1"/>
        <line num="67" count="0" type="stmt"/>
        <line num="69" count="20" type="stmt"/>
        <line num="84" count="3" type="stmt"/>
        <line num="85" count="4" type="cond" truecount="3" falsecount="1"/>
        <line num="86" count="0" type="stmt"/>
        <line num="88" count="4" type="stmt"/>
        <line num="103" count="3" type="stmt"/>
        <line num="104" count="0" type="cond" truecount="0" falsecount="4"/>
        <line num="105" count="0" type="stmt"/>
        <line num="107" count="0" type="stmt"/>
        <line num="122" count="3" type="stmt"/>
        <line num="123" count="2" type="cond" truecount="3" falsecount="1"/>
        <line num="124" count="0" type="stmt"/>
        <line num="126" count="2" type="stmt"/>
        <line num="137" count="3" type="stmt"/>
        <line num="154" count="3" type="stmt"/>
        <line num="171" count="3" type="stmt"/>
        <line num="188" count="3" type="stmt"/>
        <line num="269" count="3" type="stmt"/>
        <line num="271" count="21" type="cond" truecount="4" falsecount="1"/>
        <line num="272" count="0" type="stmt"/>
        <line num="276" count="21" type="cond" truecount="5" falsecount="0"/>
        <line num="277" count="1" type="stmt"/>
        <line num="281" count="20" type="cond" truecount="4" falsecount="1"/>
        <line num="282" count="0" type="stmt"/>
        <line num="286" count="20" type="cond" truecount="1" falsecount="1"/>
        <line num="287" count="20" type="stmt"/>
        <line num="289" count="20" type="stmt"/>
        <line num="290" count="20" type="stmt"/>
        <line num="292" count="20" type="cond" truecount="4" falsecount="1"/>
        <line num="293" count="0" type="stmt"/>
        <line num="298" count="20" type="cond" truecount="2" falsecount="0"/>
        <line num="299" count="1" type="cond" truecount="3" falsecount="1"/>
        <line num="300" count="0" type="stmt"/>
        <line num="305" count="20" type="cond" truecount="2" falsecount="0"/>
        <line num="306" count="1" type="cond" truecount="1" falsecount="1"/>
        <line num="307" count="0" type="stmt"/>
        <line num="309" count="1" type="cond" truecount="1" falsecount="1"/>
        <line num="310" count="0" type="stmt"/>
        <line num="341" count="3" type="cond" truecount="0" falsecount="1"/>
        <line num="342" count="2" type="stmt"/>
        <line num="352" count="2" type="stmt"/>
        <line num="353" count="1" type="stmt"/>
        <line num="908" count="3" type="stmt"/>
        <line num="909" count="0" type="cond" truecount="0" falsecount="4"/>
        <line num="926" count="3" type="stmt"/>
        <line num="927" count="0" type="cond" truecount="0" falsecount="4"/>
        <line num="944" count="3" type="stmt"/>
        <line num="945" count="0" type="cond" truecount="0" falsecount="4"/>
        <line num="957" count="3" type="stmt"/>
        <line num="971" count="63" type="stmt"/>
        <line num="979" count="0" type="cond" truecount="0" falsecount="2"/>
        <line num="988" count="41" type="cond" truecount="1" falsecount="1"/>
        <line num="997" count="0" type="cond" truecount="0" falsecount="2"/>
        <line num="1006" count="38" type="cond" truecount="1" falsecount="1"/>
        <line num="1017" count="3" type="stmt"/>
        <line num="1035" count="38" type="cond" truecount="1" falsecount="1"/>
        <line num="1036" count="38" type="stmt"/>
        <line num="1038" count="0" type="cond" truecount="0" falsecount="2"/>
        <line num="1039" count="0" type="stmt"/>
        <line num="1041" count="0" type="stmt"/>
        <line num="1061" count="0" type="cond" truecount="0" falsecount="2"/>
        <line num="1062" count="0" type="stmt"/>
        <line num="1064" count="0" type="stmt"/>
        <line num="1073" count="3" type="stmt"/>
        <line num="1082" count="0" type="stmt"/>
        <line num="1093" count="0" type="stmt"/>
        <line num="1104" count="16" type="stmt"/>
        <line num="1115" count="0" type="stmt"/>
        <line num="1126" count="0" type="stmt"/>
      </file>
      <file name="office365calendar-sdk-adapter.ts" path="/Users/jsfillman/Documents/repos/faros-ai/airbyte-connectors/sources/office365calendar-source/src/office365calendar-sdk-adapter.ts">
        <metrics statements="56" coveredstatements="32" conditionals="372" coveredconditionals="2" methods="11" coveredmethods="6"/>
        <line num="2" count="3" type="stmt"/>
        <line num="4" count="3" type="stmt"/>
        <line num="17" count="3" type="stmt"/>
        <line num="28" count="3" type="stmt"/>
        <line num="29" count="3" type="stmt"/>
        <line num="41" count="19" type="stmt"/>
        <line num="42" count="19" type="stmt"/>
        <line num="45" count="19" type="stmt"/>
        <line num="48" count="19" type="stmt"/>
        <line num="51" count="19" type="stmt"/>
        <line num="53" count="19" type="stmt"/>
        <line num="86" count="19" type="cond" truecount="1" falsecount="1"/>
        <line num="87" count="19" type="stmt"/>
        <line num="89" count="19" type="stmt"/>
        <line num="107" count="0" type="stmt"/>
        <line num="127" count="3" type="stmt"/>
        <line num="128" count="3" type="stmt"/>
        <line num="130" count="0" type="stmt"/>
        <line num="131" count="0" type="stmt"/>
        <line num="152" count="13" type="stmt"/>
        <line num="153" count="13" type="stmt"/>
        <line num="155" count="0" type="stmt"/>
        <line num="175" count="0" type="stmt"/>
        <line num="178" count="13" type="stmt"/>
        <line num="179" count="13" type="stmt"/>
        <line num="207" count="1" type="stmt"/>
        <line num="208" count="1" type="stmt"/>
        <line num="209" count="1" type="cond" truecount="1" falsecount="1"/>
        <line num="211" count="1" type="stmt"/>
        <line num="213" count="0" type="stmt"/>
        <line num="243" count="0" type="cond" truecount="0" falsecount="6"/>
        <line num="290" count="0" type="stmt"/>
        <line num="293" count="1" type="stmt"/>
        <line num="297" count="1" type="stmt"/>
        <line num="323" count="2" type="stmt"/>
        <line num="324" count="2" type="stmt"/>
        <line num="325" count="2" type="stmt"/>
        <line num="327" count="2" type="stmt"/>
        <line num="328" count="0" type="cond" truecount="0" falsecount="2"/>
        <line num="330" count="0" type="stmt"/>
        <line num="331" count="0" type="stmt"/>
        <line num="361" count="0" type="cond" truecount="0" falsecount="6"/>
        <line num="407" count="0" type="stmt"/>
        <line num="413" count="0" type="cond" truecount="0" falsecount="2"/>
        <line num="414" count="0" type="stmt"/>
        <line num="416" count="0" type="stmt"/>
        <line num="417" count="0" type="stmt"/>
        <line num="467" count="0" type="stmt"/>
        <line num="474" count="2" type="stmt"/>
        <line num="478" count="2" type="stmt"/>
        <line num="500" count="0" type="stmt"/>
        <line num="501" count="0" type="stmt"/>
        <line num="502" count="0" type="stmt"/>
        <line num="508" count="0" type="stmt"/>
        <line num="509" count="0" type="stmt"/>
        <line num="528" count="0" type="stmt"/>
      </file>
      <file name="office365calendar-sdk.ts" path="/Users/jsfillman/Documents/repos/faros-ai/airbyte-connectors/sources/office365calendar-source/src/office365calendar-sdk.ts">
        <metrics statements="164" coveredstatements="69" conditionals="63" coveredconditionals="13" methods="28" coveredmethods="14"/>
        <line num="2" count="3" type="stmt"/>
        <line num="3" count="3" type="stmt"/>
        <line num="5" count="3" type="stmt"/>
        <line num="7" count="3" type="stmt"/>
        <line num="41" count="19" type="stmt"/>
        <line num="42" count="19" type="stmt"/>
        <line num="53" count="19" type="stmt"/>
        <line num="54" count="19" type="stmt"/>
        <line num="55" count="19" type="stmt"/>
        <line num="56" count="19" type="stmt"/>
        <line num="58" count="19" type="stmt"/>
        <line num="84" count="19" type="stmt"/>
        <line num="86" count="19" type="cond" truecount="2" falsecount="2"/>
        <line num="87" count="0" type="stmt"/>
        <line num="90" count="19" type="stmt"/>
        <line num="91" count="19" type="stmt"/>
        <line num="93" count="0" type="cond" truecount="0" falsecount="2"/>
        <line num="94" count="0" type="stmt"/>
        <line num="97" count="0" type="stmt"/>
        <line num="98" count="0" type="stmt"/>
        <line num="100" count="0" type="stmt"/>
        <line num="101" count="0" type="stmt"/>
        <line num="105" count="0" type="stmt"/>
        <line num="107" count="19" type="stmt"/>
        <line num="108" count="19" type="stmt"/>
        <line num="109" count="19" type="stmt"/>
        <line num="124" count="3" type="stmt"/>
        <line num="147" count="19" type="stmt"/>
        <line num="148" count="19" type="stmt"/>
        <line num="151" count="19" type="stmt"/>
        <line num="161" count="19" type="stmt"/>
        <line num="163" count="19" type="stmt"/>
        <line num="167" count="19" type="stmt"/>
        <line num="168" count="19" type="stmt"/>
        <line num="180" count="0" type="stmt"/>
        <line num="189" count="0" type="stmt"/>
        <line num="210" count="0" type="stmt"/>
        <line num="220" count="0" type="stmt"/>
        <line num="240" count="3" type="stmt"/>
        <line num="241" count="3" type="stmt"/>
        <line num="242" count="0" type="stmt"/>
        <line num="244" count="3" type="stmt"/>
        <line num="245" count="3" type="stmt"/>
        <line num="246" count="3" type="stmt"/>
        <line num="268" count="0" type="stmt"/>
        <line num="269" count="0" type="stmt"/>
        <line num="270" count="0" type="stmt"/>
        <line num="272" count="0" type="stmt"/>
        <line num="298" count="13" type="stmt"/>
        <line num="299" count="13" type="stmt"/>
        <line num="300" count="0" type="stmt"/>
        <line num="302" count="13" type="stmt"/>
        <line num="317" count="13" type="stmt"/>
        <line num="319" count="13" type="stmt"/>
        <line num="321" count="13" type="stmt"/>
        <line num="322" count="13" type="stmt"/>
        <line num="328" count="0" type="stmt"/>
        <line num="329" count="0" type="cond" truecount="0" falsecount="2"/>
        <line num="330" count="0" type="stmt"/>
        <line num="339" count="0" type="stmt"/>
        <line num="342" count="0" type="stmt"/>
        <line num="361" count="13" type="stmt"/>
        <line num="362" count="13" type="cond" truecount="1" falsecount="1"/>
        <line num="363" count="0" type="stmt"/>
        <line num="364" count="0" type="stmt"/>
        <line num="367" count="13" type="stmt"/>
        <line num="368" count="13" type="cond" truecount="1" falsecount="1"/>
        <line num="369" count="13" type="stmt"/>
        <line num="371" count="0" type="stmt"/>
        <line num="397" count="1" type="stmt"/>
        <line num="398" count="1" type="stmt"/>
        <line num="399" count="0" type="stmt"/>
        <line num="401" count="1" type="stmt"/>
        <line num="418" count="1" type="stmt"/>
        <line num="420" count="1" type="cond" truecount="1" falsecount="1"/>
        <line num="421" count="1" type="stmt"/>
        <line num="424" count="1" type="stmt"/>
        <line num="425" count="1" type="cond" truecount="1" falsecount="1"/>
        <line num="426" count="0" type="stmt"/>
        <line num="427" count="0" type="stmt"/>
        <line num="428" count="0" type="stmt"/>
        <line num="431" count="1" type="stmt"/>
        <line num="432" count="1" type="stmt"/>
        <line num="439" count="0" type="stmt"/>
        <line num="440" count="0" type="cond" truecount="0" falsecount="2"/>
        <line num="441" count="0" type="stmt"/>
        <line num="445" count="0" type="stmt"/>
        <line num="448" count="0" type="stmt"/>
        <line num="451" count="0" type="stmt"/>
        <line num="474" count="1" type="stmt"/>
        <line num="475" count="1" type="cond" truecount="1" falsecount="1"/>
        <line num="476" count="0" type="stmt"/>
        <line num="477" count="0" type="stmt"/>
        <line num="480" count="1" type="stmt"/>
        <line num="481" count="1" type="cond" truecount="1" falsecount="1"/>
        <line num="482" count="1" type="stmt"/>
        <line num="484" count="0" type="stmt"/>
        <line num="509" count="0" type="cond" truecount="0" falsecount="2"/>
        <line num="510" count="0" type="stmt"/>
        <line num="512" count="0" type="stmt"/>
        <line num="513" count="0" type="cond" truecount="0" falsecount="2"/>
        <line num="514" count="0" type="stmt"/>
        <line num="515" count="0" type="stmt"/>
        <line num="516" count="0" type="stmt"/>
        <line num="519" count="0" type="stmt"/>
        <line num="520" count="0" type="stmt"/>
        <line num="527" count="0" type="stmt"/>
        <line num="528" count="0" type="cond" truecount="0" falsecount="2"/>
        <line num="529" count="0" type="stmt"/>
        <line num="533" count="0" type="stmt"/>
        <line num="534" count="0" type="stmt"/>
        <line num="559" count="2" type="stmt"/>
        <line num="560" count="2" type="stmt"/>
        <line num="561" count="0" type="stmt"/>
        <line num="563" count="2" type="stmt"/>
        <line num="580" count="2" type="stmt"/>
        <line num="582" count="2" type="cond" truecount="1" falsecount="1"/>
        <line num="586" count="2" type="stmt"/>
        <line num="592" count="0" type="cond" truecount="0" falsecount="3"/>
        <line num="594" count="0" type="stmt"/>
        <line num="595" count="0" type="cond" truecount="0" falsecount="2"/>
        <line num="596" count="0" type="stmt"/>
        <line num="603" count="0" type="cond" truecount="0" falsecount="2"/>
        <line num="604" count="0" type="stmt"/>
        <line num="614" count="0" type="stmt"/>
        <line num="637" count="2" type="stmt"/>
        <line num="638" count="2" type="cond" truecount="1" falsecount="1"/>
        <line num="639" count="0" type="stmt"/>
        <line num="640" count="0" type="stmt"/>
        <line num="643" count="2" type="stmt"/>
        <line num="644" count="2" type="cond" truecount="1" falsecount="1"/>
        <line num="645" count="2" type="stmt"/>
        <line num="647" count="0" type="stmt"/>
        <line num="672" count="0" type="stmt"/>
        <line num="673" count="0" type="stmt"/>
        <line num="674" count="0" type="stmt"/>
        <line num="676" count="0" type="stmt"/>
        <line num="692" count="0" type="stmt"/>
        <line num="698" count="0" type="stmt"/>
        <line num="702" count="0" type="stmt"/>
        <line num="704" count="0" type="stmt"/>
        <line num="705" count="0" type="stmt"/>
        <line num="706" count="0" type="stmt"/>
        <line num="708" count="0" type="cond" truecount="0" falsecount="2"/>
        <line num="709" count="0" type="stmt"/>
        <line num="710" count="0" type="stmt"/>
        <line num="711" count="0" type="stmt"/>
        <line num="713" count="0" type="stmt"/>
        <line num="718" count="0" type="stmt"/>
        <line num="719" count="0" type="stmt"/>
        <line num="725" count="0" type="stmt"/>
        <line num="733" count="0" type="stmt"/>
        <line num="753" count="0" type="cond" truecount="0" falsecount="2"/>
        <line num="754" count="0" type="stmt"/>
        <line num="757" count="0" type="stmt"/>
        <line num="759" count="0" type="stmt"/>
        <line num="760" count="0" type="stmt"/>
        <line num="761" count="0" type="stmt"/>
        <line num="768" count="0" type="stmt"/>
        <line num="769" count="0" type="stmt"/>
        <line num="775" count="0" type="stmt"/>
        <line num="777" count="0" type="stmt"/>
        <line num="778" count="0" type="stmt"/>
        <line num="779" count="0" type="stmt"/>
      </file>
      <file name="office365calendar.ts" path="/Users/jsfillman/Documents/repos/faros-ai/airbyte-connectors/sources/office365calendar-source/src/office365calendar.ts">
        <metrics statements="6" coveredstatements="6" conditionals="0" coveredconditionals="0" methods="5" coveredmethods="1"/>
        <line num="4" count="41" type="stmt"/>
        <line num="5" count="3" type="stmt"/>
        <line num="19" count="3" type="stmt"/>
        <line num="20" count="3" type="stmt"/>
        <line num="21" count="3" type="stmt"/>
        <line num="22" count="3" type="stmt"/>
      </file>
    </package>
    <package name="src.architecture">
      <metrics statements="163" coveredstatements="53" conditionals="54" coveredconditionals="15" methods="43" coveredmethods="9"/>
      <file name="composition.ts" path="/Users/jsfillman/Documents/repos/faros-ai/airbyte-connectors/sources/office365calendar-source/src/architecture/composition.ts">
        <metrics statements="163" coveredstatements="53" conditionals="54" coveredconditionals="15" methods="43" coveredmethods="9"/>
        <line num="37" count="1" type="stmt"/>
        <line num="197" count="1" type="stmt"/>
        <line num="204" count="23" type="cond" truecount="2" falsecount="0"/>
        <line num="205" count="1" type="stmt"/>
        <line num="207" count="22" type="cond" truecount="2" falsecount="0"/>
        <line num="208" count="1" type="stmt"/>
        <line num="210" count="21" type="cond" truecount="2" falsecount="0"/>
        <line num="211" count="1" type="stmt"/>
        <line num="213" count="20" type="cond" truecount="2" falsecount="0"/>
        <line num="214" count="1" type="stmt"/>
        <line num="217" count="19" type="stmt"/>
        <line num="225" count="19" type="stmt"/>
        <line num="231" count="1" type="stmt"/>
        <line num="232" count="18" type="stmt"/>
        <line num="234" count="0" type="stmt"/>
        <line num="235" count="0" type="stmt"/>
        <line num="236" count="0" type="cond" truecount="0" falsecount="2"/>
        <line num="237" count="0" type="stmt"/>
        <line num="238" count="0" type="stmt"/>
        <line num="239" count="0" type="stmt"/>
        <line num="241" count="0" type="stmt"/>
        <line num="242" count="0" type="stmt"/>
        <line num="245" count="0" type="stmt"/>
        <line num="246" count="0" type="cond" truecount="0" falsecount="6"/>
        <line num="249" count="0" type="stmt"/>
        <line num="258" count="0" type="stmt"/>
        <line num="259" count="0" type="stmt"/>
        <line num="262" count="0" type="stmt"/>
        <line num="270" count="0" type="stmt"/>
        <line num="271" count="0" type="stmt"/>
        <line num="272" count="0" type="cond" truecount="0" falsecount="2"/>
        <line num="273" count="0" type="stmt"/>
        <line num="274" count="0" type="stmt"/>
        <line num="275" count="0" type="stmt"/>
        <line num="279" count="0" type="stmt"/>
        <line num="282" count="0" type="stmt"/>
        <line num="289" count="0" type="stmt"/>
        <line num="291" count="0" type="stmt"/>
        <line num="300" count="18" type="stmt"/>
        <line num="306" count="1" type="stmt"/>
        <line num="307" count="2" type="stmt"/>
        <line num="309" count="0" type="stmt"/>
        <line num="310" count="0" type="stmt"/>
        <line num="311" count="0" type="cond" truecount="0" falsecount="2"/>
        <line num="312" count="0" type="stmt"/>
        <line num="313" count="0" type="stmt"/>
        <line num="314" count="0" type="stmt"/>
        <line num="316" count="0" type="stmt"/>
        <line num="317" count="0" type="stmt"/>
        <line num="320" count="0" type="stmt"/>
        <line num="326" count="0" type="stmt"/>
        <line num="335" count="0" type="stmt"/>
        <line num="336" count="0" type="stmt"/>
        <line num="341" count="0" type="stmt"/>
        <line num="342" count="0" type="stmt"/>
        <line num="349" count="0" type="stmt"/>
        <line num="357" count="0" type="stmt"/>
        <line num="358" count="0" type="stmt"/>
        <line num="359" count="0" type="cond" truecount="0" falsecount="2"/>
        <line num="360" count="0" type="stmt"/>
        <line num="361" count="0" type="stmt"/>
        <line num="362" count="0" type="stmt"/>
        <line num="366" count="0" type="stmt"/>
        <line num="372" count="0" type="stmt"/>
        <line num="381" count="0" type="stmt"/>
        <line num="382" count="0" type="stmt"/>
        <line num="387" count="0" type="stmt"/>
        <line num="388" count="0" type="stmt"/>
        <line num="395" count="0" type="stmt"/>
        <line num="409" count="0" type="stmt"/>
        <line num="413" count="2" type="stmt"/>
        <line num="419" count="1" type="stmt"/>
        <line num="423" count="2" type="stmt"/>
        <line num="426" count="2" type="stmt"/>
        <line num="427" count="4" type="cond" truecount="1" falsecount="1"/>
        <line num="428" count="4" type="stmt"/>
        <line num="431" count="0" type="stmt"/>
        <line num="432" count="0" type="stmt"/>
        <line num="433" count="0" type="stmt"/>
        <line num="436" count="0" type="cond" truecount="0" falsecount="4"/>
        <line num="437" count="0" type="stmt"/>
        <line num="441" count="0" type="cond" truecount="0" falsecount="5"/>
        <line num="442" count="0" type="stmt"/>
        <line num="443" count="0" type="stmt"/>
        <line num="444" count="0" type="stmt"/>
        <line num="447" count="0" type="cond" truecount="0" falsecount="5"/>
        <line num="448" count="0" type="stmt"/>
        <line num="449" count="0" type="stmt"/>
        <line num="450" count="0" type="stmt"/>
        <line num="454" count="0" type="stmt"/>
        <line num="456" count="0" type="stmt"/>
        <line num="461" count="0" type="cond" truecount="0" falsecount="2"/>
        <line num="462" count="0" type="stmt"/>
        <line num="463" count="0" type="stmt"/>
        <line num="469" count="0" type="stmt"/>
        <line num="474" count="2" type="stmt"/>
        <line num="480" count="1" type="stmt"/>
        <line num="484" count="5" type="stmt"/>
        <line num="486" count="5" type="stmt"/>
        <line num="487" count="10" type="cond" truecount="1" falsecount="1"/>
        <line num="488" count="10" type="stmt"/>
        <line num="489" count="1" type="stmt"/>
        <line num="491" count="1" type="stmt"/>
        <line num="492" count="1" type="stmt"/>
        <line num="495" count="1" type="cond" truecount="3" falsecount="1"/>
        <line num="496" count="1" type="stmt"/>
        <line num="499" count="0" type="stmt"/>
        <line num="501" count="1" type="stmt"/>
        <line num="507" count="5" type="stmt"/>
        <line num="513" count="1" type="stmt"/>
        <line num="517" count="2" type="stmt"/>
        <line num="519" count="2" type="stmt"/>
        <line num="520" count="4" type="cond" truecount="1" falsecount="1"/>
        <line num="521" count="4" type="stmt"/>
        <line num="522" count="0" type="stmt"/>
        <line num="523" count="0" type="stmt"/>
        <line num="525" count="0" type="stmt"/>
        <line num="526" count="0" type="stmt"/>
        <line num="527" count="0" type="stmt"/>
        <line num="529" count="0" type="stmt"/>
        <line num="530" count="0" type="stmt"/>
        <line num="532" count="0" type="stmt"/>
        <line num="533" count="0" type="stmt"/>
        <line num="534" count="0" type="stmt"/>
        <line num="540" count="2" type="stmt"/>
        <line num="546" count="1" type="stmt"/>
        <line num="550" count="1" type="stmt"/>
        <line num="552" count="1" type="stmt"/>
        <line num="553" count="2" type="cond" truecount="1" falsecount="1"/>
        <line num="554" count="2" type="stmt"/>
        <line num="555" count="0" type="stmt"/>
        <line num="557" count="0" type="stmt"/>
        <line num="558" count="0" type="stmt"/>
        <line num="559" count="0" type="stmt"/>
        <line num="564" count="0" type="stmt"/>
        <line num="566" count="0" type="stmt"/>
        <line num="568" count="0" type="stmt"/>
        <line num="574" count="1" type="stmt"/>
        <line num="580" count="1" type="stmt"/>
        <line num="584" count="1" type="stmt"/>
        <line num="586" count="0" type="stmt"/>
        <line num="587" count="0" type="cond" truecount="0" falsecount="2"/>
        <line num="588" count="0" type="stmt"/>
        <line num="590" count="0" type="stmt"/>
        <line num="591" count="0" type="stmt"/>
        <line num="594" count="0" type="stmt"/>
        <line num="600" count="1" type="stmt"/>
        <line num="606" count="1" type="stmt"/>
        <line num="607" count="0" type="stmt"/>
        <line num="608" count="0" type="stmt"/>
        <line num="617" count="1" type="stmt"/>
        <line num="618" count="0" type="stmt"/>
        <line num="629" count="0" type="stmt"/>
        <line num="630" count="0" type="stmt"/>
        <line num="631" count="0" type="stmt"/>
        <line num="634" count="0" type="cond" truecount="0" falsecount="2"/>
        <line num="635" count="0" type="stmt"/>
        <line num="638" count="0" type="stmt"/>
        <line num="649" count="0" type="stmt"/>
        <line num="650" count="0" type="stmt"/>
        <line num="651" count="0" type="stmt"/>
        <line num="652" count="0" type="stmt"/>
        <line num="654" count="0" type="stmt"/>
      </file>
    </package>
    <package name="src.domain">
      <metrics statements="246" coveredstatements="198" conditionals="160" coveredconditionals="112" methods="77" coveredmethods="55"/>
      <file name="events.ts" path="/Users/jsfillman/Documents/repos/faros-ai/airbyte-connectors/sources/office365calendar-source/src/domain/events.ts">
        <metrics statements="130" coveredstatements="108" conditionals="87" coveredconditionals="55" methods="32" coveredmethods="21"/>
        <line num="37" count="2" type="cond" truecount="2" falsecount="0"/>
        <line num="38" count="2" type="stmt"/>
        <line num="39" count="2" type="stmt"/>
        <line num="45" count="2" type="cond" truecount="2" falsecount="0"/>
        <line num="46" count="2" type="stmt"/>
        <line num="47" count="2" type="stmt"/>
        <line num="48" count="2" type="stmt"/>
        <line num="54" count="2" type="cond" truecount="2" falsecount="0"/>
        <line num="55" count="2" type="stmt"/>
        <line num="56" count="2" type="stmt"/>
        <line num="57" count="2" type="stmt"/>
        <line num="58" count="2" type="stmt"/>
        <line num="143" count="2" type="stmt"/>
        <line num="150" count="2" type="stmt"/>
        <line num="160" count="7" type="cond" truecount="2" falsecount="0"/>
        <line num="161" count="1" type="stmt"/>
        <line num="164" count="6" type="stmt"/>
        <line num="165" count="6" type="stmt"/>
        <line num="168" count="6" type="stmt"/>
        <line num="172" count="1" type="stmt"/>
        <line num="176" count="0" type="stmt"/>
        <line num="200" count="4" type="cond" truecount="2" falsecount="0"/>
        <line num="201" count="1" type="stmt"/>
        <line num="204" count="3" type="cond" truecount="1" falsecount="1"/>
        <line num="205" count="0" type="stmt"/>
        <line num="208" count="3" type="stmt"/>
        <line num="209" count="3" type="stmt"/>
        <line num="210" count="3" type="stmt"/>
        <line num="211" count="3" type="stmt"/>
        <line num="212" count="3" type="stmt"/>
        <line num="213" count="3" type="stmt"/>
        <line num="216" count="3" type="stmt"/>
        <line num="224" count="15" type="stmt"/>
        <line num="243" count="15" type="cond" truecount="2" falsecount="0"/>
        <line num="244" count="1" type="stmt"/>
        <line num="247" count="14" type="cond" truecount="4" falsecount="0"/>
        <line num="248" count="1" type="stmt"/>
        <line num="251" count="13" type="stmt"/>
        <line num="252" count="13" type="stmt"/>
        <line num="253" count="13" type="stmt"/>
        <line num="254" count="13" type="stmt"/>
        <line num="255" count="13" type="stmt"/>
        <line num="256" count="13" type="stmt"/>
        <line num="257" count="13" type="stmt"/>
        <line num="258" count="13" type="stmt"/>
        <line num="259" count="13" type="stmt"/>
        <line num="260" count="13" type="cond" truecount="4" falsecount="0"/>
        <line num="261" count="13" type="cond" truecount="4" falsecount="0"/>
        <line num="262" count="13" type="stmt"/>
        <line num="263" count="13" type="stmt"/>
        <line num="264" count="13" type="cond" truecount="1" falsecount="1"/>
        <line num="265" count="13" type="stmt"/>
        <line num="268" count="13" type="stmt"/>
        <line num="276" count="8" type="stmt"/>
        <line num="289" count="8" type="cond" truecount="2" falsecount="0"/>
        <line num="290" count="1" type="stmt"/>
        <line num="293" count="7" type="cond" truecount="1" falsecount="1"/>
        <line num="294" count="0" type="stmt"/>
        <line num="297" count="7" type="stmt"/>
        <line num="298" count="7" type="stmt"/>
        <line num="299" count="7" type="stmt"/>
        <line num="300" count="7" type="stmt"/>
        <line num="301" count="7" type="stmt"/>
        <line num="302" count="7" type="cond" truecount="4" falsecount="0"/>
        <line num="303" count="7" type="stmt"/>
        <line num="304" count="7" type="stmt"/>
        <line num="305" count="7" type="stmt"/>
        <line num="308" count="7" type="stmt"/>
        <line num="315" count="2" type="stmt"/>
        <line num="319" count="7" type="stmt"/>
        <line num="325" count="2" type="stmt"/>
        <line num="333" count="4" type="stmt"/>
        <line num="339" count="2" type="stmt"/>
        <line num="342" count="15" type="stmt"/>
        <line num="348" count="2" type="stmt"/>
        <line num="351" count="8" type="stmt"/>
        <line num="357" count="2" type="stmt"/>
        <line num="358" count="12" type="stmt"/>
        <line num="364" count="2" type="stmt"/>
        <line num="365" count="5" type="stmt"/>
        <line num="371" count="2" type="stmt"/>
        <line num="375" count="1" type="stmt"/>
        <line num="381" count="2" type="stmt"/>
        <line num="382" count="1" type="stmt"/>
        <line num="388" count="2" type="stmt"/>
        <line num="389" count="4" type="cond" truecount="2" falsecount="0"/>
        <line num="395" count="2" type="stmt"/>
        <line num="396" count="2" type="stmt"/>
        <line num="403" count="2" type="cond" truecount="2" falsecount="0"/>
        <line num="404" count="1" type="stmt"/>
        <line num="415" count="1" type="stmt"/>
        <line num="433" count="1" type="stmt"/>
        <line num="454" count="2" type="stmt"/>
        <line num="455" count="2" type="stmt"/>
        <line num="457" count="2" type="stmt"/>
        <line num="458" count="2" type="stmt"/>
        <line num="459" count="2" type="stmt"/>
        <line num="461" count="2" type="cond" truecount="2" falsecount="0"/>
        <line num="462" count="1" type="stmt"/>
        <line num="466" count="1" type="stmt"/>
        <line num="471" count="1" type="stmt"/>
        <line num="472" count="1" type="stmt"/>
        <line num="482" count="1" type="stmt"/>
        <line num="500" count="1" type="stmt"/>
        <line num="501" count="1" type="cond" truecount="1" falsecount="1"/>
        <line num="505" count="1" type="cond" truecount="1" falsecount="1"/>
        <line num="510" count="1" type="stmt"/>
        <line num="527" count="2" type="stmt"/>
        <line num="534" count="0" type="cond" truecount="0" falsecount="3"/>
        <line num="536" count="0" type="stmt"/>
        <line num="538" count="0" type="stmt"/>
        <line num="541" count="0" type="stmt"/>
        <line num="542" count="0" type="stmt"/>
        <line num="549" count="2" type="stmt"/>
        <line num="550" count="0" type="stmt"/>
        <line num="551" count="0" type="stmt"/>
        <line num="552" count="0" type="cond" truecount="0" falsecount="2"/>
        <line num="559" count="2" type="stmt"/>
        <line num="564" count="0" type="stmt"/>
        <line num="566" count="0" type="cond" truecount="0" falsecount="4"/>
        <line num="570" count="0" type="cond" truecount="0" falsecount="4"/>
        <line num="571" count="0" type="cond" truecount="0" falsecount="4"/>
        <line num="574" count="0" type="stmt"/>
        <line num="582" count="2" type="stmt"/>
        <line num="583" count="0" type="stmt"/>
        <line num="585" count="0" type="stmt"/>
        <line num="586" count="0" type="cond" truecount="0" falsecount="2"/>
        <line num="587" count="0" type="stmt"/>
        <line num="588" count="0" type="stmt"/>
        <line num="593" count="0" type="stmt"/>
      </file>
      <file name="index.ts" path="/Users/jsfillman/Documents/repos/faros-ai/airbyte-connectors/sources/office365calendar-source/src/domain/index.ts">
        <metrics statements="4" coveredstatements="4" conditionals="0" coveredconditionals="0" methods="2" coveredmethods="1"/>
        <line num="11" count="1" type="stmt"/>
        <line num="12" count="1" type="stmt"/>
        <line num="15" count="4" type="stmt"/>
        <line num="16" count="1" type="stmt"/>
      </file>
      <file name="types.ts" path="/Users/jsfillman/Documents/repos/faros-ai/airbyte-connectors/sources/office365calendar-source/src/domain/types.ts">
        <metrics statements="112" coveredstatements="86" conditionals="73" coveredconditionals="57" methods="43" coveredmethods="33"/>
        <line num="27" count="4" type="stmt"/>
        <line num="28" count="4" type="stmt"/>
        <line num="29" count="4" type="stmt"/>
        <line num="30" count="4" type="stmt"/>
        <line num="31" count="4" type="stmt"/>
        <line num="32" count="4" type="stmt"/>
        <line num="49" count="4" type="stmt"/>
        <line num="54" count="4" type="stmt"/>
        <line num="119" count="27" type="cond" truecount="1" falsecount="1"/>
        <line num="120" count="0" type="stmt"/>
        <line num="123" count="27" type="stmt"/>
        <line num="124" count="27" type="cond" truecount="2" falsecount="0"/>
        <line num="125" count="1" type="stmt"/>
        <line num="128" count="26" type="cond" truecount="2" falsecount="0"/>
        <line num="129" count="14" type="stmt"/>
        <line num="132" count="12" type="stmt"/>
        <line num="133" count="12" type="stmt"/>
        <line num="136" count="12" type="stmt"/>
        <line num="140" count="1" type="stmt"/>
        <line num="144" count="0" type="stmt"/>
        <line num="149" count="0" type="stmt"/>
        <line num="150" count="0" type="stmt"/>
        <line num="151" count="0" type="stmt"/>
        <line num="152" count="0" type="stmt"/>
        <line num="153" count="0" type="stmt"/>
        <line num="155" count="0" type="stmt"/>
        <line num="159" count="6" type="stmt"/>
        <line num="172" count="2204" type="cond" truecount="2" falsecount="0"/>
        <line num="173" count="2" type="stmt"/>
        <line num="176" count="2202" type="stmt"/>
        <line num="177" count="2202" type="cond" truecount="2" falsecount="0"/>
        <line num="178" count="5" type="stmt"/>
        <line num="181" count="2197" type="cond" truecount="2" falsecount="0"/>
        <line num="182" count="1" type="stmt"/>
        <line num="185" count="2196" type="stmt"/>
        <line num="186" count="2196" type="stmt"/>
        <line num="189" count="2196" type="stmt"/>
        <line num="193" count="1185" type="stmt"/>
        <line num="197" count="110" type="stmt"/>
        <line num="202" count="137" type="stmt"/>
        <line num="203" count="137" type="stmt"/>
        <line num="204" count="1582" type="stmt"/>
        <line num="205" count="1582" type="stmt"/>
        <line num="206" count="1582" type="stmt"/>
        <line num="208" count="137" type="stmt"/>
        <line num="222" count="87" type="cond" truecount="3" falsecount="1"/>
        <line num="223" count="0" type="stmt"/>
        <line num="226" count="87" type="cond" truecount="2" falsecount="0"/>
        <line num="227" count="1" type="stmt"/>
        <line num="230" count="86" type="cond" truecount="1" falsecount="1"/>
        <line num="231" count="0" type="stmt"/>
        <line num="234" count="86" type="stmt"/>
        <line num="235" count="86" type="stmt"/>
        <line num="238" count="86" type="stmt"/>
        <line num="242" count="37" type="stmt"/>
        <line num="246" count="0" type="stmt"/>
        <line num="250" count="0" type="stmt"/>
        <line num="254" count="4" type="stmt"/>
        <line num="258" count="2" type="stmt"/>
        <line num="262" count="44" type="stmt"/>
        <line num="266" count="50" type="stmt"/>
        <line num="276" count="4" type="stmt"/>
        <line num="277" count="26" type="stmt"/>
        <line num="286" count="4" type="stmt"/>
        <line num="287" count="1" type="stmt"/>
        <line num="296" count="4" type="stmt"/>
        <line num="297" count="1040" type="stmt"/>
        <line num="306" count="4" type="stmt"/>
        <line num="307" count="1140" type="stmt"/>
        <line num="316" count="4" type="stmt"/>
        <line num="317" count="24" type="stmt"/>
        <line num="326" count="4" type="stmt"/>
        <line num="327" count="87" type="stmt"/>
        <line num="333" count="4" type="cond" truecount="2" falsecount="0"/>
        <line num="334" count="4" type="stmt"/>
        <line num="335" count="4" type="cond" truecount="4" falsecount="0"/>
        <line num="342" count="4" type="cond" truecount="2" falsecount="0"/>
        <line num="343" count="4" type="stmt"/>
        <line num="344" count="2" type="cond" truecount="4" falsecount="0"/>
        <line num="351" count="4" type="cond" truecount="2" falsecount="0"/>
        <line num="352" count="4" type="stmt"/>
        <line num="353" count="2" type="cond" truecount="4" falsecount="0"/>
        <line num="360" count="4" type="cond" truecount="2" falsecount="0"/>
        <line num="361" count="4" type="stmt"/>
        <line num="362" count="2" type="cond" truecount="4" falsecount="0"/>
        <line num="369" count="4" type="cond" truecount="2" falsecount="0"/>
        <line num="370" count="4" type="stmt"/>
        <line num="371" count="2" type="cond" truecount="4" falsecount="0"/>
        <line num="378" count="4" type="cond" truecount="2" falsecount="0"/>
        <line num="379" count="4" type="stmt"/>
        <line num="380" count="2" type="cond" truecount="4" falsecount="0"/>
        <line num="390" count="4" type="cond" truecount="2" falsecount="0"/>
        <line num="394" count="4" type="stmt"/>
        <line num="395" count="0" type="stmt"/>
        <line num="401" count="4" type="stmt"/>
        <line num="402" count="0" type="stmt"/>
        <line num="408" count="4" type="stmt"/>
        <line num="409" count="0" type="stmt"/>
        <line num="416" count="4" type="cond" truecount="2" falsecount="0"/>
        <line num="420" count="4" type="stmt"/>
        <line num="423" count="0" type="cond" truecount="0" falsecount="6"/>
        <line num="424" count="0" type="stmt"/>
        <line num="427" count="0" type="stmt"/>
        <line num="436" count="4" type="stmt"/>
        <line num="439" count="0" type="cond" truecount="0" falsecount="7"/>
        <line num="441" count="0" type="stmt"/>
        <line num="443" count="0" type="stmt"/>
        <line num="445" count="0" type="stmt"/>
        <line num="447" count="0" type="stmt"/>
        <line num="449" count="0" type="stmt"/>
        <line num="451" count="0" type="stmt"/>
        <line num="453" count="0" type="stmt"/>
      </file>
    </package>
    <package name="src.patterns">
      <metrics statements="214" coveredstatements="128" conditionals="76" coveredconditionals="31" methods="85" coveredmethods="64"/>
      <file name="option.ts" path="/Users/jsfillman/Documents/repos/faros-ai/airbyte-connectors/sources/office365calendar-source/src/patterns/option.ts">
        <metrics statements="126" coveredstatements="75" conditionals="48" coveredconditionals="21" methods="49" coveredmethods="38"/>
        <line num="20" count="2" type="stmt"/>
        <line num="28" count="20051" type="stmt"/>
        <line num="37" count="21" type="stmt"/>
        <line num="48" count="11" type="cond" truecount="2" falsecount="0"/>
        <line num="59" count="2" type="stmt"/>
        <line num="61" count="2" type="stmt"/>
        <line num="62" count="5" type="cond" truecount="2" falsecount="0"/>
        <line num="63" count="1" type="stmt"/>
        <line num="65" count="4" type="stmt"/>
        <line num="68" count="1" type="stmt"/>
        <line num="84" count="2" type="stmt"/>
        <line num="86" count="2" type="stmt"/>
        <line num="87" count="5" type="stmt"/>
        <line num="88" count="5" type="cond" truecount="2" falsecount="0"/>
        <line num="89" count="1" type="stmt"/>
        <line num="91" count="4" type="stmt"/>
        <line num="94" count="1" type="stmt"/>
        <line num="203" count="20051" type="stmt"/>
        <line num="205" count="20051" type="cond" truecount="1" falsecount="1"/>
        <line num="215" count="3" type="stmt"/>
        <line num="219" count="9" type="stmt"/>
        <line num="223" count="20006" type="stmt"/>
        <line num="227" count="12" type="stmt"/>
        <line num="228" count="12" type="stmt"/>
        <line num="230" count="0" type="stmt"/>
        <line num="235" count="10003" type="stmt"/>
        <line num="236" count="10003" type="cond" truecount="2" falsecount="0"/>
        <line num="238" count="0" type="stmt"/>
        <line num="243" count="4" type="stmt"/>
        <line num="244" count="4" type="stmt"/>
        <line num="246" count="0" type="stmt"/>
        <line num="251" count="2" type="stmt"/>
        <line num="252" count="2" type="stmt"/>
        <line num="254" count="0" type="stmt"/>
        <line num="259" count="6" type="stmt"/>
        <line num="263" count="14" type="stmt"/>
        <line num="267" count="1" type="stmt"/>
        <line num="271" count="1" type="stmt"/>
        <line num="275" count="1" type="stmt"/>
        <line num="284" count="20007" type="stmt"/>
        <line num="286" count="20007" type="stmt"/>
        <line num="289" count="20007" type="stmt"/>
        <line num="290" count="20007" type="stmt"/>
        <line num="292" count="20007" type="stmt"/>
        <line num="296" count="20006" type="cond" truecount="1" falsecount="1"/>
        <line num="298" count="20006" type="stmt"/>
        <line num="299" count="20006" type="stmt"/>
        <line num="301" count="0" type="stmt"/>
        <line num="303" count="20006" type="stmt"/>
        <line num="307" count="10000" type="stmt"/>
        <line num="308" count="10000" type="stmt"/>
        <line num="312" count="0" type="stmt"/>
        <line num="313" count="0" type="stmt"/>
        <line num="318" count="1" type="stmt"/>
        <line num="319" count="1" type="stmt"/>
        <line num="320" count="1" type="stmt"/>
        <line num="325" count="10000" type="stmt"/>
        <line num="326" count="10000" type="cond" truecount="1" falsecount="1"/>
        <line num="327" count="0" type="stmt"/>
        <line num="329" count="10000" type="stmt"/>
        <line num="330" count="10000" type="stmt"/>
        <line num="332" count="0" type="stmt"/>
        <line num="337" count="0" type="stmt"/>
        <line num="338" count="0" type="cond" truecount="0" falsecount="2"/>
        <line num="339" count="0" type="stmt"/>
        <line num="341" count="0" type="stmt"/>
        <line num="342" count="0" type="cond" truecount="0" falsecount="2"/>
        <line num="344" count="0" type="stmt"/>
        <line num="349" count="0" type="stmt"/>
        <line num="350" count="0" type="cond" truecount="0" falsecount="2"/>
        <line num="351" count="0" type="stmt"/>
        <line num="353" count="0" type="stmt"/>
        <line num="354" count="0" type="stmt"/>
        <line num="356" count="0" type="stmt"/>
        <line num="361" count="0" type="stmt"/>
        <line num="362" count="0" type="cond" truecount="0" falsecount="2"/>
        <line num="363" count="0" type="stmt"/>
        <line num="365" count="0" type="stmt"/>
        <line num="366" count="0" type="stmt"/>
        <line num="368" count="0" type="stmt"/>
        <line num="373" count="3" type="stmt"/>
        <line num="374" count="3" type="cond" truecount="1" falsecount="1"/>
        <line num="375" count="0" type="stmt"/>
        <line num="377" count="3" type="stmt"/>
        <line num="381" count="3" type="stmt"/>
        <line num="382" count="3" type="cond" truecount="1" falsecount="1"/>
        <line num="383" count="0" type="cond" truecount="0" falsecount="2"/>
        <line num="385" count="3" type="stmt"/>
        <line num="389" count="0" type="stmt"/>
        <line num="390" count="0" type="cond" truecount="0" falsecount="2"/>
        <line num="391" count="0" type="stmt"/>
        <line num="393" count="0" type="stmt"/>
        <line num="397" count="0" type="stmt"/>
        <line num="398" count="0" type="cond" truecount="0" falsecount="2"/>
        <line num="399" count="0" type="stmt"/>
        <line num="401" count="0" type="stmt"/>
        <line num="405" count="0" type="stmt"/>
        <line num="406" count="0" type="cond" truecount="0" falsecount="2"/>
        <line num="407" count="0" type="stmt"/>
        <line num="409" count="0" type="stmt"/>
        <line num="419" count="1" type="stmt"/>
        <line num="423" count="11" type="stmt"/>
        <line num="427" count="1" type="stmt"/>
        <line num="431" count="1" type="stmt"/>
        <line num="435" count="1" type="stmt"/>
        <line num="439" count="2" type="stmt"/>
        <line num="443" count="1" type="stmt"/>
        <line num="447" count="1" type="stmt"/>
        <line num="451" count="4" type="cond" truecount="2" falsecount="0"/>
        <line num="455" count="1" type="stmt"/>
        <line num="459" count="1" type="stmt"/>
        <line num="463" count="1" type="stmt"/>
        <line num="473" count="2" type="stmt"/>
        <line num="474" count="0" type="stmt"/>
        <line num="483" count="2" type="stmt"/>
        <line num="484" count="0" type="stmt"/>
        <line num="501" count="2" type="stmt"/>
        <line num="502" count="0" type="stmt"/>
        <line num="518" count="2" type="stmt"/>
        <line num="519" count="0" type="stmt"/>
        <line num="521" count="0" type="stmt"/>
        <line num="522" count="0" type="cond" truecount="0" falsecount="4"/>
        <line num="523" count="0" type="cond" truecount="0" falsecount="2"/>
        <line num="524" count="0" type="stmt"/>
        <line num="526" count="0" type="stmt"/>
        <line num="529" count="0" type="stmt"/>
      </file>
      <file name="result.ts" path="/Users/jsfillman/Documents/repos/faros-ai/airbyte-connectors/sources/office365calendar-source/src/patterns/result.ts">
        <metrics statements="88" coveredstatements="53" conditionals="28" coveredconditionals="10" methods="36" coveredmethods="26"/>
        <line num="26" count="2" type="stmt"/>
        <line num="34" count="20032" type="stmt"/>
        <line num="44" count="11" type="stmt"/>
        <line num="55" count="2" type="stmt"/>
        <line num="57" count="2" type="stmt"/>
        <line num="58" count="5" type="cond" truecount="2" falsecount="0"/>
        <line num="59" count="1" type="stmt"/>
        <line num="61" count="4" type="stmt"/>
        <line num="64" count="1" type="stmt"/>
        <line num="136" count="20032" type="stmt"/>
        <line num="137" count="20032" type="stmt"/>
        <line num="141" count="2" type="stmt"/>
        <line num="145" count="5" type="stmt"/>
        <line num="150" count="20006" type="stmt"/>
        <line num="154" count="0" type="stmt"/>
        <line num="158" count="9" type="stmt"/>
        <line num="159" count="9" type="stmt"/>
        <line num="161" count="0" type="stmt"/>
        <line num="166" count="10" type="stmt"/>
        <line num="170" count="1" type="stmt"/>
        <line num="174" count="1" type="stmt"/>
        <line num="183" count="20007" type="stmt"/>
        <line num="188" count="20007" type="stmt"/>
        <line num="189" count="20007" type="stmt"/>
        <line num="191" count="20007" type="stmt"/>
        <line num="195" count="20006" type="cond" truecount="1" falsecount="1"/>
        <line num="197" count="20006" type="stmt"/>
        <line num="198" count="20006" type="stmt"/>
        <line num="200" count="0" type="stmt"/>
        <line num="202" count="20006" type="stmt"/>
        <line num="206" count="0" type="stmt"/>
        <line num="207" count="0" type="stmt"/>
        <line num="211" count="0" type="stmt"/>
        <line num="212" count="0" type="stmt"/>
        <line num="217" count="1" type="stmt"/>
        <line num="218" count="1" type="stmt"/>
        <line num="219" count="1" type="stmt"/>
        <line num="224" count="0" type="stmt"/>
        <line num="225" count="0" type="cond" truecount="0" falsecount="2"/>
        <line num="226" count="0" type="stmt"/>
        <line num="228" count="0" type="stmt"/>
        <line num="232" count="10000" type="stmt"/>
        <line num="233" count="10000" type="cond" truecount="1" falsecount="1"/>
        <line num="234" count="0" type="stmt"/>
        <line num="236" count="10000" type="stmt"/>
        <line num="237" count="10000" type="stmt"/>
        <line num="239" count="0" type="stmt"/>
        <line num="244" count="10006" type="stmt"/>
        <line num="245" count="10006" type="cond" truecount="1" falsecount="1"/>
        <line num="246" count="0" type="stmt"/>
        <line num="248" count="10006" type="stmt"/>
        <line num="252" count="0" type="stmt"/>
        <line num="253" count="0" type="cond" truecount="0" falsecount="2"/>
        <line num="254" count="0" type="cond" truecount="0" falsecount="2"/>
        <line num="255" count="0" type="stmt"/>
        <line num="257" count="0" type="stmt"/>
        <line num="259" count="0" type="stmt"/>
        <line num="263" count="0" type="stmt"/>
        <line num="264" count="0" type="cond" truecount="0" falsecount="2"/>
        <line num="265" count="0" type="stmt"/>
        <line num="267" count="0" type="stmt"/>
        <line num="279" count="11" type="stmt"/>
        <line num="281" count="11" type="cond" truecount="2" falsecount="0"/>
        <line num="289" count="1" type="stmt"/>
        <line num="293" count="4" type="stmt"/>
        <line num="297" count="1" type="stmt"/>
        <line num="301" count="1" type="stmt"/>
        <line num="302" count="1" type="stmt"/>
        <line num="304" count="0" type="stmt"/>
        <line num="309" count="1" type="stmt"/>
        <line num="313" count="7" type="stmt"/>
        <line num="317" count="1" type="cond" truecount="1" falsecount="1"/>
        <line num="318" count="0" type="stmt"/>
        <line num="320" count="1" type="stmt"/>
        <line num="324" count="1" type="stmt"/>
        <line num="334" count="2" type="stmt"/>
        <line num="335" count="0" type="stmt"/>
        <line num="344" count="2" type="stmt"/>
        <line num="345" count="0" type="stmt"/>
        <line num="360" count="2" type="stmt"/>
        <line num="361" count="0" type="stmt"/>
        <line num="362" count="0" type="stmt"/>
        <line num="364" count="0" type="cond" truecount="0" falsecount="2"/>
        <line num="374" count="2" type="stmt"/>
        <line num="375" count="0" type="stmt"/>
        <line num="376" count="0" type="stmt"/>
        <line num="377" count="0" type="stmt"/>
        <line num="379" count="0" type="cond" truecount="0" falsecount="2"/>
      </file>
    </package>
    <package name="src.streams">
      <metrics statements="177" coveredstatements="14" conditionals="133" coveredconditionals="0" methods="30" coveredmethods="0"/>
      <file name="calendars.ts" path="/Users/jsfillman/Documents/repos/faros-ai/airbyte-connectors/sources/office365calendar-source/src/streams/calendars.ts">
        <metrics statements="59" coveredstatements="5" conditionals="27" coveredconditionals="0" methods="10" coveredmethods="0"/>
        <line num="1" count="2" type="stmt"/>
        <line num="8" count="2" type="stmt"/>
        <line num="10" count="2" type="stmt"/>
        <line num="11" count="2" type="stmt"/>
        <line num="74" count="2" type="stmt"/>
        <line num="84" count="0" type="stmt"/>
        <line num="87" count="0" type="stmt"/>
        <line num="88" count="0" type="stmt"/>
        <line num="97" count="0" type="stmt"/>
        <line num="106" count="0" type="stmt"/>
        <line num="115" count="0" type="stmt"/>
        <line num="124" count="0" type="stmt"/>
        <line num="153" count="0" type="stmt"/>
        <line num="155" count="0" type="stmt"/>
        <line num="157" count="0" type="stmt"/>
        <line num="158" count="0" type="stmt"/>
        <line num="160" count="0" type="cond" truecount="0" falsecount="2"/>
        <line num="162" count="0" type="stmt"/>
        <line num="163" count="0" type="stmt"/>
        <line num="164" count="0" type="stmt"/>
        <line num="168" count="0" type="stmt"/>
        <line num="169" count="0" type="stmt"/>
        <line num="170" count="0" type="stmt"/>
        <line num="175" count="0" type="cond" truecount="0" falsecount="4"/>
        <line num="177" count="0" type="stmt"/>
        <line num="180" count="0" type="stmt"/>
        <line num="181" count="0" type="stmt"/>
        <line num="184" count="0" type="stmt"/>
        <line num="196" count="0" type="stmt"/>
        <line num="197" count="0" type="stmt"/>
        <line num="199" count="0" type="stmt"/>
        <line num="200" count="0" type="stmt"/>
        <line num="201" count="0" type="stmt"/>
        <line num="203" count="0" type="stmt"/>
        <line num="204" count="0" type="stmt"/>
        <line num="207" count="0" type="cond" truecount="0" falsecount="2"/>
        <line num="208" count="0" type="stmt"/>
        <line num="212" count="0" type="stmt"/>
        <line num="213" count="0" type="stmt"/>
        <line num="226" count="0" type="stmt"/>
        <line num="228" count="0" type="stmt"/>
        <line num="229" count="0" type="cond" truecount="0" falsecount="2"/>
        <line num="231" count="0" type="stmt"/>
        <line num="233" count="0" type="stmt"/>
        <line num="234" count="0" type="stmt"/>
        <line num="235" count="0" type="stmt"/>
        <line num="236" count="0" type="stmt"/>
        <line num="240" count="0" type="stmt"/>
        <line num="244" count="0" type="stmt"/>
        <line num="248" count="0" type="stmt"/>
        <line num="249" count="0" type="stmt"/>
        <line num="271" count="0" type="stmt"/>
        <line num="278" count="0" type="cond" truecount="0" falsecount="2"/>
        <line num="281" count="0" type="stmt"/>
        <line num="318" count="0" type="cond" truecount="0" falsecount="5"/>
        <line num="319" count="0" type="stmt"/>
        <line num="320" count="0" type="cond" truecount="0" falsecount="4"/>
        <line num="321" count="0" type="stmt"/>
        <line num="323" count="0" type="stmt"/>
      </file>
      <file name="events.ts" path="/Users/jsfillman/Documents/repos/faros-ai/airbyte-connectors/sources/office365calendar-source/src/streams/events.ts">
        <metrics statements="114" coveredstatements="5" conditionals="106" coveredconditionals="0" methods="18" coveredmethods="0"/>
        <line num="1" count="2" type="stmt"/>
        <line num="8" count="2" type="stmt"/>
        <line num="10" count="2" type="stmt"/>
        <line num="11" count="2" type="stmt"/>
        <line num="165" count="2" type="stmt"/>
        <line num="175" count="0" type="stmt"/>
        <line num="178" count="0" type="stmt"/>
        <line num="179" count="0" type="stmt"/>
        <line num="188" count="0" type="stmt"/>
        <line num="197" count="0" type="stmt"/>
        <line num="206" count="0" type="stmt"/>
        <line num="215" count="0" type="stmt"/>
        <line num="224" count="0" type="stmt"/>
        <line num="243" count="0" type="stmt"/>
        <line num="244" count="0" type="cond" truecount="0" falsecount="4"/>
        <line num="246" count="0" type="stmt"/>
        <line num="247" count="0" type="stmt"/>
        <line num="251" count="0" type="stmt"/>
        <line num="253" count="0" type="stmt"/>
        <line num="254" count="0" type="cond" truecount="0" falsecount="2"/>
        <line num="256" count="0" type="stmt"/>
        <line num="257" count="0" type="stmt"/>
        <line num="258" count="0" type="stmt"/>
        <line num="259" count="0" type="stmt"/>
        <line num="262" count="0" type="stmt"/>
        <line num="266" count="0" type="stmt"/>
        <line num="271" count="0" type="stmt"/>
        <line num="272" count="0" type="stmt"/>
        <line num="276" count="0" type="stmt"/>
        <line num="277" count="0" type="stmt"/>
        <line num="281" count="0" type="stmt"/>
        <line num="282" count="0" type="stmt"/>
        <line num="312" count="0" type="cond" truecount="0" falsecount="2"/>
        <line num="313" count="0" type="stmt"/>
        <line num="314" count="0" type="stmt"/>
        <line num="317" count="0" type="stmt"/>
        <line num="318" count="0" type="cond" truecount="0" falsecount="2"/>
        <line num="319" count="0" type="cond" truecount="0" falsecount="2"/>
        <line num="320" count="0" type="stmt"/>
        <line num="324" count="0" type="stmt"/>
        <line num="325" count="0" type="stmt"/>
        <line num="326" count="0" type="stmt"/>
        <line num="328" count="0" type="stmt"/>
        <line num="331" count="0" type="stmt"/>
        <line num="333" count="0" type="stmt"/>
        <line num="334" count="0" type="stmt"/>
        <line num="337" count="0" type="cond" truecount="0" falsecount="2"/>
        <line num="341" count="0" type="cond" truecount="0" falsecount="4"/>
        <line num="343" count="0" type="stmt"/>
        <line num="344" count="0" type="stmt"/>
        <line num="345" count="0" type="stmt"/>
        <line num="346" count="0" type="stmt"/>
        <line num="350" count="0" type="stmt"/>
        <line num="351" count="0" type="stmt"/>
        <line num="352" count="0" type="stmt"/>
        <line num="353" count="0" type="stmt"/>
        <line num="358" count="0" type="cond" truecount="0" falsecount="4"/>
        <line num="360" count="0" type="stmt"/>
        <line num="363" count="0" type="stmt"/>
        <line num="367" count="0" type="stmt"/>
        <line num="370" count="0" type="stmt"/>
        <line num="394" count="0" type="cond" truecount="0" falsecount="2"/>
        <line num="400" count="0" type="cond" truecount="0" falsecount="2"/>
        <line num="407" count="0" type="cond" truecount="0" falsecount="2"/>
        <line num="415" count="0" type="cond" truecount="0" falsecount="4"/>
        <line num="424" count="0" type="stmt"/>
        <line num="427" count="0" type="cond" truecount="0" falsecount="2"/>
        <line num="429" count="0" type="stmt"/>
        <line num="474" count="0" type="cond" truecount="0" falsecount="5"/>
        <line num="477" count="0" type="stmt"/>
        <line num="481" count="0" type="stmt"/>
        <line num="500" count="0" type="cond" truecount="0" falsecount="5"/>
        <line num="502" count="0" type="stmt"/>
        <line num="504" count="0" type="stmt"/>
        <line num="506" count="0" type="stmt"/>
        <line num="509" count="0" type="stmt"/>
        <line num="528" count="0" type="cond" truecount="0" falsecount="4"/>
        <line num="530" count="0" type="stmt"/>
        <line num="532" count="0" type="stmt"/>
        <line num="535" count="0" type="stmt"/>
        <line num="558" count="0" type="stmt"/>
        <line num="559" count="0" type="stmt"/>
        <line num="560" count="0" type="stmt"/>
        <line num="563" count="0" type="cond" truecount="0" falsecount="2"/>
        <line num="564" count="0" type="stmt"/>
        <line num="565" count="0" type="stmt"/>
        <line num="569" count="0" type="cond" truecount="0" falsecount="2"/>
        <line num="570" count="0" type="stmt"/>
        <line num="577" count="0" type="stmt"/>
        <line num="578" count="0" type="stmt"/>
        <line num="582" count="0" type="stmt"/>
        <line num="583" count="0" type="stmt"/>
        <line num="591" count="0" type="cond" truecount="0" falsecount="4"/>
        <line num="592" count="0" type="stmt"/>
        <line num="593" count="0" type="stmt"/>
        <line num="594" count="0" type="stmt"/>
        <line num="598" count="0" type="cond" truecount="0" falsecount="6"/>
        <line num="599" count="0" type="stmt"/>
        <line num="600" count="0" type="stmt"/>
        <line num="601" count="0" type="stmt"/>
        <line num="605" count="0" type="stmt"/>
        <line num="626" count="0" type="stmt"/>
        <line num="627" count="0" type="stmt"/>
        <line num="628" count="0" type="stmt"/>
        <line num="655" count="0" type="stmt"/>
        <line num="691" count="0" type="cond" truecount="0" falsecount="12"/>
        <line num="692" count="0" type="stmt"/>
        <line num="697" count="0" type="stmt"/>
        <line num="720" count="0" type="stmt"/>
        <line num="721" count="0" type="cond" truecount="0" falsecount="2"/>
        <line num="723" count="0" type="stmt"/>
        <line num="728" count="0" type="stmt"/>
        <line num="731" count="0" type="stmt"/>
        <line num="732" count="0" type="stmt"/>
      </file>
      <file name="index.ts" path="/Users/jsfillman/Documents/repos/faros-ai/airbyte-connectors/sources/office365calendar-source/src/streams/index.ts">
        <metrics statements="4" coveredstatements="4" conditionals="0" coveredconditionals="0" methods="2" coveredmethods="0"/>
        <line num="10" count="2" type="stmt"/>
        <line num="11" count="2" type="stmt"/>
        <line num="18" count="2" type="stmt"/>
        <line num="25" count="2" type="stmt"/>
      </file>
    </package>
  </project>
</coverage>
