{"/Users/jsfillman/Documents/repos/faros-ai/airbyte-connectors/sources/office365calendar-source/src/index.ts": {"path":"/Users/jsfillman/Documents/repos/faros-ai/airbyte-connectors/sources/office365calendar-source/src/index.ts","statementMap":{"0":{"start":{"line":36,"column":0},"end":{"line":36,"column":16}},"1":{"start":{"line":2,"column":0},"end":{"line":2,"column":null}},"2":{"start":{"line":9,"column":0},"end":{"line":9,"column":32}},"3":{"start":{"line":12,"column":0},"end":{"line":12,"column":null}},"4":{"start":{"line":18,"column":0},"end":{"line":18,"column":56}},"5":{"start":{"line":19,"column":0},"end":{"line":19,"column":46}},"6":{"start":{"line":37,"column":17},"end":{"line":37,"column":42}},"7":{"start":{"line":38,"column":17},"end":{"line":38,"column":52}},"8":{"start":{"line":39,"column":2},"end":{"line":39,"column":63}},"9":{"start":{"line":60,"column":4},"end":{"line":60,"column":18}},"10":{"start":{"line":61,"column":4},"end":{"line":61,"column":68}},"11":{"start":{"line":62,"column":4},"end":{"line":65,"column":7}},"12":{"start":{"line":74,"column":4},"end":{"line":74,"column":32}},"13":{"start":{"line":94,"column":4},"end":{"line":94,"column":62}},"14":{"start":{"line":127,"column":4},"end":{"line":131,"column":7}},"15":{"start":{"line":133,"column":4},"end":{"line":215,"column":5}},"16":{"start":{"line":135,"column":6},"end":{"line":135,"column":46}},"17":{"start":{"line":138,"column":32},"end":{"line":138,"column":85}},"18":{"start":{"line":141,"column":26},"end":{"line":141,"column":67}},"19":{"start":{"line":143,"column":6},"end":{"line":153,"column":7}},"20":{"start":{"line":144,"column":22},"end":{"line":146,"column":null}},"21":{"start":{"line":148,"column":8},"end":{"line":151,"column":11}},"22":{"start":{"line":152,"column":8},"end":{"line":152,"column":30}},"23":{"start":{"line":156,"column":6},"end":{"line":176,"column":7}},"24":{"start":{"line":157,"column":8},"end":{"line":159,"column":11}},"25":{"start":{"line":161,"column":8},"end":{"line":175,"column":9}},"26":{"start":{"line":162,"column":28},"end":{"line":162,"column":30}},"27":{"start":{"line":163,"column":10},"end":{"line":165,"column":11}},"28":{"start":{"line":164,"column":12},"end":{"line":164,"column":40}},"29":{"start":{"line":167,"column":10},"end":{"line":169,"column":13}},"30":{"start":{"line":171,"column":10},"end":{"line":173,"column":13}},"31":{"start":{"line":178,"column":6},"end":{"line":181,"column":9}},"32":{"start":{"line":183,"column":6},"end":{"line":183,"column":31}},"33":{"start":{"line":186,"column":25},"end":{"line":186,"column":58}},"34":{"start":{"line":188,"column":23},"end":{"line":188,"column":37}},"35":{"start":{"line":191,"column":6},"end":{"line":204,"column":7}},"36":{"start":{"line":194,"column":8},"end":{"line":194,"column":96}},"37":{"start":{"line":195,"column":13},"end":{"line":204,"column":7}},"38":{"start":{"line":196,"column":8},"end":{"line":196,"column":65}},"39":{"start":{"line":197,"column":13},"end":{"line":204,"column":7}},"40":{"start":{"line":199,"column":8},"end":{"line":199,"column":102}},"41":{"start":{"line":200,"column":13},"end":{"line":204,"column":7}},"42":{"start":{"line":203,"column":8},"end":{"line":203,"column":91}},"43":{"start":{"line":206,"column":21},"end":{"line":206,"column":89}},"44":{"start":{"line":208,"column":6},"end":{"line":212,"column":9}},"45":{"start":{"line":214,"column":6},"end":{"line":214,"column":29}},"46":{"start":{"line":238,"column":4},"end":{"line":242,"column":7}},"47":{"start":{"line":244,"column":4},"end":{"line":262,"column":5}},"48":{"start":{"line":245,"column":22},"end":{"line":248,"column":8}},"49":{"start":{"line":250,"column":6},"end":{"line":252,"column":9}},"50":{"start":{"line":251,"column":34},"end":{"line":251,"column":40}},"51":{"start":{"line":254,"column":6},"end":{"line":254,"column":21}},"52":{"start":{"line":256,"column":23},"end":{"line":256,"column":37}},"53":{"start":{"line":257,"column":6},"end":{"line":260,"column":9}},"54":{"start":{"line":261,"column":6},"end":{"line":261,"column":85}},"55":{"start":{"line":51,"column":0},"end":{"line":51,"column":13}}},"fnMap":{"0":{"name":"mainCommand","decl":{"start":{"line":36,"column":16},"end":{"line":36,"column":27}},"loc":{"start":{"line":36,"column":27},"end":{"line":40,"column":1}}},"1":{"name":"(anonymous_1)","decl":{"start":{"line":59,"column":2},"end":{"line":59,"column":14}},"loc":{"start":{"line":59,"column":41},"end":{"line":66,"column":3}}},"2":{"name":"(anonymous_2)","decl":{"start":{"line":73,"column":2},"end":{"line":73,"column":6}},"loc":{"start":{"line":73,"column":10},"end":{"line":75,"column":3}}},"3":{"name":"(anonymous_3)","decl":{"start":{"line":92,"column":2},"end":{"line":92,"column":7}},"loc":{"start":{"line":92,"column":12},"end":{"line":95,"column":3}}},"4":{"name":"(anonymous_4)","decl":{"start":{"line":124,"column":2},"end":{"line":124,"column":7}},"loc":{"start":{"line":125,"column":35},"end":{"line":216,"column":3}}},"5":{"name":"(anonymous_5)","decl":{"start":{"line":237,"column":2},"end":{"line":237,"column":9}},"loc":{"start":{"line":237,"column":41},"end":{"line":263,"column":3}}},"6":{"name":"(anonymous_6)","decl":{"start":{"line":251,"column":29},"end":{"line":251,"column":30}},"loc":{"start":{"line":251,"column":34},"end":{"line":251,"column":40}}}},"branchMap":{"0":{"loc":{"start":{"line":143,"column":6},"end":{"line":153,"column":7}},"type":"if","locations":[{"start":{"line":143,"column":6},"end":{"line":153,"column":7}},{"start":{},"end":{}}]},"1":{"loc":{"start":{"line":156,"column":6},"end":{"line":176,"column":7}},"type":"if","locations":[{"start":{"line":156,"column":6},"end":{"line":176,"column":7}},{"start":{},"end":{}}]},"2":{"loc":{"start":{"line":156,"column":10},"end":{"line":156,"column":63}},"type":"binary-expr","locations":[{"start":{"line":156,"column":10},"end":{"line":156,"column":29}},{"start":{"line":156,"column":33},"end":{"line":156,"column":63}}]},"3":{"loc":{"start":{"line":180,"column":27},"end":{"line":180,"column":71}},"type":"cond-expr","locations":[{"start":{"line":180,"column":49},"end":{"line":180,"column":58}},{"start":{"line":180,"column":61},"end":{"line":180,"column":71}}]},"4":{"loc":{"start":{"line":191,"column":6},"end":{"line":204,"column":7}},"type":"if","locations":[{"start":{"line":191,"column":6},"end":{"line":204,"column":7}},{"start":{"line":195,"column":13},"end":{"line":204,"column":7}}]},"5":{"loc":{"start":{"line":191,"column":10},"end":{"line":193,"column":56}},"type":"binary-expr","locations":[{"start":{"line":191,"column":10},"end":{"line":191,"column":61}},{"start":{"line":192,"column":10},"end":{"line":192,"column":52}},{"start":{"line":193,"column":10},"end":{"line":193,"column":54}}]},"6":{"loc":{"start":{"line":191,"column":10},"end":{"line":191,"column":61}},"type":"cond-expr","locations":[{"start":{"line":191,"column":26},"end":{"line":191,"column":28}},{"start":{"line":191,"column":26},"end":{"line":191,"column":61}}]},"7":{"loc":{"start":{"line":191,"column":10},"end":{"line":191,"column":28}},"type":"binary-expr","locations":[{"start":{"line":191,"column":10},"end":{"line":191,"column":28}},{"start":{"line":191,"column":26},"end":{"line":191,"column":28}}]},"8":{"loc":{"start":{"line":192,"column":10},"end":{"line":192,"column":52}},"type":"cond-expr","locations":[{"start":{"line":192,"column":26},"end":{"line":192,"column":28}},{"start":{"line":192,"column":26},"end":{"line":192,"column":52}}]},"9":{"loc":{"start":{"line":192,"column":10},"end":{"line":192,"column":28}},"type":"binary-expr","locations":[{"start":{"line":192,"column":10},"end":{"line":192,"column":28}},{"start":{"line":192,"column":26},"end":{"line":192,"column":28}}]},"10":{"loc":{"start":{"line":193,"column":10},"end":{"line":193,"column":54}},"type":"cond-expr","locations":[{"start":{"line":193,"column":26},"end":{"line":193,"column":28}},{"start":{"line":193,"column":26},"end":{"line":193,"column":54}}]},"11":{"loc":{"start":{"line":193,"column":10},"end":{"line":193,"column":28}},"type":"binary-expr","locations":[{"start":{"line":193,"column":10},"end":{"line":193,"column":28}},{"start":{"line":193,"column":26},"end":{"line":193,"column":28}}]},"12":{"loc":{"start":{"line":195,"column":13},"end":{"line":204,"column":7}},"type":"if","locations":[{"start":{"line":195,"column":13},"end":{"line":204,"column":7}},{"start":{"line":197,"column":13},"end":{"line":204,"column":7}}]},"13":{"loc":{"start":{"line":195,"column":17},"end":{"line":195,"column":98}},"type":"binary-expr","locations":[{"start":{"line":195,"column":17},"end":{"line":195,"column":53}},{"start":{"line":195,"column":57},"end":{"line":195,"column":96}}]},"14":{"loc":{"start":{"line":195,"column":17},"end":{"line":195,"column":53}},"type":"cond-expr","locations":[{"start":{"line":195,"column":33},"end":{"line":195,"column":35}},{"start":{"line":195,"column":33},"end":{"line":195,"column":53}}]},"15":{"loc":{"start":{"line":195,"column":17},"end":{"line":195,"column":35}},"type":"binary-expr","locations":[{"start":{"line":195,"column":17},"end":{"line":195,"column":35}},{"start":{"line":195,"column":33},"end":{"line":195,"column":35}}]},"16":{"loc":{"start":{"line":195,"column":57},"end":{"line":195,"column":96}},"type":"cond-expr","locations":[{"start":{"line":195,"column":73},"end":{"line":195,"column":75}},{"start":{"line":195,"column":73},"end":{"line":195,"column":96}}]},"17":{"loc":{"start":{"line":195,"column":57},"end":{"line":195,"column":75}},"type":"binary-expr","locations":[{"start":{"line":195,"column":57},"end":{"line":195,"column":75}},{"start":{"line":195,"column":73},"end":{"line":195,"column":75}}]},"18":{"loc":{"start":{"line":197,"column":13},"end":{"line":204,"column":7}},"type":"if","locations":[{"start":{"line":197,"column":13},"end":{"line":204,"column":7}},{"start":{"line":200,"column":13},"end":{"line":204,"column":7}}]},"19":{"loc":{"start":{"line":197,"column":17},"end":{"line":198,"column":58}},"type":"binary-expr","locations":[{"start":{"line":197,"column":17},"end":{"line":197,"column":70}},{"start":{"line":198,"column":17},"end":{"line":198,"column":56}}]},"20":{"loc":{"start":{"line":197,"column":17},"end":{"line":197,"column":70}},"type":"cond-expr","locations":[{"start":{"line":197,"column":33},"end":{"line":197,"column":35}},{"start":{"line":197,"column":33},"end":{"line":197,"column":70}}]},"21":{"loc":{"start":{"line":197,"column":17},"end":{"line":197,"column":35}},"type":"binary-expr","locations":[{"start":{"line":197,"column":17},"end":{"line":197,"column":35}},{"start":{"line":197,"column":33},"end":{"line":197,"column":35}}]},"22":{"loc":{"start":{"line":198,"column":17},"end":{"line":198,"column":56}},"type":"cond-expr","locations":[{"start":{"line":198,"column":33},"end":{"line":198,"column":35}},{"start":{"line":198,"column":33},"end":{"line":198,"column":56}}]},"23":{"loc":{"start":{"line":198,"column":17},"end":{"line":198,"column":35}},"type":"binary-expr","locations":[{"start":{"line":198,"column":17},"end":{"line":198,"column":35}},{"start":{"line":198,"column":33},"end":{"line":198,"column":35}}]},"24":{"loc":{"start":{"line":200,"column":13},"end":{"line":204,"column":7}},"type":"if","locations":[{"start":{"line":200,"column":13},"end":{"line":204,"column":7}},{"start":{},"end":{}}]},"25":{"loc":{"start":{"line":200,"column":17},"end":{"line":202,"column":58}},"type":"binary-expr","locations":[{"start":{"line":200,"column":17},"end":{"line":200,"column":54}},{"start":{"line":201,"column":17},"end":{"line":201,"column":54}},{"start":{"line":202,"column":17},"end":{"line":202,"column":56}}]},"26":{"loc":{"start":{"line":200,"column":17},"end":{"line":200,"column":54}},"type":"cond-expr","locations":[{"start":{"line":200,"column":33},"end":{"line":200,"column":35}},{"start":{"line":200,"column":33},"end":{"line":200,"column":54}}]},"27":{"loc":{"start":{"line":200,"column":17},"end":{"line":200,"column":35}},"type":"binary-expr","locations":[{"start":{"line":200,"column":17},"end":{"line":200,"column":35}},{"start":{"line":200,"column":33},"end":{"line":200,"column":35}}]},"28":{"loc":{"start":{"line":201,"column":17},"end":{"line":201,"column":54}},"type":"cond-expr","locations":[{"start":{"line":201,"column":33},"end":{"line":201,"column":35}},{"start":{"line":201,"column":33},"end":{"line":201,"column":54}}]},"29":{"loc":{"start":{"line":201,"column":17},"end":{"line":201,"column":35}},"type":"binary-expr","locations":[{"start":{"line":201,"column":17},"end":{"line":201,"column":35}},{"start":{"line":201,"column":33},"end":{"line":201,"column":35}}]},"30":{"loc":{"start":{"line":202,"column":17},"end":{"line":202,"column":56}},"type":"cond-expr","locations":[{"start":{"line":202,"column":33},"end":{"line":202,"column":35}},{"start":{"line":202,"column":33},"end":{"line":202,"column":56}}]},"31":{"loc":{"start":{"line":202,"column":17},"end":{"line":202,"column":35}},"type":"binary-expr","locations":[{"start":{"line":202,"column":17},"end":{"line":202,"column":35}},{"start":{"line":202,"column":33},"end":{"line":202,"column":35}}]},"32":{"loc":{"start":{"line":206,"column":69},"end":{"line":206,"column":86}},"type":"cond-expr","locations":[{"start":{"line":206,"column":77},"end":{"line":206,"column":79}},{"start":{"line":206,"column":69},"end":{"line":206,"column":86}}]},"33":{"loc":{"start":{"line":206,"column":69},"end":{"line":206,"column":79}},"type":"binary-expr","locations":[{"start":{"line":206,"column":69},"end":{"line":206,"column":79}},{"start":{"line":206,"column":69},"end":{"line":206,"column":79}}]},"34":{"loc":{"start":{"line":211,"column":19},"end":{"line":211,"column":46}},"type":"cond-expr","locations":[{"start":{"line":211,"column":40},"end":{"line":211,"column":42}},{"start":{"line":211,"column":40},"end":{"line":211,"column":46}}]},"35":{"loc":{"start":{"line":211,"column":19},"end":{"line":211,"column":42}},"type":"binary-expr","locations":[{"start":{"line":211,"column":19},"end":{"line":211,"column":42}},{"start":{"line":211,"column":40},"end":{"line":211,"column":42}}]},"36":{"loc":{"start":{"line":211,"column":19},"end":{"line":211,"column":40}},"type":"cond-expr","locations":[{"start":{"line":211,"column":27},"end":{"line":211,"column":29}},{"start":{"line":211,"column":19},"end":{"line":211,"column":40}}]},"37":{"loc":{"start":{"line":211,"column":19},"end":{"line":211,"column":29}},"type":"binary-expr","locations":[{"start":{"line":211,"column":19},"end":{"line":211,"column":29}},{"start":{"line":211,"column":19},"end":{"line":211,"column":29}}]},"38":{"loc":{"start":{"line":240,"column":19},"end":{"line":240,"column":55}},"type":"binary-expr","locations":[{"start":{"line":240,"column":19},"end":{"line":240,"column":46}},{"start":{"line":240,"column":50},"end":{"line":240,"column":55}}]},"39":{"loc":{"start":{"line":240,"column":19},"end":{"line":240,"column":46}},"type":"cond-expr","locations":[{"start":{"line":240,"column":38},"end":{"line":240,"column":40}},{"start":{"line":240,"column":38},"end":{"line":240,"column":46}}]},"40":{"loc":{"start":{"line":240,"column":19},"end":{"line":240,"column":40}},"type":"binary-expr","locations":[{"start":{"line":240,"column":19},"end":{"line":240,"column":40}},{"start":{"line":240,"column":38},"end":{"line":240,"column":40}}]},"41":{"loc":{"start":{"line":259,"column":19},"end":{"line":259,"column":46}},"type":"cond-expr","locations":[{"start":{"line":259,"column":40},"end":{"line":259,"column":42}},{"start":{"line":259,"column":40},"end":{"line":259,"column":46}}]},"42":{"loc":{"start":{"line":259,"column":19},"end":{"line":259,"column":42}},"type":"binary-expr","locations":[{"start":{"line":259,"column":19},"end":{"line":259,"column":42}},{"start":{"line":259,"column":40},"end":{"line":259,"column":42}}]},"43":{"loc":{"start":{"line":259,"column":19},"end":{"line":259,"column":40}},"type":"cond-expr","locations":[{"start":{"line":259,"column":27},"end":{"line":259,"column":29}},{"start":{"line":259,"column":19},"end":{"line":259,"column":40}}]},"44":{"loc":{"start":{"line":259,"column":19},"end":{"line":259,"column":29}},"type":"binary-expr","locations":[{"start":{"line":259,"column":19},"end":{"line":259,"column":29}},{"start":{"line":259,"column":19},"end":{"line":259,"column":29}}]}},"s":{"0":2,"1":2,"2":2,"3":2,"4":2,"5":2,"6":2,"7":2,"8":2,"9":3,"10":3,"11":3,"12":4,"13":0,"14":0,"15":0,"16":0,"17":0,"18":0,"19":0,"20":0,"21":0,"22":0,"23":0,"24":0,"25":0,"26":0,"27":0,"28":0,"29":0,"30":0,"31":0,"32":0,"33":0,"34":0,"35":0,"36":0,"37":0,"38":0,"39":0,"40":0,"41":0,"42":0,"43":0,"44":0,"45":0,"46":0,"47":0,"48":0,"49":0,"50":0,"51":0,"52":0,"53":0,"54":0,"55":2},"f":{"0":2,"1":3,"2":4,"3":0,"4":0,"5":0,"6":0},"b":{"0":[0,0],"1":[0,0],"2":[0,0],"3":[0,0],"4":[0,0],"5":[0,0,0],"6":[0,0],"7":[0,0],"8":[0,0],"9":[0,0],"10":[0,0],"11":[0,0],"12":[0,0],"13":[0,0],"14":[0,0],"15":[0,0],"16":[0,0],"17":[0,0],"18":[0,0],"19":[0,0],"20":[0,0],"21":[0,0],"22":[0,0],"23":[0,0],"24":[0,0],"25":[0,0,0],"26":[0,0],"27":[0,0],"28":[0,0],"29":[0,0],"30":[0,0],"31":[0,0],"32":[0,0],"33":[0,0],"34":[0,0],"35":[0,0],"36":[0,0],"37":[0,0],"38":[0,0],"39":[0,0],"40":[0,0],"41":[0,0],"42":[0,0],"43":[0,0],"44":[0,0]}}
,"/Users/jsfillman/Documents/repos/faros-ai/airbyte-connectors/sources/office365calendar-source/src/models.ts": {"path":"/Users/jsfillman/Documents/repos/faros-ai/airbyte-connectors/sources/office365calendar-source/src/models.ts","statementMap":{"0":{"start":{"line":65,"column":0},"end":{"line":65,"column":16}},"1":{"start":{"line":84,"column":0},"end":{"line":84,"column":16}},"2":{"start":{"line":103,"column":0},"end":{"line":103,"column":16}},"3":{"start":{"line":122,"column":0},"end":{"line":122,"column":16}},"4":{"start":{"line":269,"column":0},"end":{"line":269,"column":16}},"5":{"start":{"line":341,"column":0},"end":{"line":341,"column":16}},"6":{"start":{"line":908,"column":0},"end":{"line":908,"column":16}},"7":{"start":{"line":926,"column":0},"end":{"line":926,"column":16}},"8":{"start":{"line":944,"column":0},"end":{"line":944,"column":16}},"9":{"start":{"line":2,"column":0},"end":{"line":2,"column":32}},"10":{"start":{"line":66,"column":2},"end":{"line":68,"column":3}},"11":{"start":{"line":67,"column":4},"end":{"line":67,"column":70}},"12":{"start":{"line":69,"column":2},"end":{"line":69,"column":27}},"13":{"start":{"line":85,"column":2},"end":{"line":87,"column":3}},"14":{"start":{"line":86,"column":4},"end":{"line":86,"column":72}},"15":{"start":{"line":88,"column":2},"end":{"line":88,"column":29}},"16":{"start":{"line":104,"column":2},"end":{"line":106,"column":3}},"17":{"start":{"line":105,"column":4},"end":{"line":105,"column":68}},"18":{"start":{"line":107,"column":2},"end":{"line":107,"column":25}},"19":{"start":{"line":123,"column":2},"end":{"line":125,"column":3}},"20":{"start":{"line":124,"column":4},"end":{"line":124,"column":72}},"21":{"start":{"line":126,"column":2},"end":{"line":126,"column":29}},"22":{"start":{"line":137,"column":13},"end":{"line":146,"column":2}},"23":{"start":{"line":154,"column":13},"end":{"line":163,"column":2}},"24":{"start":{"line":171,"column":13},"end":{"line":180,"column":2}},"25":{"start":{"line":188,"column":13},"end":{"line":197,"column":2}},"26":{"start":{"line":271,"column":2},"end":{"line":273,"column":3}},"27":{"start":{"line":272,"column":4},"end":{"line":272,"column":62}},"28":{"start":{"line":276,"column":2},"end":{"line":278,"column":3}},"29":{"start":{"line":277,"column":4},"end":{"line":277,"column":62}},"30":{"start":{"line":281,"column":2},"end":{"line":283,"column":3}},"31":{"start":{"line":282,"column":4},"end":{"line":282,"column":66}},"32":{"start":{"line":286,"column":2},"end":{"line":295,"column":3}},"33":{"start":{"line":287,"column":22},"end":{"line":287,"column":87}},"34":{"start":{"line":289,"column":24},"end":{"line":289,"column":91}},"35":{"start":{"line":290,"column":27},"end":{"line":290,"column":35}},"36":{"start":{"line":292,"column":4},"end":{"line":294,"column":5}},"37":{"start":{"line":293,"column":6},"end":{"line":293,"column":72}},"38":{"start":{"line":298,"column":2},"end":{"line":302,"column":3}},"39":{"start":{"line":299,"column":4},"end":{"line":301,"column":5}},"40":{"start":{"line":300,"column":6},"end":{"line":300,"column":72}},"41":{"start":{"line":305,"column":2},"end":{"line":312,"column":3}},"42":{"start":{"line":306,"column":4},"end":{"line":308,"column":5}},"43":{"start":{"line":307,"column":6},"end":{"line":307,"column":57}},"44":{"start":{"line":309,"column":4},"end":{"line":311,"column":5}},"45":{"start":{"line":310,"column":6},"end":{"line":310,"column":58}},"46":{"start":{"line":342,"column":49},"end":{"line":350,"column":4}},"47":{"start":{"line":352,"column":2},"end":{"line":352,"column":49}},"48":{"start":{"line":353,"column":2},"end":{"line":353,"column":23}},"49":{"start":{"line":909,"column":2},"end":{"line":909,"column":102}},"50":{"start":{"line":927,"column":2},"end":{"line":927,"column":105}},"51":{"start":{"line":945,"column":2},"end":{"line":945,"column":107}},"52":{"start":{"line":957,"column":13},"end":{"line":1010,"column":2}},"53":{"start":{"line":971,"column":4},"end":{"line":1008,"column":6}},"54":{"start":{"line":979,"column":8},"end":{"line":979,"column":84}},"55":{"start":{"line":988,"column":8},"end":{"line":988,"column":83}},"56":{"start":{"line":997,"column":8},"end":{"line":997,"column":83}},"57":{"start":{"line":1006,"column":8},"end":{"line":1006,"column":84}},"58":{"start":{"line":1017,"column":13},"end":{"line":1066,"column":2}},"59":{"start":{"line":1035,"column":4},"end":{"line":1037,"column":5}},"60":{"start":{"line":1036,"column":6},"end":{"line":1036,"column":27}},"61":{"start":{"line":1038,"column":4},"end":{"line":1040,"column":5}},"62":{"start":{"line":1039,"column":6},"end":{"line":1039,"column":19}},"63":{"start":{"line":1041,"column":4},"end":{"line":1041,"column":25}},"64":{"start":{"line":1061,"column":4},"end":{"line":1063,"column":5}},"65":{"start":{"line":1062,"column":6},"end":{"line":1062,"column":40}},"66":{"start":{"line":1064,"column":4},"end":{"line":1064,"column":31}},"67":{"start":{"line":1073,"column":13},"end":{"line":1128,"column":2}},"68":{"start":{"line":1082,"column":4},"end":{"line":1082,"column":35}},"69":{"start":{"line":1093,"column":4},"end":{"line":1093,"column":37}},"70":{"start":{"line":1104,"column":4},"end":{"line":1104,"column":24}},"71":{"start":{"line":1115,"column":4},"end":{"line":1115,"column":35}},"72":{"start":{"line":1126,"column":4},"end":{"line":1126,"column":36}}},"fnMap":{"0":{"name":"asTenantId","decl":{"start":{"line":65,"column":16},"end":{"line":65,"column":26}},"loc":{"start":{"line":65,"column":40},"end":{"line":70,"column":1}}},"1":{"name":"asCalendarId","decl":{"start":{"line":84,"column":16},"end":{"line":84,"column":28}},"loc":{"start":{"line":84,"column":42},"end":{"line":89,"column":1}}},"2":{"name":"asUserId","decl":{"start":{"line":103,"column":16},"end":{"line":103,"column":24}},"loc":{"start":{"line":103,"column":38},"end":{"line":108,"column":1}}},"3":{"name":"asDeltaToken","decl":{"start":{"line":122,"column":16},"end":{"line":122,"column":28}},"loc":{"start":{"line":122,"column":42},"end":{"line":127,"column":1}}},"4":{"name":"validateOffice365CalendarConfig","decl":{"start":{"line":269,"column":16},"end":{"line":269,"column":47}},"loc":{"start":{"line":269,"column":79},"end":{"line":313,"column":1}}},"5":{"name":"createValidatedConfig","decl":{"start":{"line":341,"column":16},"end":{"line":341,"column":37}},"loc":{"start":{"line":341,"column":86},"end":{"line":354,"column":1}}},"6":{"name":"isCalendar","decl":{"start":{"line":908,"column":16},"end":{"line":908,"column":26}},"loc":{"start":{"line":908,"column":35},"end":{"line":910,"column":1}}},"7":{"name":"isGraphEvent","decl":{"start":{"line":926,"column":16},"end":{"line":926,"column":28}},"loc":{"start":{"line":926,"column":37},"end":{"line":928,"column":1}}},"8":{"name":"isDeletedEvent","decl":{"start":{"line":944,"column":16},"end":{"line":944,"column":30}},"loc":{"start":{"line":944,"column":39},"end":{"line":946,"column":1}}},"9":{"name":"(anonymous_9)","decl":{"start":{"line":970,"column":2},"end":{"line":970,"column":24}},"loc":{"start":{"line":970,"column":46},"end":{"line":1009,"column":3}}},"10":{"name":"(anonymous_10)","decl":{"start":{"line":978,"column":6},"end":{"line":978,"column":11}},"loc":{"start":{"line":978,"column":59},"end":{"line":980,"column":7}}},"11":{"name":"(anonymous_11)","decl":{"start":{"line":987,"column":6},"end":{"line":987,"column":10}},"loc":{"start":{"line":987,"column":58},"end":{"line":989,"column":7}}},"12":{"name":"(anonymous_12)","decl":{"start":{"line":996,"column":6},"end":{"line":996,"column":10}},"loc":{"start":{"line":996,"column":58},"end":{"line":998,"column":7}}},"13":{"name":"(anonymous_13)","decl":{"start":{"line":1005,"column":6},"end":{"line":1005,"column":11}},"loc":{"start":{"line":1005,"column":59},"end":{"line":1007,"column":7}}},"14":{"name":"(anonymous_14)","decl":{"start":{"line":1034,"column":2},"end":{"line":1034,"column":12}},"loc":{"start":{"line":1034,"column":27},"end":{"line":1042,"column":3}}},"15":{"name":"(anonymous_15)","decl":{"start":{"line":1060,"column":2},"end":{"line":1060,"column":14}},"loc":{"start":{"line":1060,"column":46},"end":{"line":1065,"column":3}}},"16":{"name":"(anonymous_16)","decl":{"start":{"line":1081,"column":2},"end":{"line":1081,"column":9}},"loc":{"start":{"line":1081,"column":20},"end":{"line":1083,"column":3}}},"17":{"name":"(anonymous_17)","decl":{"start":{"line":1092,"column":2},"end":{"line":1092,"column":7}},"loc":{"start":{"line":1092,"column":36},"end":{"line":1094,"column":3}}},"18":{"name":"(anonymous_18)","decl":{"start":{"line":1103,"column":2},"end":{"line":1103,"column":10}},"loc":{"start":{"line":1103,"column":72},"end":{"line":1105,"column":3}}},"19":{"name":"(anonymous_19)","decl":{"start":{"line":1114,"column":2},"end":{"line":1114,"column":11}},"loc":{"start":{"line":1114,"column":73},"end":{"line":1116,"column":3}}},"20":{"name":"(anonymous_20)","decl":{"start":{"line":1125,"column":2},"end":{"line":1125,"column":9}},"loc":{"start":{"line":1125,"column":71},"end":{"line":1127,"column":3}}}},"branchMap":{"0":{"loc":{"start":{"line":66,"column":2},"end":{"line":68,"column":3}},"type":"if","locations":[{"start":{"line":66,"column":2},"end":{"line":68,"column":3}},{"start":{},"end":{}}]},"1":{"loc":{"start":{"line":66,"column":6},"end":{"line":66,"column":41}},"type":"binary-expr","locations":[{"start":{"line":66,"column":6},"end":{"line":66,"column":12}},{"start":{"line":66,"column":16},"end":{"line":66,"column":41}}]},"2":{"loc":{"start":{"line":85,"column":2},"end":{"line":87,"column":3}},"type":"if","locations":[{"start":{"line":85,"column":2},"end":{"line":87,"column":3}},{"start":{},"end":{}}]},"3":{"loc":{"start":{"line":85,"column":6},"end":{"line":85,"column":41}},"type":"binary-expr","locations":[{"start":{"line":85,"column":6},"end":{"line":85,"column":12}},{"start":{"line":85,"column":16},"end":{"line":85,"column":41}}]},"4":{"loc":{"start":{"line":104,"column":2},"end":{"line":106,"column":3}},"type":"if","locations":[{"start":{"line":104,"column":2},"end":{"line":106,"column":3}},{"start":{},"end":{}}]},"5":{"loc":{"start":{"line":104,"column":6},"end":{"line":104,"column":41}},"type":"binary-expr","locations":[{"start":{"line":104,"column":6},"end":{"line":104,"column":12}},{"start":{"line":104,"column":16},"end":{"line":104,"column":41}}]},"6":{"loc":{"start":{"line":123,"column":2},"end":{"line":125,"column":3}},"type":"if","locations":[{"start":{"line":123,"column":2},"end":{"line":125,"column":3}},{"start":{},"end":{}}]},"7":{"loc":{"start":{"line":123,"column":6},"end":{"line":123,"column":41}},"type":"binary-expr","locations":[{"start":{"line":123,"column":6},"end":{"line":123,"column":12}},{"start":{"line":123,"column":16},"end":{"line":123,"column":41}}]},"8":{"loc":{"start":{"line":271,"column":2},"end":{"line":273,"column":3}},"type":"if","locations":[{"start":{"line":271,"column":2},"end":{"line":273,"column":3}},{"start":{},"end":{}}]},"9":{"loc":{"start":{"line":271,"column":6},"end":{"line":271,"column":99}},"type":"binary-expr","locations":[{"start":{"line":271,"column":6},"end":{"line":271,"column":23}},{"start":{"line":271,"column":28},"end":{"line":271,"column":64}},{"start":{"line":271,"column":68},"end":{"line":271,"column":98}}]},"10":{"loc":{"start":{"line":276,"column":2},"end":{"line":278,"column":3}},"type":"if","locations":[{"start":{"line":276,"column":2},"end":{"line":278,"column":3}},{"start":{},"end":{}}]},"11":{"loc":{"start":{"line":276,"column":6},"end":{"line":276,"column":99}},"type":"binary-expr","locations":[{"start":{"line":276,"column":6},"end":{"line":276,"column":23}},{"start":{"line":276,"column":28},"end":{"line":276,"column":64}},{"start":{"line":276,"column":68},"end":{"line":276,"column":98}}]},"12":{"loc":{"start":{"line":281,"column":2},"end":{"line":283,"column":3}},"type":"if","locations":[{"start":{"line":281,"column":2},"end":{"line":283,"column":3}},{"start":{},"end":{}}]},"13":{"loc":{"start":{"line":281,"column":6},"end":{"line":281,"column":111}},"type":"binary-expr","locations":[{"start":{"line":281,"column":6},"end":{"line":281,"column":27}},{"start":{"line":281,"column":32},"end":{"line":281,"column":72}},{"start":{"line":281,"column":76},"end":{"line":281,"column":110}}]},"14":{"loc":{"start":{"line":286,"column":2},"end":{"line":295,"column":3}},"type":"if","locations":[{"start":{"line":286,"column":2},"end":{"line":295,"column":3}},{"start":{},"end":{}}]},"15":{"loc":{"start":{"line":292,"column":4},"end":{"line":294,"column":5}},"type":"if","locations":[{"start":{"line":292,"column":4},"end":{"line":294,"column":5}},{"start":{},"end":{}}]},"16":{"loc":{"start":{"line":292,"column":8},"end":{"line":292,"column":122}},"type":"binary-expr","locations":[{"start":{"line":292,"column":8},"end":{"line":292,"column":41}},{"start":{"line":292,"column":45},"end":{"line":292,"column":80}},{"start":{"line":292,"column":84},"end":{"line":292,"column":122}}]},"17":{"loc":{"start":{"line":298,"column":2},"end":{"line":302,"column":3}},"type":"if","locations":[{"start":{"line":298,"column":2},"end":{"line":302,"column":3}},{"start":{},"end":{}}]},"18":{"loc":{"start":{"line":299,"column":4},"end":{"line":301,"column":5}},"type":"if","locations":[{"start":{"line":299,"column":4},"end":{"line":301,"column":5}},{"start":{},"end":{}}]},"19":{"loc":{"start":{"line":299,"column":8},"end":{"line":299,"column":73}},"type":"binary-expr","locations":[{"start":{"line":299,"column":8},"end":{"line":299,"column":37}},{"start":{"line":299,"column":41},"end":{"line":299,"column":73}}]},"20":{"loc":{"start":{"line":305,"column":2},"end":{"line":312,"column":3}},"type":"if","locations":[{"start":{"line":305,"column":2},"end":{"line":312,"column":3}},{"start":{},"end":{}}]},"21":{"loc":{"start":{"line":306,"column":4},"end":{"line":308,"column":5}},"type":"if","locations":[{"start":{"line":306,"column":4},"end":{"line":308,"column":5}},{"start":{},"end":{}}]},"22":{"loc":{"start":{"line":309,"column":4},"end":{"line":311,"column":5}},"type":"if","locations":[{"start":{"line":309,"column":4},"end":{"line":311,"column":5}},{"start":{},"end":{}}]},"23":{"loc":{"start":{"line":341,"column":38},"end":{"line":341,"column":86}},"type":"default-arg","locations":[{"start":{"line":341,"column":84},"end":{"line":341,"column":86}}]},"24":{"loc":{"start":{"line":909,"column":9},"end":{"line":909,"column":101}},"type":"binary-expr","locations":[{"start":{"line":909,"column":9},"end":{"line":909,"column":12}},{"start":{"line":909,"column":16},"end":{"line":909,"column":39}},{"start":{"line":909,"column":43},"end":{"line":909,"column":69}},{"start":{"line":909,"column":73},"end":{"line":909,"column":101}}]},"25":{"loc":{"start":{"line":927,"column":9},"end":{"line":927,"column":104}},"type":"binary-expr","locations":[{"start":{"line":927,"column":9},"end":{"line":927,"column":12}},{"start":{"line":927,"column":16},"end":{"line":927,"column":39}},{"start":{"line":927,"column":43},"end":{"line":927,"column":69}},{"start":{"line":927,"column":73},"end":{"line":927,"column":104}}]},"26":{"loc":{"start":{"line":945,"column":9},"end":{"line":945,"column":106}},"type":"binary-expr","locations":[{"start":{"line":945,"column":9},"end":{"line":945,"column":12}},{"start":{"line":945,"column":16},"end":{"line":945,"column":39}},{"start":{"line":945,"column":43},"end":{"line":945,"column":69}},{"start":{"line":945,"column":73},"end":{"line":945,"column":106}}]},"27":{"loc":{"start":{"line":979,"column":21},"end":{"line":979,"column":82}},"type":"cond-expr","locations":[{"start":{"line":979,"column":32},"end":{"line":979,"column":72}},{"start":{"line":979,"column":75},"end":{"line":979,"column":82}}]},"28":{"loc":{"start":{"line":988,"column":20},"end":{"line":988,"column":81}},"type":"cond-expr","locations":[{"start":{"line":988,"column":31},"end":{"line":988,"column":71}},{"start":{"line":988,"column":74},"end":{"line":988,"column":81}}]},"29":{"loc":{"start":{"line":997,"column":20},"end":{"line":997,"column":81}},"type":"cond-expr","locations":[{"start":{"line":997,"column":31},"end":{"line":997,"column":71}},{"start":{"line":997,"column":74},"end":{"line":997,"column":81}}]},"30":{"loc":{"start":{"line":1006,"column":21},"end":{"line":1006,"column":82}},"type":"cond-expr","locations":[{"start":{"line":1006,"column":32},"end":{"line":1006,"column":72}},{"start":{"line":1006,"column":75},"end":{"line":1006,"column":82}}]},"31":{"loc":{"start":{"line":1035,"column":4},"end":{"line":1037,"column":5}},"type":"if","locations":[{"start":{"line":1035,"column":4},"end":{"line":1037,"column":5}},{"start":{},"end":{}}]},"32":{"loc":{"start":{"line":1038,"column":4},"end":{"line":1040,"column":5}},"type":"if","locations":[{"start":{"line":1038,"column":4},"end":{"line":1040,"column":5}},{"start":{},"end":{}}]},"33":{"loc":{"start":{"line":1061,"column":4},"end":{"line":1063,"column":5}},"type":"if","locations":[{"start":{"line":1061,"column":4},"end":{"line":1063,"column":5}},{"start":{},"end":{}}]}},"s":{"0":3,"1":3,"2":3,"3":3,"4":3,"5":3,"6":3,"7":3,"8":3,"9":3,"10":20,"11":0,"12":20,"13":4,"14":0,"15":4,"16":0,"17":0,"18":0,"19":2,"20":0,"21":2,"22":3,"23":3,"24":3,"25":3,"26":21,"27":0,"28":21,"29":1,"30":20,"31":0,"32":20,"33":20,"34":20,"35":20,"36":20,"37":0,"38":20,"39":1,"40":0,"41":20,"42":1,"43":0,"44":1,"45":0,"46":2,"47":2,"48":1,"49":0,"50":0,"51":0,"52":3,"53":63,"54":0,"55":41,"56":0,"57":38,"58":3,"59":38,"60":38,"61":0,"62":0,"63":0,"64":0,"65":0,"66":0,"67":3,"68":0,"69":0,"70":16,"71":0,"72":0},"f":{"0":20,"1":4,"2":0,"3":2,"4":21,"5":2,"6":0,"7":0,"8":0,"9":63,"10":0,"11":41,"12":0,"13":38,"14":38,"15":0,"16":0,"17":0,"18":16,"19":0,"20":0},"b":{"0":[0,20],"1":[20,20],"2":[0,4],"3":[4,4],"4":[0,0],"5":[0,0],"6":[0,2],"7":[2,2],"8":[0,21],"9":[21,21,21],"10":[1,20],"11":[21,20,20],"12":[0,20],"13":[20,20,20],"14":[20,0],"15":[0,20],"16":[20,19,19],"17":[1,19],"18":[0,1],"19":[1,1],"20":[1,19],"21":[0,1],"22":[0,1],"23":[0],"24":[0,0,0,0],"25":[0,0,0,0],"26":[0,0,0,0],"27":[0,0],"28":[41,0],"29":[0,0],"30":[38,0],"31":[38,0],"32":[0,0],"33":[0,0]}}
,"/Users/jsfillman/Documents/repos/faros-ai/airbyte-connectors/sources/office365calendar-source/src/office365calendar-sdk-adapter.ts": {"path":"/Users/jsfillman/Documents/repos/faros-ai/airbyte-connectors/sources/office365calendar-source/src/office365calendar-sdk-adapter.ts","statementMap":{"0":{"start":{"line":2,"column":0},"end":{"line":2,"column":32}},"1":{"start":{"line":4,"column":0},"end":{"line":4,"column":null}},"2":{"start":{"line":17,"column":0},"end":{"line":17,"column":63}},"3":{"start":{"line":41,"column":21},"end":{"line":41,"column":52}},"4":{"start":{"line":42,"column":21},"end":{"line":42,"column":42}},"5":{"start":{"line":45,"column":4},"end":{"line":45,"column":44}},"6":{"start":{"line":48,"column":4},"end":{"line":48,"column":68}},"7":{"start":{"line":51,"column":4},"end":{"line":51,"column":56}},"8":{"start":{"line":53,"column":4},"end":{"line":58,"column":7}},"9":{"start":{"line":86,"column":4},"end":{"line":88,"column":5}},"10":{"start":{"line":87,"column":6},"end":{"line":87,"column":82}},"11":{"start":{"line":89,"column":4},"end":{"line":89,"column":47}},"12":{"start":{"line":107,"column":4},"end":{"line":107,"column":47}},"13":{"start":{"line":127,"column":4},"end":{"line":132,"column":5}},"14":{"start":{"line":128,"column":6},"end":{"line":128,"column":46}},"15":{"start":{"line":130,"column":6},"end":{"line":130,"column":102}},"16":{"start":{"line":131,"column":6},"end":{"line":131,"column":80}},"17":{"start":{"line":152,"column":4},"end":{"line":180,"column":5}},"18":{"start":{"line":153,"column":6},"end":{"line":176,"column":7}},"19":{"start":{"line":155,"column":35},"end":{"line":173,"column":10}},"20":{"start":{"line":175,"column":8},"end":{"line":175,"column":23}},"21":{"start":{"line":178,"column":6},"end":{"line":178,"column":104}},"22":{"start":{"line":179,"column":6},"end":{"line":179,"column":84}},"23":{"start":{"line":207,"column":4},"end":{"line":298,"column":5}},"24":{"start":{"line":208,"column":32},"end":{"line":208,"column":56}},"25":{"start":{"line":209,"column":28},"end":{"line":209,"column":65}},"26":{"start":{"line":211,"column":6},"end":{"line":291,"column":7}},"27":{"start":{"line":213,"column":29},"end":{"line":288,"column":10}},"28":{"start":{"line":243,"column":59},"end":{"line":255,"column":13}},"29":{"start":{"line":290,"column":8},"end":{"line":290,"column":20}},"30":{"start":{"line":293,"column":6},"end":{"line":296,"column":9}},"31":{"start":{"line":297,"column":6},"end":{"line":297,"column":92}},"32":{"start":{"line":323,"column":4},"end":{"line":479,"column":5}},"33":{"start":{"line":324,"column":32},"end":{"line":324,"column":56}},"34":{"start":{"line":325,"column":32},"end":{"line":325,"column":56}},"35":{"start":{"line":327,"column":6},"end":{"line":472,"column":7}},"36":{"start":{"line":328,"column":8},"end":{"line":471,"column":9}},"37":{"start":{"line":330,"column":29},"end":{"line":330,"column":45}},"38":{"start":{"line":331,"column":31},"end":{"line":405,"column":12}},"39":{"start":{"line":361,"column":61},"end":{"line":372,"column":15}},"40":{"start":{"line":407,"column":10},"end":{"line":410,"column":12}},"41":{"start":{"line":413,"column":10},"end":{"line":415,"column":11}},"42":{"start":{"line":414,"column":12},"end":{"line":414,"column":21}},"43":{"start":{"line":416,"column":31},"end":{"line":416,"column":54}},"44":{"start":{"line":417,"column":31},"end":{"line":465,"column":12}},"45":{"start":{"line":467,"column":10},"end":{"line":470,"column":12}},"46":{"start":{"line":474,"column":6},"end":{"line":477,"column":9}},"47":{"start":{"line":478,"column":6},"end":{"line":478,"column":104}},"48":{"start":{"line":500,"column":4},"end":{"line":510,"column":5}},"49":{"start":{"line":501,"column":6},"end":{"line":506,"column":7}},"50":{"start":{"line":502,"column":8},"end":{"line":505,"column":10}},"51":{"start":{"line":508,"column":6},"end":{"line":508,"column":100}},"52":{"start":{"line":509,"column":6},"end":{"line":509,"column":80}},"53":{"start":{"line":528,"column":4},"end":{"line":528,"column":20}},"54":{"start":{"line":28,"column":0},"end":{"line":28,"column":13}},"55":{"start":{"line":29,"column":17},"end":{"line":29,"column":68}}},"fnMap":{"0":{"name":"(anonymous_0)","decl":{"start":{"line":40,"column":2},"end":{"line":40,"column":null}},"loc":{"start":{"line":42,"column":42},"end":{"line":59,"column":3}}},"1":{"name":"(anonymous_1)","decl":{"start":{"line":82,"column":2},"end":{"line":82,"column":8}},"loc":{"start":{"line":84,"column":25},"end":{"line":90,"column":3}}},"2":{"name":"(anonymous_2)","decl":{"start":{"line":106,"column":2},"end":{"line":106,"column":8}},"loc":{"start":{"line":106,"column":22},"end":{"line":108,"column":3}}},"3":{"name":"(anonymous_3)","decl":{"start":{"line":126,"column":2},"end":{"line":126,"column":7}},"loc":{"start":{"line":126,"column":23},"end":{"line":133,"column":3}}},"4":{"name":"(anonymous_4)","decl":{"start":{"line":151,"column":2},"end":{"line":151,"column":7}},"loc":{"start":{"line":151,"column":21},"end":{"line":181,"column":3}}},"5":{"name":"(anonymous_5)","decl":{"start":{"line":202,"column":2},"end":{"line":202,"column":7}},"loc":{"start":{"line":205,"column":19},"end":{"line":299,"column":3}}},"6":{"name":"(anonymous_6)","decl":{"start":{"line":243,"column":47},"end":{"line":243,"column":55}},"loc":{"start":{"line":243,"column":58},"end":{"line":255,"column":13}}},"7":{"name":"(anonymous_7)","decl":{"start":{"line":319,"column":2},"end":{"line":319,"column":7}},"loc":{"start":{"line":321,"column":22},"end":{"line":480,"column":3}}},"8":{"name":"(anonymous_8)","decl":{"start":{"line":361,"column":49},"end":{"line":361,"column":57}},"loc":{"start":{"line":361,"column":60},"end":{"line":372,"column":15}}},"9":{"name":"(anonymous_9)","decl":{"start":{"line":499,"column":2},"end":{"line":499,"column":7}},"loc":{"start":{"line":499,"column":17},"end":{"line":511,"column":3}}},"10":{"name":"(anonymous_10)","decl":{"start":{"line":527,"column":2},"end":{"line":527,"column":8}},"loc":{"start":{"line":527,"column":8},"end":{"line":529,"column":3}}}},"branchMap":{"0":{"loc":{"start":{"line":86,"column":4},"end":{"line":88,"column":5}},"type":"if","locations":[{"start":{"line":86,"column":4},"end":{"line":88,"column":5}},{"start":{},"end":{}}]},"1":{"loc":{"start":{"line":162,"column":23},"end":{"line":162,"column":66}},"type":"cond-expr","locations":[{"start":{"line":162,"column":47},"end":{"line":162,"column":55}},{"start":{"line":162,"column":58},"end":{"line":162,"column":66}}]},"2":{"loc":{"start":{"line":165,"column":18},"end":{"line":165,"column":56}},"type":"binary-expr","locations":[{"start":{"line":165,"column":18},"end":{"line":165,"column":43}},{"start":{"line":165,"column":47},"end":{"line":165,"column":56}}]},"3":{"loc":{"start":{"line":165,"column":18},"end":{"line":165,"column":43}},"type":"cond-expr","locations":[{"start":{"line":165,"column":37},"end":{"line":165,"column":39}},{"start":{"line":165,"column":37},"end":{"line":165,"column":43}}]},"4":{"loc":{"start":{"line":165,"column":18},"end":{"line":165,"column":39}},"type":"binary-expr","locations":[{"start":{"line":165,"column":18},"end":{"line":165,"column":39}},{"start":{"line":165,"column":37},"end":{"line":165,"column":39}}]},"5":{"loc":{"start":{"line":166,"column":21},"end":{"line":166,"column":74}},"type":"binary-expr","locations":[{"start":{"line":166,"column":21},"end":{"line":166,"column":49}},{"start":{"line":166,"column":53},"end":{"line":166,"column":74}}]},"6":{"loc":{"start":{"line":166,"column":21},"end":{"line":166,"column":49}},"type":"cond-expr","locations":[{"start":{"line":166,"column":40},"end":{"line":166,"column":42}},{"start":{"line":166,"column":40},"end":{"line":166,"column":49}}]},"7":{"loc":{"start":{"line":166,"column":21},"end":{"line":166,"column":42}},"type":"binary-expr","locations":[{"start":{"line":166,"column":21},"end":{"line":166,"column":42}},{"start":{"line":166,"column":40},"end":{"line":166,"column":42}}]},"8":{"loc":{"start":{"line":167,"column":19},"end":{"line":167,"column":72}},"type":"binary-expr","locations":[{"start":{"line":167,"column":19},"end":{"line":167,"column":47}},{"start":{"line":167,"column":51},"end":{"line":167,"column":72}}]},"9":{"loc":{"start":{"line":167,"column":19},"end":{"line":167,"column":47}},"type":"cond-expr","locations":[{"start":{"line":167,"column":38},"end":{"line":167,"column":40}},{"start":{"line":167,"column":38},"end":{"line":167,"column":47}}]},"10":{"loc":{"start":{"line":167,"column":19},"end":{"line":167,"column":40}},"type":"binary-expr","locations":[{"start":{"line":167,"column":19},"end":{"line":167,"column":40}},{"start":{"line":167,"column":38},"end":{"line":167,"column":40}}]},"11":{"loc":{"start":{"line":169,"column":19},"end":{"line":169,"column":49}},"type":"binary-expr","locations":[{"start":{"line":169,"column":19},"end":{"line":169,"column":40}},{"start":{"line":169,"column":44},"end":{"line":169,"column":49}}]},"12":{"loc":{"start":{"line":170,"column":20},"end":{"line":170,"column":51}},"type":"binary-expr","locations":[{"start":{"line":170,"column":20},"end":{"line":170,"column":42}},{"start":{"line":170,"column":46},"end":{"line":170,"column":51}}]},"13":{"loc":{"start":{"line":171,"column":31},"end":{"line":171,"column":73}},"type":"binary-expr","locations":[{"start":{"line":171,"column":31},"end":{"line":171,"column":64}},{"start":{"line":171,"column":68},"end":{"line":171,"column":73}}]},"14":{"loc":{"start":{"line":209,"column":28},"end":{"line":209,"column":65}},"type":"cond-expr","locations":[{"start":{"line":209,"column":37},"end":{"line":209,"column":53}},{"start":{"line":209,"column":56},"end":{"line":209,"column":65}}]},"15":{"loc":{"start":{"line":220,"column":16},"end":{"line":223,"column":23}},"type":"cond-expr","locations":[{"start":{"line":220,"column":34},"end":{"line":223,"column":12}},{"start":{"line":223,"column":14},"end":{"line":223,"column":23}}]},"16":{"loc":{"start":{"line":225,"column":18},"end":{"line":225,"column":40}},"type":"cond-expr","locations":[{"start":{"line":225,"column":34},"end":{"line":225,"column":36}},{"start":{"line":225,"column":34},"end":{"line":225,"column":40}}]},"17":{"loc":{"start":{"line":225,"column":18},"end":{"line":225,"column":36}},"type":"binary-expr","locations":[{"start":{"line":225,"column":18},"end":{"line":225,"column":36}},{"start":{"line":225,"column":34},"end":{"line":225,"column":36}}]},"18":{"loc":{"start":{"line":226,"column":22},"end":{"line":226,"column":76}},"type":"binary-expr","locations":[{"start":{"line":226,"column":22},"end":{"line":226,"column":48}},{"start":{"line":226,"column":52},"end":{"line":226,"column":76}}]},"19":{"loc":{"start":{"line":226,"column":22},"end":{"line":226,"column":48}},"type":"cond-expr","locations":[{"start":{"line":226,"column":38},"end":{"line":226,"column":40}},{"start":{"line":226,"column":38},"end":{"line":226,"column":48}}]},"20":{"loc":{"start":{"line":226,"column":22},"end":{"line":226,"column":40}},"type":"binary-expr","locations":[{"start":{"line":226,"column":22},"end":{"line":226,"column":40}},{"start":{"line":226,"column":38},"end":{"line":226,"column":40}}]},"21":{"loc":{"start":{"line":227,"column":23},"end":{"line":227,"column":77}},"type":"binary-expr","locations":[{"start":{"line":227,"column":23},"end":{"line":227,"column":49}},{"start":{"line":227,"column":53},"end":{"line":227,"column":77}}]},"22":{"loc":{"start":{"line":227,"column":23},"end":{"line":227,"column":49}},"type":"cond-expr","locations":[{"start":{"line":227,"column":39},"end":{"line":227,"column":41}},{"start":{"line":227,"column":39},"end":{"line":227,"column":49}}]},"23":{"loc":{"start":{"line":227,"column":23},"end":{"line":227,"column":41}},"type":"binary-expr","locations":[{"start":{"line":227,"column":23},"end":{"line":227,"column":41}},{"start":{"line":227,"column":39},"end":{"line":227,"column":41}}]},"24":{"loc":{"start":{"line":228,"column":22},"end":{"line":228,"column":57}},"type":"binary-expr","locations":[{"start":{"line":228,"column":22},"end":{"line":228,"column":48}},{"start":{"line":228,"column":52},"end":{"line":228,"column":57}}]},"25":{"loc":{"start":{"line":228,"column":22},"end":{"line":228,"column":48}},"type":"cond-expr","locations":[{"start":{"line":228,"column":38},"end":{"line":228,"column":40}},{"start":{"line":228,"column":38},"end":{"line":228,"column":48}}]},"26":{"loc":{"start":{"line":228,"column":22},"end":{"line":228,"column":40}},"type":"binary-expr","locations":[{"start":{"line":228,"column":22},"end":{"line":228,"column":40}},{"start":{"line":228,"column":38},"end":{"line":228,"column":40}}]},"27":{"loc":{"start":{"line":229,"column":23},"end":{"line":229,"column":58}},"type":"binary-expr","locations":[{"start":{"line":229,"column":23},"end":{"line":229,"column":49}},{"start":{"line":229,"column":53},"end":{"line":229,"column":58}}]},"28":{"loc":{"start":{"line":229,"column":23},"end":{"line":229,"column":49}},"type":"cond-expr","locations":[{"start":{"line":229,"column":39},"end":{"line":229,"column":41}},{"start":{"line":229,"column":39},"end":{"line":229,"column":49}}]},"29":{"loc":{"start":{"line":229,"column":23},"end":{"line":229,"column":41}},"type":"binary-expr","locations":[{"start":{"line":229,"column":23},"end":{"line":229,"column":41}},{"start":{"line":229,"column":39},"end":{"line":229,"column":41}}]},"30":{"loc":{"start":{"line":232,"column":18},"end":{"line":232,"column":38}},"type":"cond-expr","locations":[{"start":{"line":232,"column":32},"end":{"line":232,"column":34}},{"start":{"line":232,"column":32},"end":{"line":232,"column":38}}]},"31":{"loc":{"start":{"line":232,"column":18},"end":{"line":232,"column":34}},"type":"binary-expr","locations":[{"start":{"line":232,"column":18},"end":{"line":232,"column":34}},{"start":{"line":232,"column":32},"end":{"line":232,"column":34}}]},"32":{"loc":{"start":{"line":233,"column":22},"end":{"line":233,"column":74}},"type":"binary-expr","locations":[{"start":{"line":233,"column":22},"end":{"line":233,"column":46}},{"start":{"line":233,"column":50},"end":{"line":233,"column":74}}]},"33":{"loc":{"start":{"line":233,"column":22},"end":{"line":233,"column":46}},"type":"cond-expr","locations":[{"start":{"line":233,"column":36},"end":{"line":233,"column":38}},{"start":{"line":233,"column":36},"end":{"line":233,"column":46}}]},"34":{"loc":{"start":{"line":233,"column":22},"end":{"line":233,"column":38}},"type":"binary-expr","locations":[{"start":{"line":233,"column":22},"end":{"line":233,"column":38}},{"start":{"line":233,"column":36},"end":{"line":233,"column":38}}]},"35":{"loc":{"start":{"line":234,"column":23},"end":{"line":234,"column":75}},"type":"binary-expr","locations":[{"start":{"line":234,"column":23},"end":{"line":234,"column":47}},{"start":{"line":234,"column":51},"end":{"line":234,"column":75}}]},"36":{"loc":{"start":{"line":234,"column":23},"end":{"line":234,"column":47}},"type":"cond-expr","locations":[{"start":{"line":234,"column":37},"end":{"line":234,"column":39}},{"start":{"line":234,"column":37},"end":{"line":234,"column":47}}]},"37":{"loc":{"start":{"line":234,"column":23},"end":{"line":234,"column":39}},"type":"binary-expr","locations":[{"start":{"line":234,"column":23},"end":{"line":234,"column":39}},{"start":{"line":234,"column":37},"end":{"line":234,"column":39}}]},"38":{"loc":{"start":{"line":235,"column":22},"end":{"line":235,"column":55}},"type":"binary-expr","locations":[{"start":{"line":235,"column":22},"end":{"line":235,"column":46}},{"start":{"line":235,"column":50},"end":{"line":235,"column":55}}]},"39":{"loc":{"start":{"line":235,"column":22},"end":{"line":235,"column":46}},"type":"cond-expr","locations":[{"start":{"line":235,"column":36},"end":{"line":235,"column":38}},{"start":{"line":235,"column":36},"end":{"line":235,"column":46}}]},"40":{"loc":{"start":{"line":235,"column":22},"end":{"line":235,"column":38}},"type":"binary-expr","locations":[{"start":{"line":235,"column":22},"end":{"line":235,"column":38}},{"start":{"line":235,"column":36},"end":{"line":235,"column":38}}]},"41":{"loc":{"start":{"line":236,"column":23},"end":{"line":236,"column":56}},"type":"binary-expr","locations":[{"start":{"line":236,"column":23},"end":{"line":236,"column":47}},{"start":{"line":236,"column":51},"end":{"line":236,"column":56}}]},"42":{"loc":{"start":{"line":236,"column":23},"end":{"line":236,"column":47}},"type":"cond-expr","locations":[{"start":{"line":236,"column":37},"end":{"line":236,"column":39}},{"start":{"line":236,"column":37},"end":{"line":236,"column":47}}]},"43":{"loc":{"start":{"line":236,"column":23},"end":{"line":236,"column":39}},"type":"binary-expr","locations":[{"start":{"line":236,"column":23},"end":{"line":236,"column":39}},{"start":{"line":236,"column":37},"end":{"line":236,"column":39}}]},"44":{"loc":{"start":{"line":238,"column":20},"end":{"line":242,"column":23}},"type":"cond-expr","locations":[{"start":{"line":239,"column":12},"end":{"line":241,"column":64}},{"start":{"line":242,"column":14},"end":{"line":242,"column":23}}]},"45":{"loc":{"start":{"line":239,"column":12},"end":{"line":241,"column":64}},"type":"cond-expr","locations":[{"start":{"line":240,"column":16},"end":{"line":240,"column":52}},{"start":{"line":241,"column":16},"end":{"line":241,"column":64}}]},"46":{"loc":{"start":{"line":243,"column":21},"end":{"line":255,"column":19}},"type":"binary-expr","locations":[{"start":{"line":243,"column":21},"end":{"line":255,"column":13}},{"start":{"line":255,"column":17},"end":{"line":255,"column":19}}]},"47":{"loc":{"start":{"line":243,"column":21},"end":{"line":255,"column":13}},"type":"cond-expr","locations":[{"start":{"line":243,"column":41},"end":{"line":243,"column":43}},{"start":{"line":243,"column":41},"end":{"line":255,"column":13}}]},"48":{"loc":{"start":{"line":243,"column":21},"end":{"line":243,"column":43}},"type":"binary-expr","locations":[{"start":{"line":243,"column":21},"end":{"line":243,"column":43}},{"start":{"line":243,"column":41},"end":{"line":243,"column":43}}]},"49":{"loc":{"start":{"line":244,"column":19},"end":{"line":244,"column":74}},"type":"binary-expr","locations":[{"start":{"line":244,"column":19},"end":{"line":244,"column":49}},{"start":{"line":244,"column":53},"end":{"line":244,"column":74}}]},"50":{"loc":{"start":{"line":244,"column":19},"end":{"line":244,"column":49}},"type":"cond-expr","locations":[{"start":{"line":244,"column":40},"end":{"line":244,"column":42}},{"start":{"line":244,"column":40},"end":{"line":244,"column":49}}]},"51":{"loc":{"start":{"line":244,"column":19},"end":{"line":244,"column":42}},"type":"binary-expr","locations":[{"start":{"line":244,"column":19},"end":{"line":244,"column":42}},{"start":{"line":244,"column":40},"end":{"line":244,"column":42}}]},"52":{"loc":{"start":{"line":245,"column":18},"end":{"line":245,"column":45}},"type":"cond-expr","locations":[{"start":{"line":245,"column":39},"end":{"line":245,"column":41}},{"start":{"line":245,"column":39},"end":{"line":245,"column":45}}]},"53":{"loc":{"start":{"line":245,"column":18},"end":{"line":245,"column":41}},"type":"binary-expr","locations":[{"start":{"line":245,"column":18},"end":{"line":245,"column":41}},{"start":{"line":245,"column":39},"end":{"line":245,"column":41}}]},"54":{"loc":{"start":{"line":247,"column":20},"end":{"line":247,"column":60}},"type":"binary-expr","locations":[{"start":{"line":247,"column":20},"end":{"line":247,"column":47}},{"start":{"line":247,"column":51},"end":{"line":247,"column":60}}]},"55":{"loc":{"start":{"line":247,"column":20},"end":{"line":247,"column":47}},"type":"cond-expr","locations":[{"start":{"line":247,"column":41},"end":{"line":247,"column":43}},{"start":{"line":247,"column":41},"end":{"line":247,"column":47}}]},"56":{"loc":{"start":{"line":247,"column":20},"end":{"line":247,"column":43}},"type":"binary-expr","locations":[{"start":{"line":247,"column":20},"end":{"line":247,"column":43}},{"start":{"line":247,"column":41},"end":{"line":247,"column":43}}]},"57":{"loc":{"start":{"line":248,"column":23},"end":{"line":248,"column":78}},"type":"binary-expr","locations":[{"start":{"line":248,"column":23},"end":{"line":248,"column":53}},{"start":{"line":248,"column":57},"end":{"line":248,"column":78}}]},"58":{"loc":{"start":{"line":248,"column":23},"end":{"line":248,"column":53}},"type":"cond-expr","locations":[{"start":{"line":248,"column":44},"end":{"line":248,"column":46}},{"start":{"line":248,"column":44},"end":{"line":248,"column":53}}]},"59":{"loc":{"start":{"line":248,"column":23},"end":{"line":248,"column":46}},"type":"binary-expr","locations":[{"start":{"line":248,"column":23},"end":{"line":248,"column":46}},{"start":{"line":248,"column":44},"end":{"line":248,"column":46}}]},"60":{"loc":{"start":{"line":251,"column":24},"end":{"line":251,"column":59}},"type":"binary-expr","locations":[{"start":{"line":251,"column":24},"end":{"line":251,"column":49}},{"start":{"line":251,"column":53},"end":{"line":251,"column":59}}]},"61":{"loc":{"start":{"line":251,"column":24},"end":{"line":251,"column":49}},"type":"cond-expr","locations":[{"start":{"line":251,"column":39},"end":{"line":251,"column":41}},{"start":{"line":251,"column":39},"end":{"line":251,"column":49}}]},"62":{"loc":{"start":{"line":251,"column":24},"end":{"line":251,"column":41}},"type":"binary-expr","locations":[{"start":{"line":251,"column":24},"end":{"line":251,"column":41}},{"start":{"line":251,"column":39},"end":{"line":251,"column":41}}]},"63":{"loc":{"start":{"line":252,"column":20},"end":{"line":252,"column":47}},"type":"binary-expr","locations":[{"start":{"line":252,"column":20},"end":{"line":252,"column":41}},{"start":{"line":252,"column":45},"end":{"line":252,"column":47}}]},"64":{"loc":{"start":{"line":252,"column":20},"end":{"line":252,"column":41}},"type":"cond-expr","locations":[{"start":{"line":252,"column":35},"end":{"line":252,"column":37}},{"start":{"line":252,"column":35},"end":{"line":252,"column":41}}]},"65":{"loc":{"start":{"line":252,"column":20},"end":{"line":252,"column":37}},"type":"binary-expr","locations":[{"start":{"line":252,"column":20},"end":{"line":252,"column":37}},{"start":{"line":252,"column":35},"end":{"line":252,"column":37}}]},"66":{"loc":{"start":{"line":254,"column":18},"end":{"line":254,"column":45}},"type":"binary-expr","locations":[{"start":{"line":254,"column":18},"end":{"line":254,"column":31}},{"start":{"line":254,"column":35},"end":{"line":254,"column":45}}]},"67":{"loc":{"start":{"line":256,"column":21},"end":{"line":263,"column":23}},"type":"cond-expr","locations":[{"start":{"line":256,"column":44},"end":{"line":263,"column":12}},{"start":{"line":263,"column":14},"end":{"line":263,"column":23}}]},"68":{"loc":{"start":{"line":257,"column":19},"end":{"line":257,"column":86}},"type":"binary-expr","locations":[{"start":{"line":257,"column":19},"end":{"line":257,"column":61}},{"start":{"line":257,"column":65},"end":{"line":257,"column":86}}]},"69":{"loc":{"start":{"line":257,"column":19},"end":{"line":257,"column":61}},"type":"cond-expr","locations":[{"start":{"line":257,"column":52},"end":{"line":257,"column":54}},{"start":{"line":257,"column":52},"end":{"line":257,"column":61}}]},"70":{"loc":{"start":{"line":257,"column":19},"end":{"line":257,"column":54}},"type":"binary-expr","locations":[{"start":{"line":257,"column":19},"end":{"line":257,"column":54}},{"start":{"line":257,"column":52},"end":{"line":257,"column":54}}]},"71":{"loc":{"start":{"line":258,"column":18},"end":{"line":258,"column":57}},"type":"cond-expr","locations":[{"start":{"line":258,"column":51},"end":{"line":258,"column":53}},{"start":{"line":258,"column":51},"end":{"line":258,"column":57}}]},"72":{"loc":{"start":{"line":258,"column":18},"end":{"line":258,"column":53}},"type":"binary-expr","locations":[{"start":{"line":258,"column":18},"end":{"line":258,"column":53}},{"start":{"line":258,"column":51},"end":{"line":258,"column":53}}]},"73":{"loc":{"start":{"line":260,"column":20},"end":{"line":260,"column":72}},"type":"binary-expr","locations":[{"start":{"line":260,"column":20},"end":{"line":260,"column":59}},{"start":{"line":260,"column":63},"end":{"line":260,"column":72}}]},"74":{"loc":{"start":{"line":260,"column":20},"end":{"line":260,"column":59}},"type":"cond-expr","locations":[{"start":{"line":260,"column":53},"end":{"line":260,"column":55}},{"start":{"line":260,"column":53},"end":{"line":260,"column":59}}]},"75":{"loc":{"start":{"line":260,"column":20},"end":{"line":260,"column":55}},"type":"binary-expr","locations":[{"start":{"line":260,"column":20},"end":{"line":260,"column":55}},{"start":{"line":260,"column":53},"end":{"line":260,"column":55}}]},"76":{"loc":{"start":{"line":261,"column":23},"end":{"line":261,"column":90}},"type":"binary-expr","locations":[{"start":{"line":261,"column":23},"end":{"line":261,"column":65}},{"start":{"line":261,"column":69},"end":{"line":261,"column":90}}]},"77":{"loc":{"start":{"line":261,"column":23},"end":{"line":261,"column":65}},"type":"cond-expr","locations":[{"start":{"line":261,"column":56},"end":{"line":261,"column":58}},{"start":{"line":261,"column":56},"end":{"line":261,"column":65}}]},"78":{"loc":{"start":{"line":261,"column":23},"end":{"line":261,"column":58}},"type":"binary-expr","locations":[{"start":{"line":261,"column":23},"end":{"line":261,"column":58}},{"start":{"line":261,"column":56},"end":{"line":261,"column":58}}]},"79":{"loc":{"start":{"line":264,"column":21},"end":{"line":264,"column":75}},"type":"binary-expr","locations":[{"start":{"line":264,"column":21},"end":{"line":264,"column":47}},{"start":{"line":264,"column":51},"end":{"line":264,"column":75}}]},"80":{"loc":{"start":{"line":264,"column":21},"end":{"line":264,"column":47}},"type":"cond-expr","locations":[{"start":{"line":264,"column":37},"end":{"line":264,"column":39}},{"start":{"line":264,"column":37},"end":{"line":264,"column":47}}]},"81":{"loc":{"start":{"line":264,"column":21},"end":{"line":264,"column":39}},"type":"binary-expr","locations":[{"start":{"line":264,"column":21},"end":{"line":264,"column":39}},{"start":{"line":264,"column":37},"end":{"line":264,"column":39}}]},"82":{"loc":{"start":{"line":265,"column":19},"end":{"line":265,"column":71}},"type":"binary-expr","locations":[{"start":{"line":265,"column":19},"end":{"line":265,"column":43}},{"start":{"line":265,"column":47},"end":{"line":265,"column":71}}]},"83":{"loc":{"start":{"line":265,"column":19},"end":{"line":265,"column":43}},"type":"cond-expr","locations":[{"start":{"line":265,"column":33},"end":{"line":265,"column":35}},{"start":{"line":265,"column":33},"end":{"line":265,"column":43}}]},"84":{"loc":{"start":{"line":265,"column":19},"end":{"line":265,"column":35}},"type":"binary-expr","locations":[{"start":{"line":265,"column":19},"end":{"line":265,"column":35}},{"start":{"line":265,"column":33},"end":{"line":265,"column":35}}]},"85":{"loc":{"start":{"line":266,"column":22},"end":{"line":266,"column":49}},"type":"binary-expr","locations":[{"start":{"line":266,"column":22},"end":{"line":266,"column":43}},{"start":{"line":266,"column":47},"end":{"line":266,"column":49}}]},"86":{"loc":{"start":{"line":267,"column":18},"end":{"line":267,"column":68}},"type":"cond-expr","locations":[{"start":{"line":267,"column":43},"end":{"line":267,"column":54}},{"start":{"line":267,"column":57},"end":{"line":267,"column":68}}]},"87":{"loc":{"start":{"line":272,"column":23},"end":{"line":272,"column":54}},"type":"binary-expr","locations":[{"start":{"line":272,"column":23},"end":{"line":272,"column":45}},{"start":{"line":272,"column":49},"end":{"line":272,"column":54}}]},"88":{"loc":{"start":{"line":273,"column":21},"end":{"line":273,"column":75}},"type":"binary-expr","locations":[{"start":{"line":273,"column":21},"end":{"line":273,"column":47}},{"start":{"line":273,"column":51},"end":{"line":273,"column":75}}]},"89":{"loc":{"start":{"line":274,"column":21},"end":{"line":274,"column":80}},"type":"binary-expr","locations":[{"start":{"line":274,"column":21},"end":{"line":274,"column":52}},{"start":{"line":274,"column":56},"end":{"line":274,"column":80}}]},"90":{"loc":{"start":{"line":275,"column":27},"end":{"line":275,"column":81}},"type":"binary-expr","locations":[{"start":{"line":275,"column":27},"end":{"line":275,"column":53}},{"start":{"line":275,"column":57},"end":{"line":275,"column":81}}]},"91":{"loc":{"start":{"line":276,"column":32},"end":{"line":276,"column":91}},"type":"binary-expr","locations":[{"start":{"line":276,"column":32},"end":{"line":276,"column":63}},{"start":{"line":276,"column":67},"end":{"line":276,"column":91}}]},"92":{"loc":{"start":{"line":280,"column":19},"end":{"line":280,"column":73}},"type":"binary-expr","locations":[{"start":{"line":280,"column":19},"end":{"line":280,"column":45}},{"start":{"line":280,"column":49},"end":{"line":280,"column":73}}]},"93":{"loc":{"start":{"line":281,"column":19},"end":{"line":281,"column":78}},"type":"binary-expr","locations":[{"start":{"line":281,"column":19},"end":{"line":281,"column":50}},{"start":{"line":281,"column":54},"end":{"line":281,"column":78}}]},"94":{"loc":{"start":{"line":282,"column":19},"end":{"line":287,"column":null}},"type":"cond-expr","locations":[{"start":{"line":282,"column":42},"end":{"line":285,"column":12}},{"start":{"line":285,"column":14},"end":{"line":287,"column":null}}]},"95":{"loc":{"start":{"line":283,"column":19},"end":{"line":283,"column":86}},"type":"binary-expr","locations":[{"start":{"line":283,"column":19},"end":{"line":283,"column":61}},{"start":{"line":283,"column":65},"end":{"line":283,"column":86}}]},"96":{"loc":{"start":{"line":283,"column":19},"end":{"line":283,"column":61}},"type":"cond-expr","locations":[{"start":{"line":283,"column":52},"end":{"line":283,"column":54}},{"start":{"line":283,"column":52},"end":{"line":283,"column":61}}]},"97":{"loc":{"start":{"line":283,"column":19},"end":{"line":283,"column":54}},"type":"binary-expr","locations":[{"start":{"line":283,"column":19},"end":{"line":283,"column":54}},{"start":{"line":283,"column":52},"end":{"line":283,"column":54}}]},"98":{"loc":{"start":{"line":284,"column":26},"end":{"line":284,"column":65}},"type":"cond-expr","locations":[{"start":{"line":284,"column":59},"end":{"line":284,"column":61}},{"start":{"line":284,"column":59},"end":{"line":284,"column":65}}]},"99":{"loc":{"start":{"line":284,"column":26},"end":{"line":284,"column":61}},"type":"binary-expr","locations":[{"start":{"line":284,"column":26},"end":{"line":284,"column":61}},{"start":{"line":284,"column":59},"end":{"line":284,"column":61}}]},"100":{"loc":{"start":{"line":328,"column":8},"end":{"line":471,"column":9}},"type":"if","locations":[{"start":{"line":328,"column":8},"end":{"line":471,"column":9}},{"start":{"line":411,"column":15},"end":{"line":471,"column":9}}]},"101":{"loc":{"start":{"line":338,"column":18},"end":{"line":341,"column":25}},"type":"cond-expr","locations":[{"start":{"line":338,"column":36},"end":{"line":341,"column":14}},{"start":{"line":341,"column":16},"end":{"line":341,"column":25}}]},"102":{"loc":{"start":{"line":343,"column":20},"end":{"line":343,"column":42}},"type":"cond-expr","locations":[{"start":{"line":343,"column":36},"end":{"line":343,"column":38}},{"start":{"line":343,"column":36},"end":{"line":343,"column":42}}]},"103":{"loc":{"start":{"line":343,"column":20},"end":{"line":343,"column":38}},"type":"binary-expr","locations":[{"start":{"line":343,"column":20},"end":{"line":343,"column":38}},{"start":{"line":343,"column":36},"end":{"line":343,"column":38}}]},"104":{"loc":{"start":{"line":344,"column":24},"end":{"line":344,"column":78}},"type":"binary-expr","locations":[{"start":{"line":344,"column":24},"end":{"line":344,"column":50}},{"start":{"line":344,"column":54},"end":{"line":344,"column":78}}]},"105":{"loc":{"start":{"line":344,"column":24},"end":{"line":344,"column":50}},"type":"cond-expr","locations":[{"start":{"line":344,"column":40},"end":{"line":344,"column":42}},{"start":{"line":344,"column":40},"end":{"line":344,"column":50}}]},"106":{"loc":{"start":{"line":344,"column":24},"end":{"line":344,"column":42}},"type":"binary-expr","locations":[{"start":{"line":344,"column":24},"end":{"line":344,"column":42}},{"start":{"line":344,"column":40},"end":{"line":344,"column":42}}]},"107":{"loc":{"start":{"line":345,"column":25},"end":{"line":345,"column":79}},"type":"binary-expr","locations":[{"start":{"line":345,"column":25},"end":{"line":345,"column":51}},{"start":{"line":345,"column":55},"end":{"line":345,"column":79}}]},"108":{"loc":{"start":{"line":345,"column":25},"end":{"line":345,"column":51}},"type":"cond-expr","locations":[{"start":{"line":345,"column":41},"end":{"line":345,"column":43}},{"start":{"line":345,"column":41},"end":{"line":345,"column":51}}]},"109":{"loc":{"start":{"line":345,"column":25},"end":{"line":345,"column":43}},"type":"binary-expr","locations":[{"start":{"line":345,"column":25},"end":{"line":345,"column":43}},{"start":{"line":345,"column":41},"end":{"line":345,"column":43}}]},"110":{"loc":{"start":{"line":346,"column":24},"end":{"line":346,"column":59}},"type":"binary-expr","locations":[{"start":{"line":346,"column":24},"end":{"line":346,"column":50}},{"start":{"line":346,"column":54},"end":{"line":346,"column":59}}]},"111":{"loc":{"start":{"line":346,"column":24},"end":{"line":346,"column":50}},"type":"cond-expr","locations":[{"start":{"line":346,"column":40},"end":{"line":346,"column":42}},{"start":{"line":346,"column":40},"end":{"line":346,"column":50}}]},"112":{"loc":{"start":{"line":346,"column":24},"end":{"line":346,"column":42}},"type":"binary-expr","locations":[{"start":{"line":346,"column":24},"end":{"line":346,"column":42}},{"start":{"line":346,"column":40},"end":{"line":346,"column":42}}]},"113":{"loc":{"start":{"line":347,"column":25},"end":{"line":347,"column":60}},"type":"binary-expr","locations":[{"start":{"line":347,"column":25},"end":{"line":347,"column":51}},{"start":{"line":347,"column":55},"end":{"line":347,"column":60}}]},"114":{"loc":{"start":{"line":347,"column":25},"end":{"line":347,"column":51}},"type":"cond-expr","locations":[{"start":{"line":347,"column":41},"end":{"line":347,"column":43}},{"start":{"line":347,"column":41},"end":{"line":347,"column":51}}]},"115":{"loc":{"start":{"line":347,"column":25},"end":{"line":347,"column":43}},"type":"binary-expr","locations":[{"start":{"line":347,"column":25},"end":{"line":347,"column":43}},{"start":{"line":347,"column":41},"end":{"line":347,"column":43}}]},"116":{"loc":{"start":{"line":350,"column":20},"end":{"line":350,"column":40}},"type":"cond-expr","locations":[{"start":{"line":350,"column":34},"end":{"line":350,"column":36}},{"start":{"line":350,"column":34},"end":{"line":350,"column":40}}]},"117":{"loc":{"start":{"line":350,"column":20},"end":{"line":350,"column":36}},"type":"binary-expr","locations":[{"start":{"line":350,"column":20},"end":{"line":350,"column":36}},{"start":{"line":350,"column":34},"end":{"line":350,"column":36}}]},"118":{"loc":{"start":{"line":351,"column":24},"end":{"line":351,"column":76}},"type":"binary-expr","locations":[{"start":{"line":351,"column":24},"end":{"line":351,"column":48}},{"start":{"line":351,"column":52},"end":{"line":351,"column":76}}]},"119":{"loc":{"start":{"line":351,"column":24},"end":{"line":351,"column":48}},"type":"cond-expr","locations":[{"start":{"line":351,"column":38},"end":{"line":351,"column":40}},{"start":{"line":351,"column":38},"end":{"line":351,"column":48}}]},"120":{"loc":{"start":{"line":351,"column":24},"end":{"line":351,"column":40}},"type":"binary-expr","locations":[{"start":{"line":351,"column":24},"end":{"line":351,"column":40}},{"start":{"line":351,"column":38},"end":{"line":351,"column":40}}]},"121":{"loc":{"start":{"line":352,"column":25},"end":{"line":352,"column":77}},"type":"binary-expr","locations":[{"start":{"line":352,"column":25},"end":{"line":352,"column":49}},{"start":{"line":352,"column":53},"end":{"line":352,"column":77}}]},"122":{"loc":{"start":{"line":352,"column":25},"end":{"line":352,"column":49}},"type":"cond-expr","locations":[{"start":{"line":352,"column":39},"end":{"line":352,"column":41}},{"start":{"line":352,"column":39},"end":{"line":352,"column":49}}]},"123":{"loc":{"start":{"line":352,"column":25},"end":{"line":352,"column":41}},"type":"binary-expr","locations":[{"start":{"line":352,"column":25},"end":{"line":352,"column":41}},{"start":{"line":352,"column":39},"end":{"line":352,"column":41}}]},"124":{"loc":{"start":{"line":353,"column":24},"end":{"line":353,"column":57}},"type":"binary-expr","locations":[{"start":{"line":353,"column":24},"end":{"line":353,"column":48}},{"start":{"line":353,"column":52},"end":{"line":353,"column":57}}]},"125":{"loc":{"start":{"line":353,"column":24},"end":{"line":353,"column":48}},"type":"cond-expr","locations":[{"start":{"line":353,"column":38},"end":{"line":353,"column":40}},{"start":{"line":353,"column":38},"end":{"line":353,"column":48}}]},"126":{"loc":{"start":{"line":353,"column":24},"end":{"line":353,"column":40}},"type":"binary-expr","locations":[{"start":{"line":353,"column":24},"end":{"line":353,"column":40}},{"start":{"line":353,"column":38},"end":{"line":353,"column":40}}]},"127":{"loc":{"start":{"line":354,"column":25},"end":{"line":354,"column":58}},"type":"binary-expr","locations":[{"start":{"line":354,"column":25},"end":{"line":354,"column":49}},{"start":{"line":354,"column":53},"end":{"line":354,"column":58}}]},"128":{"loc":{"start":{"line":354,"column":25},"end":{"line":354,"column":49}},"type":"cond-expr","locations":[{"start":{"line":354,"column":39},"end":{"line":354,"column":41}},{"start":{"line":354,"column":39},"end":{"line":354,"column":49}}]},"129":{"loc":{"start":{"line":354,"column":25},"end":{"line":354,"column":41}},"type":"binary-expr","locations":[{"start":{"line":354,"column":25},"end":{"line":354,"column":41}},{"start":{"line":354,"column":39},"end":{"line":354,"column":41}}]},"130":{"loc":{"start":{"line":356,"column":22},"end":{"line":360,"column":25}},"type":"cond-expr","locations":[{"start":{"line":357,"column":14},"end":{"line":359,"column":66}},{"start":{"line":360,"column":16},"end":{"line":360,"column":25}}]},"131":{"loc":{"start":{"line":357,"column":14},"end":{"line":359,"column":66}},"type":"cond-expr","locations":[{"start":{"line":358,"column":18},"end":{"line":358,"column":54}},{"start":{"line":359,"column":18},"end":{"line":359,"column":66}}]},"132":{"loc":{"start":{"line":361,"column":23},"end":{"line":372,"column":21}},"type":"binary-expr","locations":[{"start":{"line":361,"column":23},"end":{"line":372,"column":15}},{"start":{"line":372,"column":19},"end":{"line":372,"column":21}}]},"133":{"loc":{"start":{"line":361,"column":23},"end":{"line":372,"column":15}},"type":"cond-expr","locations":[{"start":{"line":361,"column":43},"end":{"line":361,"column":45}},{"start":{"line":361,"column":43},"end":{"line":372,"column":15}}]},"134":{"loc":{"start":{"line":361,"column":23},"end":{"line":361,"column":45}},"type":"binary-expr","locations":[{"start":{"line":361,"column":23},"end":{"line":361,"column":45}},{"start":{"line":361,"column":43},"end":{"line":361,"column":45}}]},"135":{"loc":{"start":{"line":362,"column":21},"end":{"line":362,"column":76}},"type":"binary-expr","locations":[{"start":{"line":362,"column":21},"end":{"line":362,"column":51}},{"start":{"line":362,"column":55},"end":{"line":362,"column":76}}]},"136":{"loc":{"start":{"line":362,"column":21},"end":{"line":362,"column":51}},"type":"cond-expr","locations":[{"start":{"line":362,"column":42},"end":{"line":362,"column":44}},{"start":{"line":362,"column":42},"end":{"line":362,"column":51}}]},"137":{"loc":{"start":{"line":362,"column":21},"end":{"line":362,"column":44}},"type":"binary-expr","locations":[{"start":{"line":362,"column":21},"end":{"line":362,"column":44}},{"start":{"line":362,"column":42},"end":{"line":362,"column":44}}]},"138":{"loc":{"start":{"line":363,"column":20},"end":{"line":363,"column":47}},"type":"cond-expr","locations":[{"start":{"line":363,"column":41},"end":{"line":363,"column":43}},{"start":{"line":363,"column":41},"end":{"line":363,"column":47}}]},"139":{"loc":{"start":{"line":363,"column":20},"end":{"line":363,"column":43}},"type":"binary-expr","locations":[{"start":{"line":363,"column":20},"end":{"line":363,"column":43}},{"start":{"line":363,"column":41},"end":{"line":363,"column":43}}]},"140":{"loc":{"start":{"line":365,"column":22},"end":{"line":365,"column":62}},"type":"binary-expr","locations":[{"start":{"line":365,"column":22},"end":{"line":365,"column":49}},{"start":{"line":365,"column":53},"end":{"line":365,"column":62}}]},"141":{"loc":{"start":{"line":365,"column":22},"end":{"line":365,"column":49}},"type":"cond-expr","locations":[{"start":{"line":365,"column":43},"end":{"line":365,"column":45}},{"start":{"line":365,"column":43},"end":{"line":365,"column":49}}]},"142":{"loc":{"start":{"line":365,"column":22},"end":{"line":365,"column":45}},"type":"binary-expr","locations":[{"start":{"line":365,"column":22},"end":{"line":365,"column":45}},{"start":{"line":365,"column":43},"end":{"line":365,"column":45}}]},"143":{"loc":{"start":{"line":366,"column":25},"end":{"line":366,"column":80}},"type":"binary-expr","locations":[{"start":{"line":366,"column":25},"end":{"line":366,"column":55}},{"start":{"line":366,"column":59},"end":{"line":366,"column":80}}]},"144":{"loc":{"start":{"line":366,"column":25},"end":{"line":366,"column":55}},"type":"cond-expr","locations":[{"start":{"line":366,"column":46},"end":{"line":366,"column":48}},{"start":{"line":366,"column":46},"end":{"line":366,"column":55}}]},"145":{"loc":{"start":{"line":366,"column":25},"end":{"line":366,"column":48}},"type":"binary-expr","locations":[{"start":{"line":366,"column":25},"end":{"line":366,"column":48}},{"start":{"line":366,"column":46},"end":{"line":366,"column":48}}]},"146":{"loc":{"start":{"line":369,"column":26},"end":{"line":369,"column":61}},"type":"binary-expr","locations":[{"start":{"line":369,"column":26},"end":{"line":369,"column":51}},{"start":{"line":369,"column":55},"end":{"line":369,"column":61}}]},"147":{"loc":{"start":{"line":369,"column":26},"end":{"line":369,"column":51}},"type":"cond-expr","locations":[{"start":{"line":369,"column":41},"end":{"line":369,"column":43}},{"start":{"line":369,"column":41},"end":{"line":369,"column":51}}]},"148":{"loc":{"start":{"line":369,"column":26},"end":{"line":369,"column":43}},"type":"binary-expr","locations":[{"start":{"line":369,"column":26},"end":{"line":369,"column":43}},{"start":{"line":369,"column":41},"end":{"line":369,"column":43}}]},"149":{"loc":{"start":{"line":371,"column":20},"end":{"line":371,"column":47}},"type":"binary-expr","locations":[{"start":{"line":371,"column":20},"end":{"line":371,"column":33}},{"start":{"line":371,"column":37},"end":{"line":371,"column":47}}]},"150":{"loc":{"start":{"line":373,"column":23},"end":{"line":380,"column":25}},"type":"cond-expr","locations":[{"start":{"line":373,"column":46},"end":{"line":380,"column":14}},{"start":{"line":380,"column":16},"end":{"line":380,"column":25}}]},"151":{"loc":{"start":{"line":374,"column":21},"end":{"line":374,"column":88}},"type":"binary-expr","locations":[{"start":{"line":374,"column":21},"end":{"line":374,"column":63}},{"start":{"line":374,"column":67},"end":{"line":374,"column":88}}]},"152":{"loc":{"start":{"line":374,"column":21},"end":{"line":374,"column":63}},"type":"cond-expr","locations":[{"start":{"line":374,"column":54},"end":{"line":374,"column":56}},{"start":{"line":374,"column":54},"end":{"line":374,"column":63}}]},"153":{"loc":{"start":{"line":374,"column":21},"end":{"line":374,"column":56}},"type":"binary-expr","locations":[{"start":{"line":374,"column":21},"end":{"line":374,"column":56}},{"start":{"line":374,"column":54},"end":{"line":374,"column":56}}]},"154":{"loc":{"start":{"line":375,"column":20},"end":{"line":375,"column":59}},"type":"cond-expr","locations":[{"start":{"line":375,"column":53},"end":{"line":375,"column":55}},{"start":{"line":375,"column":53},"end":{"line":375,"column":59}}]},"155":{"loc":{"start":{"line":375,"column":20},"end":{"line":375,"column":55}},"type":"binary-expr","locations":[{"start":{"line":375,"column":20},"end":{"line":375,"column":55}},{"start":{"line":375,"column":53},"end":{"line":375,"column":55}}]},"156":{"loc":{"start":{"line":377,"column":22},"end":{"line":377,"column":74}},"type":"binary-expr","locations":[{"start":{"line":377,"column":22},"end":{"line":377,"column":61}},{"start":{"line":377,"column":65},"end":{"line":377,"column":74}}]},"157":{"loc":{"start":{"line":377,"column":22},"end":{"line":377,"column":61}},"type":"cond-expr","locations":[{"
[...]
tart":{"line":559,"column":6},"end":{"line":588,"column":7}},"82":{"start":{"line":560,"column":41},"end":{"line":560,"column":50}},"83":{"start":{"line":563,"column":8},"end":{"line":566,"column":9}},"84":{"start":{"line":564,"column":10},"end":{"line":564,"column":73}},"85":{"start":{"line":565,"column":10},"end":{"line":565,"column":19}},"86":{"start":{"line":569,"column":8},"end":{"line":579,"column":9}},"87":{"start":{"line":570,"column":45},"end":{"line":576,"column":12}},"88":{"start":{"line":577,"column":10},"end":{"line":577,"column":92}},"89":{"start":{"line":578,"column":10},"end":{"line":578,"column":19}},"90":{"start":{"line":582,"column":28},"end":{"line":582,"column":80}},"91":{"start":{"line":583,"column":8},"end":{"line":587,"column":10}},"92":{"start":{"line":591,"column":6},"end":{"line":595,"column":7}},"93":{"start":{"line":592,"column":8},"end":{"line":592,"column":108}},"94":{"start":{"line":593,"column":8},"end":{"line":593,"column":100}},"95":{"start":{"line":594,"column":8},"end":{"line":594,"column":15}},"96":{"start":{"line":598,"column":6},"end":{"line":602,"column":7}},"97":{"start":{"line":599,"column":8},"end":{"line":599,"column":108}},"98":{"start":{"line":600,"column":8},"end":{"line":600,"column":100}},"99":{"start":{"line":601,"column":8},"end":{"line":601,"column":15}},"100":{"start":{"line":605,"column":6},"end":{"line":605,"column":18}},"101":{"start":{"line":626,"column":4},"end":{"line":632,"column":5}},"102":{"start":{"line":627,"column":26},"end":{"line":627,"column":78}},"103":{"start":{"line":628,"column":6},"end":{"line":631,"column":8}},"104":{"start":{"line":655,"column":4},"end":{"line":668,"column":6}},"105":{"start":{"line":691,"column":4},"end":{"line":696,"column":5}},"106":{"start":{"line":692,"column":6},"end":{"line":695,"column":8}},"107":{"start":{"line":697,"column":4},"end":{"line":697,"column":30}},"108":{"start":{"line":720,"column":4},"end":{"line":733,"column":5}},"109":{"start":{"line":721,"column":6},"end":{"line":729,"column":7}},"110":{"start":{"line":723,"column":8},"end":{"line":723,"column":22}},"111":{"start":{"line":728,"column":8},"end":{"line":728,"column":25}},"112":{"start":{"line":731,"column":6},"end":{"line":731,"column":117}},"113":{"start":{"line":732,"column":6},"end":{"line":732,"column":23}},"114":{"start":{"line":165,"column":0},"end":{"line":165,"column":13}}},"fnMap":{"0":{"name":"(anonymous_0)","decl":{"start":{"line":174,"column":2},"end":{"line":174,"column":null}},"loc":{"start":{"line":176,"column":25},"end":{"line":180,"column":3}}},"1":{"name":"(anonymous_1)","decl":{"start":{"line":187,"column":2},"end":{"line":187,"column":6}},"loc":{"start":{"line":187,"column":10},"end":{"line":189,"column":3}}},"2":{"name":"(anonymous_2)","decl":{"start":{"line":196,"column":2},"end":{"line":196,"column":15}},"loc":{"start":{"line":196,"column":15},"end":{"line":198,"column":3}}},"3":{"name":"(anonymous_3)","decl":{"start":{"line":205,"column":2},"end":{"line":205,"column":6}},"loc":{"start":{"line":205,"column":16},"end":{"line":207,"column":3}}},"4":{"name":"(anonymous_4)","decl":{"start":{"line":214,"column":2},"end":{"line":214,"column":6}},"loc":{"start":{"line":214,"column":24},"end":{"line":216,"column":3}}},"5":{"name":"(anonymous_5)","decl":{"start":{"line":223,"column":2},"end":{"line":223,"column":6}},"loc":{"start":{"line":223,"column":17},"end":{"line":225,"column":3}}},"6":{"name":"(anonymous_6)","decl":{"start":{"line":242,"column":2},"end":{"line":242,"column":7}},"loc":{"start":{"line":242,"column":21},"end":{"line":284,"column":3}}},"7":{"name":"(anonymous_7)","decl":{"start":{"line":306,"column":2},"end":{"line":306,"column":7}},"loc":{"start":{"line":310,"column":29},"end":{"line":371,"column":3}}},"8":{"name":"(anonymous_8)","decl":{"start":{"line":390,"column":10},"end":{"line":390,"column":32}},"loc":{"start":{"line":390,"column":81},"end":{"line":457,"column":3}}},"9":{"name":"(anonymous_9)","decl":{"start":{"line":415,"column":52},"end":{"line":415,"column":60}},"loc":{"start":{"line":415,"column":65},"end":{"line":421,"column":6}}},"10":{"name":"(anonymous_10)","decl":{"start":{"line":472,"column":10},"end":{"line":472,"column":33}},"loc":{"start":{"line":472,"column":49},"end":{"line":483,"column":3}}},"11":{"name":"(anonymous_11)","decl":{"start":{"line":498,"column":10},"end":{"line":498,"column":35}},"loc":{"start":{"line":498,"column":53},"end":{"line":511,"column":3}}},"12":{"name":"(anonymous_12)","decl":{"start":{"line":526,"column":10},"end":{"line":526,"column":36}},"loc":{"start":{"line":526,"column":57},"end":{"line":537,"column":3}}},"13":{"name":"(anonymous_13)","decl":{"start":{"line":551,"column":10},"end":{"line":551,"column":15}},"loc":{"start":{"line":556,"column":29},"end":{"line":607,"column":3}}},"14":{"name":"(anonymous_14)","decl":{"start":{"line":620,"column":10},"end":{"line":620,"column":15}},"loc":{"start":{"line":624,"column":29},"end":{"line":633,"column":3}}},"15":{"name":"(anonymous_15)","decl":{"start":{"line":650,"column":10},"end":{"line":650,"column":39}},"loc":{"start":{"line":653,"column":22},"end":{"line":669,"column":3}}},"16":{"name":"(anonymous_16)","decl":{"start":{"line":687,"column":2},"end":{"line":687,"column":17}},"loc":{"start":{"line":689,"column":29},"end":{"line":698,"column":3}}},"17":{"name":"(anonymous_17)","decl":{"start":{"line":719,"column":10},"end":{"line":719,"column":15}},"loc":{"start":{"line":719,"column":89},"end":{"line":734,"column":3}}}},"branchMap":{"0":{"loc":{"start":{"line":244,"column":6},"end":{"line":279,"column":7}},"type":"if","locations":[{"start":{"line":244,"column":6},"end":{"line":279,"column":7}},{"start":{"line":249,"column":13},"end":{"line":279,"column":7}}]},"1":{"loc":{"start":{"line":244,"column":10},"end":{"line":244,"column":73}},"type":"binary-expr","locations":[{"start":{"line":244,"column":10},"end":{"line":244,"column":34}},{"start":{"line":244,"column":38},"end":{"line":244,"column":73}}]},"2":{"loc":{"start":{"line":254,"column":10},"end":{"line":274,"column":11}},"type":"if","locations":[{"start":{"line":254,"column":10},"end":{"line":274,"column":11}},{"start":{"line":269,"column":17},"end":{"line":274,"column":11}}]},"3":{"loc":{"start":{"line":263,"column":24},"end":{"line":263,"column":44}},"type":"binary-expr","locations":[{"start":{"line":263,"column":24},"end":{"line":263,"column":33}},{"start":{"line":263,"column":37},"end":{"line":263,"column":44}}]},"4":{"loc":{"start":{"line":312,"column":4},"end":{"line":315,"column":5}},"type":"if","locations":[{"start":{"line":312,"column":4},"end":{"line":315,"column":5}},{"start":{},"end":{}}]},"5":{"loc":{"start":{"line":318,"column":24},"end":{"line":318,"column":59}},"type":"cond-expr","locations":[{"start":{"line":318,"column":33},"end":{"line":318,"column":54}},{"start":{"line":318,"column":57},"end":{"line":318,"column":59}}]},"6":{"loc":{"start":{"line":319,"column":24},"end":{"line":319,"column":90}},"type":"cond-expr","locations":[{"start":{"line":319,"column":60},"end":{"line":319,"column":73}},{"start":{"line":319,"column":76},"end":{"line":319,"column":90}}]},"7":{"loc":{"start":{"line":337,"column":28},"end":{"line":339,"column":19}},"type":"cond-expr","locations":[{"start":{"line":338,"column":10},"end":{"line":338,"column":50}},{"start":{"line":339,"column":10},"end":{"line":339,"column":19}}]},"8":{"loc":{"start":{"line":338,"column":10},"end":{"line":338,"column":50}},"type":"cond-expr","locations":[{"start":{"line":338,"column":35},"end":{"line":338,"column":37}},{"start":{"line":338,"column":35},"end":{"line":338,"column":50}}]},"9":{"loc":{"start":{"line":338,"column":10},"end":{"line":338,"column":37}},"type":"binary-expr","locations":[{"start":{"line":338,"column":10},"end":{"line":338,"column":37}},{"start":{"line":338,"column":35},"end":{"line":338,"column":37}}]},"10":{"loc":{"start":{"line":338,"column":10},"end":{"line":338,"column":35}},"type":"cond-expr","locations":[{"start":{"line":338,"column":21},"end":{"line":338,"column":24}},{"start":{"line":338,"column":10},"end":{"line":338,"column":35}}]},"11":{"loc":{"start":{"line":338,"column":10},"end":{"line":338,"column":24}},"type":"binary-expr","locations":[{"start":{"line":338,"column":10},"end":{"line":338,"column":24}},{"start":{"line":338,"column":10},"end":{"line":338,"column":24}}]},"12":{"loc":{"start":{"line":341,"column":6},"end":{"line":355,"column":7}},"type":"if","locations":[{"start":{"line":341,"column":6},"end":{"line":355,"column":7}},{"start":{"line":348,"column":13},"end":{"line":355,"column":7}}]},"13":{"loc":{"start":{"line":341,"column":10},"end":{"line":341,"column":60}},"type":"binary-expr","locations":[{"start":{"line":341,"column":10},"end":{"line":341,"column":43}},{"start":{"line":341,"column":47},"end":{"line":341,"column":60}}]},"14":{"loc":{"start":{"line":358,"column":6},"end":{"line":361,"column":7}},"type":"if","locations":[{"start":{"line":358,"column":6},"end":{"line":361,"column":7}},{"start":{},"end":{}}]},"15":{"loc":{"start":{"line":358,"column":10},"end":{"line":358,"column":92}},"type":"binary-expr","locations":[{"start":{"line":358,"column":10},"end":{"line":358,"column":33}},{"start":{"line":358,"column":37},"end":{"line":358,"column":92}}]},"16":{"loc":{"start":{"line":394,"column":18},"end":{"line":398,"column":52}},"type":"cond-expr","locations":[{"start":{"line":394,"column":41},"end":{"line":398,"column":6}},{"start":{"line":398,"column":8},"end":{"line":398,"column":52}}]},"17":{"loc":{"start":{"line":400,"column":16},"end":{"line":404,"column":52}},"type":"cond-expr","locations":[{"start":{"line":400,"column":37},"end":{"line":404,"column":6}},{"start":{"line":404,"column":8},"end":{"line":404,"column":52}}]},"18":{"loc":{"start":{"line":407,"column":22},"end":{"line":412,"column":17}},"type":"cond-expr","locations":[{"start":{"line":407,"column":49},"end":{"line":412,"column":6}},{"start":{"line":412,"column":8},"end":{"line":412,"column":17}}]},"19":{"loc":{"start":{"line":411,"column":12},"end":{"line":411,"column":105}},"type":"cond-expr","locations":[{"start":{"line":411,"column":31},"end":{"line":411,"column":97}},{"start":{"line":411,"column":100},"end":{"line":411,"column":105}}]},"20":{"loc":{"start":{"line":415,"column":22},"end":{"line":421,"column":7}},"type":"cond-expr","locations":[{"start":{"line":415,"column":46},"end":{"line":415,"column":48}},{"start":{"line":415,"column":46},"end":{"line":421,"column":7}}]},"21":{"loc":{"start":{"line":415,"column":22},"end":{"line":415,"column":48}},"type":"binary-expr","locations":[{"start":{"line":415,"column":22},"end":{"line":415,"column":48}},{"start":{"line":415,"column":46},"end":{"line":415,"column":48}}]},"22":{"loc":{"start":{"line":427,"column":19},"end":{"line":427,"column":73}},"type":"cond-expr","locations":[{"start":{"line":427,"column":48},"end":{"line":427,"column":59}},{"start":{"line":427,"column":62},"end":{"line":427,"column":73}}]},"23":{"loc":{"start":{"line":437,"column":15},"end":{"line":437,"column":43}},"type":"binary-expr","locations":[{"start":{"line":437,"column":15},"end":{"line":437,"column":37}},{"start":{"line":437,"column":41},"end":{"line":437,"column":43}}]},"24":{"loc":{"start":{"line":438,"column":19},"end":{"line":438,"column":60}},"type":"binary-expr","locations":[{"start":{"line":438,"column":19},"end":{"line":438,"column":47}},{"start":{"line":438,"column":51},"end":{"line":438,"column":60}}]},"25":{"loc":{"start":{"line":438,"column":19},"end":{"line":438,"column":47}},"type":"cond-expr","locations":[{"start":{"line":438,"column":38},"end":{"line":438,"column":40}},{"start":{"line":438,"column":38},"end":{"line":438,"column":47}}]},"26":{"loc":{"start":{"line":438,"column":19},"end":{"line":438,"column":40}},"type":"binary-expr","locations":[{"start":{"line":438,"column":19},"end":{"line":438,"column":40}},{"start":{"line":438,"column":38},"end":{"line":438,"column":40}}]},"27":{"loc":{"start":{"line":439,"column":16},"end":{"line":443,"column":19}},"type":"cond-expr","locations":[{"start":{"line":440,"column":8},"end":{"line":442,"column":47}},{"start":{"line":443,"column":10},"end":{"line":443,"column":19}}]},"28":{"loc":{"start":{"line":440,"column":8},"end":{"line":442,"column":47}},"type":"cond-expr","locations":[{"start":{"line":441,"column":12},"end":{"line":441,"column":35}},{"start":{"line":442,"column":12},"end":{"line":442,"column":47}}]},"29":{"loc":{"start":{"line":445,"column":15},"end":{"line":448,"column":19}},"type":"cond-expr","locations":[{"start":{"line":445,"column":27},"end":{"line":448,"column":8}},{"start":{"line":448,"column":10},"end":{"line":448,"column":19}}]},"30":{"loc":{"start":{"line":447,"column":14},"end":{"line":447,"column":77}},"type":"cond-expr","locations":[{"start":{"line":447,"column":33},"end":{"line":447,"column":69}},{"start":{"line":447,"column":72},"end":{"line":447,"column":77}}]},"31":{"loc":{"start":{"line":474,"column":4},"end":{"line":482,"column":5}},"type":"switch","locations":[{"start":{"line":475,"column":6},"end":{"line":475,"column":18}},{"start":{"line":476,"column":6},"end":{"line":477,"column":29}},{"start":{"line":478,"column":6},"end":{"line":478,"column":18}},{"start":{"line":479,"column":6},"end":{"line":479,"column":17}},{"start":{"line":480,"column":6},"end":{"line":481,"column":24}}]},"32":{"loc":{"start":{"line":500,"column":4},"end":{"line":510,"column":5}},"type":"switch","locations":[{"start":{"line":501,"column":6},"end":{"line":502,"column":26}},{"start":{"line":503,"column":6},"end":{"line":504,"column":26}},{"start":{"line":505,"column":6},"end":{"line":506,"column":27}},{"start":{"line":507,"column":6},"end":{"line":507,"column":26}},{"start":{"line":508,"column":6},"end":{"line":509,"column":29}}]},"33":{"loc":{"start":{"line":528,"column":4},"end":{"line":536,"column":5}},"type":"switch","locations":[{"start":{"line":529,"column":6},"end":{"line":530,"column":25}},{"start":{"line":531,"column":6},"end":{"line":532,"column":30}},{"start":{"line":533,"column":6},"end":{"line":533,"column":20}},{"start":{"line":534,"column":6},"end":{"line":535,"column":25}}]},"34":{"loc":{"start":{"line":563,"column":8},"end":{"line":566,"column":9}},"type":"if","locations":[{"start":{"line":563,"column":8},"end":{"line":566,"column":9}},{"start":{},"end":{}}]},"35":{"loc":{"start":{"line":569,"column":8},"end":{"line":579,"column":9}},"type":"if","locations":[{"start":{"line":569,"column":8},"end":{"line":579,"column":9}},{"start":{},"end":{}}]},"36":{"loc":{"start":{"line":591,"column":6},"end":{"line":595,"column":7}},"type":"if","locations":[{"start":{"line":591,"column":6},"end":{"line":595,"column":7}},{"start":{},"end":{}}]},"37":{"loc":{"start":{"line":591,"column":10},"end":{"line":591,"column":97}},"type":"binary-expr","locations":[{"start":{"line":591,"column":10},"end":{"line":591,"column":33}},{"start":{"line":591,"column":37},"end":{"line":591,"column":97}}]},"38":{"loc":{"start":{"line":598,"column":6},"end":{"line":602,"column":7}},"type":"if","locations":[{"start":{"line":598,"column":6},"end":{"line":602,"column":7}},{"start":{},"end":{}}]},"39":{"loc":{"start":{"line":598,"column":10},"end":{"line":598,"column":80}},"type":"cond-expr","locations":[{"start":{"line":598,"column":72},"end":{"line":598,"column":74}},{"start":{"line":598,"column":72},"end":{"line":598,"column":80}}]},"40":{"loc":{"start":{"line":598,"column":10},"end":{"line":598,"column":74}},"type":"binary-expr","locations":[{"start":{"line":598,"column":10},"end":{"line":598,"column":74}},{"start":{"line":598,"column":72},"end":{"line":598,"column":74}}]},"41":{"loc":{"start":{"line":657,"column":10},"end":{"line":657,"column":38}},"type":"binary-expr","locations":[{"start":{"line":657,"column":10},"end":{"line":657,"column":25}},{"start":{"line":657,"column":29},"end":{"line":657,"column":38}}]},"42":{"loc":{"start":{"line":691,"column":4},"end":{"line":696,"column":5}},"type":"if","locations":[{"start":{"line":691,"column":4},"end":{"line":696,"column":5}},{"start":{},"end":{}}]},"43":{"loc":{"start":{"line":691,"column":8},"end":{"line":691,"column":65}},"type":"binary-expr","locations":[{"start":{"line":691,"column":8},"end":{"line":691,"column":32}},{"start":{"line":691,"column":36},"end":{"line":691,"column":63}}]},"44":{"loc":{"start":{"line":691,"column":8},"end":{"line":691,"column":32}},"type":"cond-expr","locations":[{"start":{"line":691,"column":20},"end":{"line":691,"column":22}},{"start":{"line":691,"column":8},"end":{"line":691,"column":32}}]},"45":{"loc":{"start":{"line":691,"column":8},"end":{"line":691,"column":22}},"type":"binary-expr","locations":[{"start":{"line":691,"column":8},"end":{"line":691,"column":22}},{"start":{"line":691,"column":8},"end":{"line":691,"column":22}}]},"46":{"loc":{"start":{"line":691,"column":36},"end":{"line":691,"column":63}},"type":"cond-expr","locations":[{"start":{"line":691,"column":48},"end":{"line":691,"column":50}},{"start":{"line":691,"column":36},"end":{"line":691,"column":63}}]},"47":{"loc":{"start":{"line":691,"column":36},"end":{"line":691,"column":50}},"type":"binary-expr","locations":[{"start":{"line":691,"column":36},"end":{"line":691,"column":50}},{"start":{"line":691,"column":36},"end":{"line":691,"column":50}}]},"48":{"loc":{"start":{"line":721,"column":6},"end":{"line":729,"column":7}},"type":"if","locations":[{"start":{"line":721,"column":6},"end":{"line":729,"column":7}},{"start":{"line":724,"column":13},"end":{"line":729,"column":7}}]}},"s":{"0":2,"1":2,"2":2,"3":2,"4":0,"5":0,"6":0,"7":0,"8":0,"9":0,"10":0,"11":0,"12":0,"13":0,"14":0,"15":0,"16":0,"17":0,"18":0,"19":0,"20":0,"21":0,"22":0,"23":0,"24":0,"25":0,"26":0,"27":0,"28":0,"29":0,"30":0,"31":0,"32":0,"33":0,"34":0,"35":0,"36":0,"37":0,"38":0,"39":0,"40":0,"41":0,"42":0,"43":0,"44":0,"45":0,"46":0,"47":0,"48":0,"49":0,"50":0,"51":0,"52":0,"53":0,"54":0,"55":0,"56":0,"57":0,"58":0,"59":0,"60":0,"61":0,"62":0,"63":0,"64":0,"65":0,"66":0,"67":0,"68":0,"69":0,"70":0,"71":0,"72":0,"73":0,"74":0,"75":0,"76":0,"77":0,"78":0,"79":0,"80":0,"81":0,"82":0,"83":0,"84":0,"85":0,"86":0,"87":0,"88":0,"89":0,"90":0,"91":0,"92":0,"93":0,"94":0,"95":0,"96":0,"97":0,"98":0,"99":0,"100":0,"101":0,"102":0,"103":0,"104":0,"105":0,"106":0,"107":0,"108":0,"109":0,"110":0,"111":0,"112":0,"113":0,"114":2},"f":{"0":0,"1":0,"2":0,"3":0,"4":0,"5":0,"6":0,"7":0,"8":0,"9":0,"10":0,"11":0,"12":0,"13":0,"14":0,"15":0,"16":0,"17":0},"b":{"0":[0,0],"1":[0,0],"2":[0,0],"3":[0,0],"4":[0,0],"5":[0,0],"6":[0,0],"7":[0,0],"8":[0,0],"9":[0,0],"10":[0,0],"11":[0,0],"12":[0,0],"13":[0,0],"14":[0,0],"15":[0,0],"16":[0,0],"17":[0,0],"18":[0,0],"19":[0,0],"20":[0,0],"21":[0,0],"22":[0,0],"23":[0,0],"24":[0,0],"25":[0,0],"26":[0,0],"27":[0,0],"28":[0,0],"29":[0,0],"30":[0,0],"31":[0,0,0,0,0],"32":[0,0,0,0,0],"33":[0,0,0,0],"34":[0,0],"35":[0,0],"36":[0,0],"37":[0,0],"38":[0,0],"39":[0,0],"40":[0,0],"41":[0,0],"42":[0,0],"43":[0,0],"44":[0,0],"45":[0,0],"46":[0,0],"47":[0,0],"48":[0,0]}}
,"/Users/jsfillman/Documents/repos/faros-ai/airbyte-connectors/sources/office365calendar-source/src/streams/index.ts": {"path":"/Users/jsfillman/Documents/repos/faros-ai/airbyte-connectors/sources/office365calendar-source/src/streams/index.ts","statementMap":{"0":{"start":{"line":10,"column":0},"end":{"line":10,"column":9}},"1":{"start":{"line":18,"column":9},"end":{"line":10,"column":40}},"2":{"start":{"line":11,"column":0},"end":{"line":11,"column":9}},"3":{"start":{"line":25,"column":9},"end":{"line":11,"column":34}}},"fnMap":{"0":{"name":"(anonymous_0)","decl":{"start":{"line":18,"column":9},"end":{"line":18,"column":18}},"loc":{"start":{"line":18,"column":9},"end":{"line":10,"column":40}}},"1":{"name":"(anonymous_1)","decl":{"start":{"line":25,"column":9},"end":{"line":25,"column":15}},"loc":{"start":{"line":25,"column":9},"end":{"line":11,"column":34}}}},"branchMap":{},"s":{"0":2,"1":2,"2":2,"3":2},"f":{"0":0,"1":0},"b":{}}
}
