TN:
SF:src/index.ts
FN:36,mainCommand
FN:59,(anonymous_1)
FN:73,(anonymous_2)
FN:92,(anonymous_3)
FN:124,(anonymous_4)
FN:237,(anonymous_5)
FN:251,(anonymous_6)
FNF:7
FNH:3
FNDA:2,mainCommand
FNDA:3,(anonymous_1)
FNDA:4,(anonymous_2)
FNDA:0,(anonymous_3)
FNDA:0,(anonymous_4)
FNDA:0,(anonymous_5)
FNDA:0,(anonymous_6)
DA:2,2
DA:9,2
DA:12,2
DA:18,2
DA:19,2
DA:36,2
DA:37,2
DA:38,2
DA:39,2
DA:51,2
DA:60,3
DA:61,3
DA:62,3
DA:74,4
DA:94,0
DA:127,0
DA:133,0
DA:135,0
DA:138,0
DA:141,0
DA:143,0
DA:144,0
DA:148,0
DA:152,0
DA:156,0
DA:157,0
DA:161,0
DA:162,0
DA:163,0
DA:164,0
DA:167,0
DA:171,0
DA:178,0
DA:183,0
DA:186,0
DA:188,0
DA:191,0
DA:194,0
DA:195,0
DA:196,0
DA:197,0
DA:199,0
DA:200,0
DA:203,0
DA:206,0
DA:208,0
DA:214,0
DA:238,0
DA:244,0
DA:245,0
DA:250,0
DA:251,0
DA:254,0
DA:256,0
DA:257,0
DA:261,0
LF:56
LH:14
BRDA:143,0,0,0
BRDA:143,0,1,0
BRDA:156,1,0,0
BRDA:156,1,1,0
BRDA:156,2,0,0
BRDA:156,2,1,0
BRDA:180,3,0,0
BRDA:180,3,1,0
BRDA:191,4,0,0
BRDA:191,4,1,0
BRDA:191,5,0,0
BRDA:191,5,1,0
BRDA:191,5,2,0
BRDA:191,6,0,0
BRDA:191,6,1,0
BRDA:191,7,0,0
BRDA:191,7,1,0
BRDA:192,8,0,0
BRDA:192,8,1,0
BRDA:192,9,0,0
BRDA:192,9,1,0
BRDA:193,10,0,0
BRDA:193,10,1,0
BRDA:193,11,0,0
BRDA:193,11,1,0
BRDA:195,12,0,0
BRDA:195,12,1,0
BRDA:195,13,0,0
BRDA:195,13,1,0
BRDA:195,14,0,0
BRDA:195,14,1,0
BRDA:195,15,0,0
BRDA:195,15,1,0
BRDA:195,16,0,0
BRDA:195,16,1,0
BRDA:195,17,0,0
BRDA:195,17,1,0
BRDA:197,18,0,0
BRDA:197,18,1,0
BRDA:197,19,0,0
BRDA:197,19,1,0
BRDA:197,20,0,0
BRDA:197,20,1,0
BRDA:197,21,0,0
BRDA:197,21,1,0
BRDA:198,22,0,0
BRDA:198,22,1,0
BRDA:198,23,0,0
BRDA:198,23,1,0
BRDA:200,24,0,0
BRDA:200,24,1,0
BRDA:200,25,0,0
BRDA:200,25,1,0
BRDA:200,25,2,0
BRDA:200,26,0,0
BRDA:200,26,1,0
BRDA:200,27,0,0
BRDA:200,27,1,0
BRDA:201,28,0,0
BRDA:201,28,1,0
BRDA:201,29,0,0
BRDA:201,29,1,0
BRDA:202,30,0,0
BRDA:202,30,1,0
BRDA:202,31,0,0
BRDA:202,31,1,0
BRDA:206,32,0,0
BRDA:206,32,1,0
BRDA:206,33,0,0
BRDA:206,33,1,0
BRDA:211,34,0,0
BRDA:211,34,1,0
BRDA:211,35,0,0
BRDA:211,35,1,0
BRDA:211,36,0,0
BRDA:211,36,1,0
BRDA:211,37,0,0
BRDA:211,37,1,0
BRDA:240,38,0,0
BRDA:240,38,1,0
BRDA:240,39,0,0
BRDA:240,39,1,0
BRDA:240,40,0,0
BRDA:240,40,1,0
BRDA:259,41,0,0
BRDA:259,41,1,0
BRDA:259,42,0,0
BRDA:259,42,1,0
BRDA:259,43,0,0
BRDA:259,43,1,0
BRDA:259,44,0,0
BRDA:259,44,1,0
BRF:92
BRH:0
end_of_record
TN:
SF:src/models.ts
FN:65,asTenantId
FN:84,asCalendarId
FN:103,asUserId
FN:122,asDeltaToken
FN:269,validateOffice365CalendarConfig
FN:341,createValidatedConfig
FN:908,isCalendar
FN:926,isGraphEvent
FN:944,isDeletedEvent
FN:970,(anonymous_9)
FN:978,(anonymous_10)
FN:987,(anonymous_11)
FN:996,(anonymous_12)
FN:1005,(anonymous_13)
FN:1034,(anonymous_14)
FN:1060,(anonymous_15)
FN:1081,(anonymous_16)
FN:1092,(anonymous_17)
FN:1103,(anonymous_18)
FN:1114,(anonymous_19)
FN:1125,(anonymous_20)
FNF:21
FNH:10
FNDA:20,asTenantId
FNDA:4,asCalendarId
FNDA:0,asUserId
FNDA:2,asDeltaToken
FNDA:21,validateOffice365CalendarConfig
FNDA:2,createValidatedConfig
FNDA:0,isCalendar
FNDA:0,isGraphEvent
FNDA:0,isDeletedEvent
FNDA:63,(anonymous_9)
FNDA:0,(anonymous_10)
FNDA:41,(anonymous_11)
FNDA:0,(anonymous_12)
FNDA:38,(anonymous_13)
FNDA:38,(anonymous_14)
FNDA:0,(anonymous_15)
FNDA:0,(anonymous_16)
FNDA:0,(anonymous_17)
FNDA:16,(anonymous_18)
FNDA:0,(anonymous_19)
FNDA:0,(anonymous_20)
DA:2,3
DA:65,3
DA:66,20
DA:67,0
DA:69,20
DA:84,3
DA:85,4
DA:86,0
DA:88,4
DA:103,3
DA:104,0
DA:105,0
DA:107,0
DA:122,3
DA:123,2
DA:124,0
DA:126,2
DA:137,3
DA:154,3
DA:171,3
DA:188,3
DA:269,3
DA:271,21
DA:272,0
DA:276,21
DA:277,1
DA:281,20
DA:282,0
DA:286,20
DA:287,20
DA:289,20
DA:290,20
DA:292,20
DA:293,0
DA:298,20
DA:299,1
DA:300,0
DA:305,20
DA:306,1
DA:307,0
DA:309,1
DA:310,0
DA:341,3
DA:342,2
DA:352,2
DA:353,1
DA:908,3
DA:909,0
DA:926,3
DA:927,0
DA:944,3
DA:945,0
DA:957,3
DA:971,63
DA:979,0
DA:988,41
DA:997,0
DA:1006,38
DA:1017,3
DA:1035,38
DA:1036,38
DA:1038,0
DA:1039,0
DA:1041,0
DA:1061,0
DA:1062,0
DA:1064,0
DA:1073,3
DA:1082,0
DA:1093,0
DA:1104,16
DA:1115,0
DA:1126,0
LF:73
LH:46
BRDA:66,0,0,0
BRDA:66,0,1,20
BRDA:66,1,0,20
BRDA:66,1,1,20
BRDA:85,2,0,0
BRDA:85,2,1,4
BRDA:85,3,0,4
BRDA:85,3,1,4
BRDA:104,4,0,0
BRDA:104,4,1,0
BRDA:104,5,0,0
BRDA:104,5,1,0
BRDA:123,6,0,0
BRDA:123,6,1,2
BRDA:123,7,0,2
BRDA:123,7,1,2
BRDA:271,8,0,0
BRDA:271,8,1,21
BRDA:271,9,0,21
BRDA:271,9,1,21
BRDA:271,9,2,21
BRDA:276,10,0,1
BRDA:276,10,1,20
BRDA:276,11,0,21
BRDA:276,11,1,20
BRDA:276,11,2,20
BRDA:281,12,0,0
BRDA:281,12,1,20
BRDA:281,13,0,20
BRDA:281,13,1,20
BRDA:281,13,2,20
BRDA:286,14,0,20
BRDA:286,14,1,0
BRDA:292,15,0,0
BRDA:292,15,1,20
BRDA:292,16,0,20
BRDA:292,16,1,19
BRDA:292,16,2,19
BRDA:298,17,0,1
BRDA:298,17,1,19
BRDA:299,18,0,0
BRDA:299,18,1,1
BRDA:299,19,0,1
BRDA:299,19,1,1
BRDA:305,20,0,1
BRDA:305,20,1,19
BRDA:306,21,0,0
BRDA:306,21,1,1
BRDA:309,22,0,0
BRDA:309,22,1,1
BRDA:341,23,0,0
BRDA:909,24,0,0
BRDA:909,24,1,0
BRDA:909,24,2,0
BRDA:909,24,3,0
BRDA:927,25,0,0
BRDA:927,25,1,0
BRDA:927,25,2,0
BRDA:927,25,3,0
BRDA:945,26,0,0
BRDA:945,26,1,0
BRDA:945,26,2,0
BRDA:945,26,3,0
BRDA:979,27,0,0
BRDA:979,27,1,0
BRDA:988,28,0,41
BRDA:988,28,1,0
BRDA:997,29,0,0
BRDA:997,29,1,0
BRDA:1006,30,0,38
BRDA:1006,30,1,0
BRDA:1035,31,0,38
BRDA:1035,31,1,0
BRDA:1038,32,0,0
BRDA:1038,32,1,0
BRDA:1061,33,0,0
BRDA:1061,33,1,0
BRF:77
BRH:39
end_of_record
TN:
SF:src/office365calendar-sdk-adapter.ts
FN:40,(anonymous_0)
FN:82,(anonymous_1)
FN:106,(anonymous_2)
FN:126,(anonymous_3)
FN:151,(anonymous_4)
FN:202,(anonymous_5)
FN:243,(anonymous_6)
FN:319,(anonymous_7)
FN:361,(anonymous_8)
FN:499,(anonymous_9)
FN:527,(anonymous_10)
FNF:11
FNH:6
FNDA:19,(anonymous_0)
FNDA:19,(anonymous_1)
FNDA:0,(anonymous_2)
FNDA:3,(anonymous_3)
FNDA:13,(anonymous_4)
FNDA:1,(anonymous_5)
FNDA:0,(anonymous_6)
FNDA:2,(anonymous_7)
FNDA:0,(anonymous_8)
FNDA:0,(anonymous_9)
FNDA:0,(anonymous_10)
DA:2,3
DA:4,3
DA:17,3
DA:28,3
DA:29,3
DA:41,19
DA:42,19
DA:45,19
DA:48,19
DA:51,19
DA:53,19
DA:86,19
DA:87,19
DA:89,19
DA:107,0
DA:127,3
DA:128,3
DA:130,0
DA:131,0
DA:152,13
DA:153,13
DA:155,0
DA:175,0
DA:178,13
DA:179,13
DA:207,1
DA:208,1
DA:209,1
DA:211,1
DA:213,0
DA:243,0
DA:290,0
DA:293,1
DA:297,1
DA:323,2
DA:324,2
DA:325,2
DA:327,2
DA:328,0
DA:330,0
DA:331,0
DA:361,0
DA:407,0
DA:413,0
DA:414,0
DA:416,0
DA:417,0
DA:467,0
DA:474,2
DA:478,2
DA:500,0
DA:501,0
DA:502,0
DA:508,0
DA:509,0
DA:528,0
LF:56
LH:32
BRDA:86,0,0,19
BRDA:86,0,1,0
BRDA:162,1,0,0
BRDA:162,1,1,0
BRDA:165,2,0,0
BRDA:165,2,1,0
BRDA:165,3,0,0
BRDA:165,3,1,0
BRDA:165,4,0,0
BRDA:165,4,1,0
BRDA:166,5,0,0
BRDA:166,5,1,0
BRDA:166,6,0,0
BRDA:166,6,1,0
BRDA:166,7,0,0
BRDA:166,7,1,0
BRDA:167,8,0,0
BRDA:167,8,1,0
BRDA:167,9,0,0
BRDA:167,9,1,0
BRDA:167,10,0,0
BRDA:167,10,1,0
BRDA:169,11,0,0
BRDA:169,11,1,0
BRDA:170,12,0,0
BRDA:170,12,1,0
BRDA:171,13,0,0
BRDA:171,13,1,0
BRDA:209,14,0,0
BRDA:209,14,1,1
BRDA:220,15,0,0
BRDA:220,15,1,0
BRDA:225,16,0,0
BRDA:225,16,1,0
BRDA:225,17,0,0
BRDA:225,17,1,0
BRDA:226,18,0,0
BRDA:226,18,1,0
BRDA:226,19,0,0
BRDA:226,19,1,0
BRDA:226,20,0,0
BRDA:226,20,1,0
BRDA:227,21,0,0
BRDA:227,21,1,0
BRDA:227,22,0,0
BRDA:227,22,1,0
BRDA:227,23,0,0
BRDA:227,23,1,0
BRDA:228,24,0,0
BRDA:228,24,1,0
BRDA:228,25,0,0
BRDA:228,25,1,0
BRDA:228,26,0,0
BRDA:228,26,1,0
BRDA:229,27,0,0
BRDA:229,27,1,0
BRDA:229,28,0,0
BRDA:229,28,1,0
BRDA:229,29,0,0
BRDA:229,29,1,0
BRDA:232,30,0,0
BRDA:232,30,1,0
BRDA:232,31,0,0
BRDA:232,31,1,0
BRDA:233,32,0,0
BRDA:233,32,1,0
BRDA:233,33,0,0
BRDA:233,33,1,0
BRDA:233,34,0,0
BRDA:233,34,1,0
BRDA:234,35,0,0
BRDA:234,35,1,0
BRDA:234,36,0,0
BRDA:234,36,1,0
BRDA:234,37,0,0
BRDA:234,37,1,0
BRDA:235,38,0,0
BRDA:235,38,1,0
BRDA:235,39,0,0
BRDA:235,39,1,0
BRDA:235,40,0,0
BRDA:235,40,1,0
BRDA:236,41,0,0
BRDA:236,41,1,0
BRDA:236,42,0,0
BRDA:236,42,1,0
BRDA:236,43,0,0
BRDA:236,43,1,0
BRDA:238,44,0,0
BRDA:238,44,1,0
BRDA:239,45,0,0
BRDA:239,45,1,0
BRDA:243,46,0,0
BRDA:243,46,1,0
BRDA:243,47,0,0
BRDA:243,47,1,0
BRDA:243,48,0,0
BRDA:243,48,1,0
BRDA:244,49,0,0
BRDA:244,49,1,0
BRDA:244,50,0,0
BRDA:244,50,1,0
BRDA:244,51,0,0
BRDA:244,51,1,0
BRDA:245,52,0,0
BRDA:245,52,1,0
BRDA:245,53,0,0
BRDA:245,53,1,0
BRDA:247,54,0,0
BRDA:247,54,1,0
BRDA:247,55,0,0
BRDA:247,55,1,0
BRDA:247,56,0,0
BRDA:247,56,1,0
BRDA:248,57,0,0
BRDA:248,57,1,0
BRDA:248,58,0,0
BRDA:248,58,1,0
BRDA:248,59,0,0
BRDA:248,59,1,0
BRDA:251,60,0,0
BRDA:251,60,1,0
BRDA:251,61,0,0
BRDA:251,61,1,0
BRDA:251,62,0,0
BRDA:251,62,1,0
BRDA:252,63,0,0
BRDA:252,63,1,0
BRDA:252,64,0,0
BRDA:252,64,1,0
BRDA:252,65,0,0
BRDA:252,65,1,0
BRDA:254,66,0,0
BRDA:254,66,1,0
BRDA:256,67,0,0
BRDA:256,67,1,0
BRDA:257,68,0,0
BRDA:257,68,1,0
BRDA:257,69,0,0
BRDA:257,69,1,0
BRDA:257,70,0,0
BRDA:257,70,1,0
BRDA:258,71,0,0
BRDA:258,71,1,0
BRDA:258,72,0,0
BRDA:258,72,1,0
BRDA:260,73,0,0
BRDA:260,73,1,0
BRDA:260,74,0,0
BRDA:260,74,1,0
BRDA:260,75,0,0
BRDA:260,75,1,0
BRDA:261,76,0,0
BRDA:261,76,1,0
BRDA:261,77,0,0
BRDA:261,77,1,0
BRDA:261,78,0,0
BRDA:261,78,1,0
BRDA:264,79,0,0
BRDA:264,79,1,0
BRDA:264,80,0,0
BRDA:264,80,1,0
BRDA:264,81,0,0
BRDA:264,81,1,0
BRDA:265,82,0,0
BRDA:265,82,1,0
BRDA:265,83,0,0
BRDA:265,83,1,0
BRDA:265,84,0,0
BRDA:265,84,1,0
BRDA:266,85,0,0
BRDA:266,85,1,0
BRDA:267,86,0,0
BRDA:267,86,1,0
BRDA:272,87,0,0
BRDA:272,87,1,0
BRDA:273,88,0,0
BRDA:273,88,1,0
BRDA:274,89,0,0
BRDA:274,89,1,0
BRDA:275,90,0,0
BRDA:275,90,1,0
BRDA:276,91,0,0
BRDA:276,91,1,0
BRDA:280,92,0,0
BRDA:280,92,1,0
BRDA:281,93,0,0
BRDA:281,93,1,0
BRDA:282,94,0,0
BRDA:282,94,1,0
BRDA:283,95,0,0
BRDA:283,95,1,0
BRDA:283,96,0,0
BRDA:283,96,1,0
BRDA:283,97,0,0
BRDA:283,97,1,0
BRDA:284,98,0,0
BRDA:284,98,1,0
BRDA:284,99,0,0
BRDA:284,99,1,0
BRDA:328,100,0,0
BRDA:328,100,1,0
BRDA:338,101,0,0
BRDA:338,101,1,0
BRDA:343,102,0,0
BRDA:343,102,1,0
BRDA:343,103,0,0
BRDA:343,103,1,0
BRDA:344,104,0,0
BRDA:344,104,1,0
BRDA:344,105,0,0
BRDA:344,105,1,0
BRDA:344,106,0,0
BRDA:344,106,1,0
BRDA:345,107,0,0
BRDA:345,107,1,0
BRDA:345,108,0,0
BRDA:345,108,1,0
BRDA:345,109,0,0
BRDA:345,109,1,0
BRDA:346,110,0,0
BRDA:346,110,1,0
BRDA:346,111,0,0
BRDA:346,111,1,0
BRDA:346,112,0,0
BRDA:346,112,1,0
BRDA:347,113,0,0
BRDA:347,113,1,0
BRDA:347,114,0,0
BRDA:347,114,1,0
BRDA:347,115,0,0
BRDA:347,115,1,0
BRDA:350,116,0,0
BRDA:350,116,1,0
BRDA:350,117,0,0
BRDA:350,117,1,0
BRDA:351,118,0,0
BRDA:351,118,1,0
BRDA:351,119,0,0
BRDA:351,119,1,0
BRDA:351,120,0,0
BRDA:351,120,1,0
BRDA:352,121,0,0
BRDA:352,121,1,0
BRDA:352,122,0,0
BRDA:352,122,1,0
BRDA:352,123,0,0
BRDA:352,123,1,0
BRDA:353,124,0,0
BRDA:353,124,1,0
BRDA:353,125,0,0
BRDA:353,125,1,0
BRDA:353,126,0,0
BRDA:353,126,1,0
BRDA:354,127,0,0
BRDA:354,127,1,0
BRDA:354,128,0,0
BRDA:354,128,1,0
BRDA:354,129,0,0
BRDA:354,129,1,0
BRDA:356,130,0,0
BRDA:356,130,1,0
BRDA:357,131,0,0
BRDA:357,131,1,0
BRDA:361,132,0,0
BRDA:361,132,1,0
BRDA:361,133,0,0
BRDA:361,133,1,0
BRDA:361,134,0,0
BRDA:361,134,1,0
BRDA:362,135,0,0
BRDA:362,135,1,0
BRDA:362,136,0,0
BRDA:362,136,1,0
BRDA:362,137,0,0
BRDA:362,137,1,0
BRDA:363,138,0,0
BRDA:363,138,1,0
BRDA:363,139,0,0
BRDA:363,139,1,0
BRDA:365,140,0,0
BRDA:365,140,1,0
BRDA:365,141,0,0
BRDA:365,141,1,0
BRDA:365,142,0,0
BRDA:365,142,1,0
BRDA:366,143,0,0
BRDA:366,143,1,0
BRDA:366,144,0,0
BRDA:366,144,1,0
BRDA:366,145,0,0
BRDA:366,145,1,0
BRDA:369,146,0,0
BRDA:369,146,1,0
BRDA:369,147,0,0
BRDA:369,147,1,0
BRDA:369,148,0,0
BRDA:369,148,1,0
BRDA:371,149,0,0
BRDA:371,149,1,0
BRDA:373,150,0,0
BRDA:373,150,1,0
BRDA:374,151,0,0
BRDA:374,151,1,0
BRDA:374,152,0,0
BRDA:374,152,1,0
BRDA:374,153,0,0
BRDA:374,153,1,0
BRDA:375,154,0,0
BRDA:375,154,1,0
BRDA:375,155,0,0
BRDA:375,155,1,0
BRDA:377,156,0,0
BRDA:377,156,1,0
BRDA:377,157,0,0
BRDA:377,157,1,0
BRDA:377,158,0,0
BRDA:377,158,1,0
BRDA:378,159,0,0
BRDA:378,159,1,0
BRDA:378,160,0,0
BRDA:378,160,1,0
BRDA:378,161,0,0
BRDA:378,161,1,0
BRDA:381,162,0,0
BRDA:381,162,1,0
BRDA:381,163,0,0
BRDA:381,163,1,0
BRDA:381,164,0,0
BRDA:381,164,1,0
BRDA:382,165,0,0
BRDA:382,165,1,0
BRDA:382,166,0,0
BRDA:382,166,1,0
BRDA:382,167,0,0
BRDA:382,167,1,0
BRDA:383,168,0,0
BRDA:383,168,1,0
BRDA:384,169,0,0
BRDA:384,169,1,0
BRDA:389,170,0,0
BRDA:389,170,1,0
BRDA:390,171,0,0
BRDA:390,171,1,0
BRDA:391,172,0,0
BRDA:391,172,1,0
BRDA:392,173,0,0
BRDA:392,173,1,0
BRDA:393,174,0,0
BRDA:393,174,1,0
BRDA:397,175,0,0
BRDA:397,175,1,0
BRDA:398,176,0,0
BRDA:398,176,1,0
BRDA:399,177,0,0
BRDA:399,177,1,0
BRDA:400,178,0,0
BRDA:400,178,1,0
BRDA:400,179,0,0
BRDA:400,179,1,0
BRDA:400,180,0,0
BRDA:400,180,1,0
BRDA:401,181,0,0
BRDA:401,181,1,0
BRDA:401,182,0,0
BRDA:401,182,1,0
BRDA:413,183,0,0
BRDA:413,183,1,0
BRDA:418,184,0,0
BRDA:418,184,1,0
BRDA:419,185,0,0
BRDA:419,185,1,0
BRF:372
BRH:2
end_of_record
TN:
SF:src/office365calendar-sdk.ts
FN:52,(anonymous_0)
FN:83,(anonymous_1)
FN:146,(anonymous_2)
FN:163,(anonymous_3)
FN:179,(anonymous_4)
FN:188,(anonymous_5)
FN:207,(anonymous_6)
FN:219,(anonymous_7)
FN:239,(anonymous_8)
FN:267,(anonymous_9)
FN:297,(anonymous_10)
FN:316,(anonymous_11)
FN:360,(anonymous_12)
FN:396,(anonymous_13)
FN:417,(anonymous_14)
FN:448,(anonymous_15)
FN:473,(anonymous_16)
FN:508,(anonymous_17)
FN:534,(anonymous_18)
FN:558,(anonymous_19)
FN:579,(anonymous_20)
FN:636,(anonymous_21)
FN:671,(anonymous_22)
FN:691,(anonymous_23)
FN:692,(anonymous_24)
FN:710,(anonymous_25)
FN:711,(anonymous_26)
FN:752,(anonymous_27)
FNF:28
FNH:14
FNDA:19,(anonymous_0)
FNDA:19,(anonymous_1)
FNDA:19,(anonymous_2)
FNDA:19,(anonymous_3)
FNDA:0,(anonymous_4)
FNDA:0,(anonymous_5)
FNDA:0,(anonymous_6)
FNDA:0,(anonymous_7)
FNDA:3,(anonymous_8)
FNDA:0,(anonymous_9)
FNDA:13,(anonymous_10)
FNDA:13,(anonymous_11)
FNDA:13,(anonymous_12)
FNDA:1,(anonymous_13)
FNDA:1,(anonymous_14)
FNDA:0,(anonymous_15)
FNDA:1,(anonymous_16)
FNDA:0,(anonymous_17)
FNDA:0,(anonymous_18)
FNDA:2,(anonymous_19)
FNDA:2,(anonymous_20)
FNDA:2,(anonymous_21)
FNDA:0,(anonymous_22)
FNDA:0,(anonymous_23)
FNDA:0,(anonymous_24)
FNDA:0,(anonymous_25)
FNDA:0,(anonymous_26)
FNDA:0,(anonymous_27)
DA:2,3
DA:3,3
DA:5,3
DA:7,3
DA:41,19
DA:42,19
DA:53,19
DA:54,19
DA:55,19
DA:56,19
DA:58,19
DA:84,19
DA:86,19
DA:87,0
DA:90,19
DA:91,19
DA:93,0
DA:94,0
DA:97,0
DA:98,0
DA:100,0
DA:101,0
DA:105,0
DA:107,19
DA:108,19
DA:109,19
DA:124,3
DA:147,19
DA:148,19
DA:151,19
DA:161,19
DA:163,19
DA:167,19
DA:168,19
DA:180,0
DA:189,0
DA:210,0
DA:220,0
DA:240,3
DA:241,3
DA:242,0
DA:244,3
DA:245,3
DA:246,3
DA:268,0
DA:269,0
DA:270,0
DA:272,0
DA:298,13
DA:299,13
DA:300,0
DA:302,13
DA:317,13
DA:319,13
DA:321,13
DA:322,13
DA:328,0
DA:329,0
DA:330,0
DA:339,0
DA:342,0
DA:361,13
DA:362,13
DA:363,0
DA:364,0
DA:367,13
DA:368,13
DA:369,13
DA:371,0
DA:397,1
DA:398,1
DA:399,0
DA:401,1
DA:418,1
DA:420,1
DA:421,1
DA:424,1
DA:425,1
DA:426,0
DA:427,0
DA:428,0
DA:431,1
DA:432,1
DA:439,0
DA:440,0
DA:441,0
DA:445,0
DA:448,0
DA:451,0
DA:474,1
DA:475,1
DA:476,0
DA:477,0
DA:480,1
DA:481,1
DA:482,1
DA:484,0
DA:509,0
DA:510,0
DA:512,0
DA:513,0
DA:514,0
DA:515,0
DA:516,0
DA:519,0
DA:520,0
DA:527,0
DA:528,0
DA:529,0
DA:533,0
DA:534,0
DA:559,2
DA:560,2
DA:561,0
DA:563,2
DA:580,2
DA:582,2
DA:586,2
DA:592,0
DA:594,0
DA:595,0
DA:596,0
DA:603,0
DA:604,0
DA:614,0
DA:637,2
DA:638,2
DA:639,0
DA:640,0
DA:643,2
DA:644,2
DA:645,2
DA:647,0
DA:672,0
DA:673,0
DA:674,0
DA:676,0
DA:692,0
DA:698,0
DA:702,0
DA:704,0
DA:705,0
DA:706,0
DA:708,0
DA:709,0
DA:710,0
DA:711,0
DA:713,0
DA:718,0
DA:719,0
DA:725,0
DA:733,0
DA:753,0
DA:754,0
DA:757,0
DA:759,0
DA:760,0
DA:761,0
DA:768,0
DA:769,0
DA:775,0
DA:777,0
DA:778,0
DA:779,0
LF:164
LH:69
BRDA:86,0,0,0
BRDA:86,0,1,19
BRDA:86,1,0,19
BRDA:86,1,1,0
BRDA:93,2,0,0
BRDA:93,2,1,0
BRDA:329,3,0,0
BRDA:329,3,1,0
BRDA:362,4,0,0
BRDA:362,4,1,13
BRDA:368,5,0,13
BRDA:368,5,1,0
BRDA:420,6,0,0
BRDA:420,6,1,1
BRDA:425,7,0,0
BRDA:425,7,1,1
BRDA:436,8,0,1
BRDA:436,8,1,1
BRDA:440,9,0,0
BRDA:440,9,1,0
BRDA:475,10,0,0
BRDA:475,10,1,1
BRDA:481,11,0,1
BRDA:481,11,1,0
BRDA:509,12,0,0
BRDA:509,12,1,0
BRDA:513,13,0,0
BRDA:513,13,1,0
BRDA:524,14,0,0
BRDA:524,14,1,0
BRDA:528,15,0,0
BRDA:528,15,1,0
BRDA:582,16,0,0
BRDA:582,16,1,2
BRDA:592,17,0,0
BRDA:592,17,1,0
BRDA:592,17,2,0
BRDA:595,18,0,0
BRDA:595,18,1,0
BRDA:603,19,0,0
BRDA:603,19,1,0
BRDA:607,20,0,0
BRDA:607,20,1,0
BRDA:638,21,0,0
BRDA:638,21,1,2
BRDA:644,22,0,2
BRDA:644,22,1,0
BRDA:708,23,0,0
BRDA:708,23,1,0
BRDA:722,24,0,0
BRDA:722,24,1,0
BRDA:722,25,0,0
BRDA:722,25,1,0
BRDA:722,26,0,0
BRDA:722,26,1,0
BRDA:722,27,0,0
BRDA:722,27,1,0
BRDA:722,28,0,0
BRDA:722,28,1,0
BRDA:753,29,0,0
BRDA:753,29,1,0
BRDA:771,30,0,0
BRDA:771,30,1,0
BRF:63
BRH:13
end_of_record
TN:
SF:src/office365calendar.ts
FN:4,(anonymous_0)
FN:19,(anonymous_1)
FN:20,(anonymous_2)
FN:21,(anonymous_3)
FN:22,(anonymous_4)
FNF:5
FNH:1
FNDA:38,(anonymous_0)
FNDA:0,(anonymous_1)
FNDA:0,(anonymous_2)
FNDA:0,(anonymous_3)
FNDA:0,(anonymous_4)
DA:4,41
DA:5,3
DA:19,3
DA:20,3
DA:21,3
DA:22,3
LF:6
LH:6
BRF:0
BRH:0
end_of_record
TN:
SF:src/architecture/composition.ts
FN:197,(anonymous_0)
FN:231,(anonymous_1)
FN:233,(anonymous_2)
FN:238,(anonymous_3)
FN:239,(anonymous_4)
FN:269,(anonymous_5)
FN:274,(anonymous_6)
FN:275,(anonymous_7)
FN:306,(anonymous_8)
FN:308,(anonymous_9)
FN:313,(anonymous_10)
FN:314,(anonymous_11)
FN:335,(anonymous_12)
FN:336,(anonymous_13)
FN:341,(anonymous_14)
FN:342,(anonymous_15)
FN:356,(anonymous_16)
FN:361,(anonymous_17)
FN:362,(anonymous_18)
FN:381,(anonymous_19)
FN:382,(anonymous_20)
FN:387,(anonymous_21)
FN:388,(anonymous_22)
FN:402,(anonymous_23)
FN:419,(anonymous_24)
FN:428,(anonymous_25)
FN:443,(anonymous_26)
FN:444,(anonymous_27)
FN:480,(anonymous_28)
FN:488,(anonymous_29)
FN:513,(anonymous_30)
FN:521,(anonymous_31)
FN:523,(anonymous_32)
FN:546,(anonymous_33)
FN:554,(anonymous_34)
FN:580,(anonymous_35)
FN:585,(anonymous_36)
FN:606,(anonymous_37)
FN:607,(anonymous_38)
FN:617,(anonymous_39)
FN:618,(anonymous_40)
FN:624,wrapAsyncIterableWithRetry
FN:645,wrapAsyncIterableWithRateLimit
FNF:43
FNH:9
FNDA:23,(anonymous_0)
FNDA:18,(anonymous_1)
FNDA:0,(anonymous_2)
FNDA:0,(anonymous_3)
FNDA:0,(anonymous_4)
FNDA:0,(anonymous_5)
FNDA:0,(anonymous_6)
FNDA:0,(anonymous_7)
FNDA:2,(anonymous_8)
FNDA:0,(anonymous_9)
FNDA:0,(anonymous_10)
FNDA:0,(anonymous_11)
FNDA:0,(anonymous_12)
FNDA:0,(anonymous_13)
FNDA:0,(anonymous_14)
FNDA:0,(anonymous_15)
FNDA:0,(anonymous_16)
FNDA:0,(anonymous_17)
FNDA:0,(anonymous_18)
FNDA:0,(anonymous_19)
FNDA:0,(anonymous_20)
FNDA:0,(anonymous_21)
FNDA:0,(anonymous_22)
FNDA:0,(anonymous_23)
FNDA:2,(anonymous_24)
FNDA:0,(anonymous_25)
FNDA:0,(anonymous_26)
FNDA:0,(anonymous_27)
FNDA:5,(anonymous_28)
FNDA:1,(anonymous_29)
FNDA:2,(anonymous_30)
FNDA:0,(anonymous_31)
FNDA:0,(anonymous_32)
FNDA:1,(anonymous_33)
FNDA:0,(anonymous_34)
FNDA:1,(anonymous_35)
FNDA:0,(anonymous_36)
FNDA:0,(anonymous_37)
FNDA:0,(anonymous_38)
FNDA:0,(anonymous_39)
FNDA:0,(anonymous_40)
FNDA:0,wrapAsyncIterableWithRetry
FNDA:0,wrapAsyncIterableWithRateLimit
DA:37,1
DA:197,1
DA:204,23
DA:205,1
DA:207,22
DA:208,1
DA:210,21
DA:211,1
DA:213,20
DA:214,1
DA:217,19
DA:225,19
DA:231,1
DA:232,18
DA:234,0
DA:235,0
DA:236,0
DA:237,0
DA:238,0
DA:239,0
DA:241,0
DA:242,0
DA:245,0
DA:246,0
DA:249,0
DA:258,0
DA:259,0
DA:262,0
DA:270,0
DA:271,0
DA:272,0
DA:273,0
DA:274,0
DA:275,0
DA:279,0
DA:282,0
DA:289,0
DA:291,0
DA:300,18
DA:306,1
DA:307,2
DA:309,0
DA:310,0
DA:311,0
DA:312,0
DA:313,0
DA:314,0
DA:316,0
DA:317,0
DA:320,0
DA:326,0
DA:335,0
DA:336,0
DA:341,0
DA:342,0
DA:349,0
DA:357,0
DA:358,0
DA:359,0
DA:360,0
DA:361,0
DA:362,0
DA:366,0
DA:372,0
DA:381,0
DA:382,0
DA:387,0
DA:388,0
DA:395,0
DA:409,0
DA:413,2
DA:419,1
DA:423,2
DA:426,2
DA:427,4
DA:428,4
DA:431,0
DA:432,0
DA:433,0
DA:436,0
DA:437,0
DA:441,0
DA:442,0
DA:443,0
DA:444,0
DA:447,0
DA:448,0
DA:449,0
DA:450,0
DA:454,0
DA:456,0
DA:461,0
DA:462,0
DA:463,0
DA:469,0
DA:474,2
DA:480,1
DA:484,5
DA:486,5
DA:487,10
DA:488,10
DA:489,1
DA:491,1
DA:492,1
DA:495,1
DA:496,1
DA:499,0
DA:501,1
DA:507,5
DA:513,1
DA:517,2
DA:519,2
DA:520,4
DA:521,4
DA:522,0
DA:523,0
DA:525,0
DA:526,0
DA:527,0
DA:529,0
DA:530,0
DA:532,0
DA:533,0
DA:534,0
DA:540,2
DA:546,1
DA:550,1
DA:552,1
DA:553,2
DA:554,2
DA:555,0
DA:557,0
DA:558,0
DA:559,0
DA:564,0
DA:566,0
DA:568,0
DA:574,1
DA:580,1
DA:584,1
DA:586,0
DA:587,0
DA:588,0
DA:590,0
DA:591,0
DA:594,0
DA:600,1
DA:606,1
DA:607,0
DA:608,0
DA:617,1
DA:618,0
DA:629,0
DA:630,0
DA:631,0
DA:634,0
DA:635,0
DA:638,0
DA:649,0
DA:650,0
DA:651,0
DA:652,0
DA:654,0
LF:163
LH:53
BRDA:204,0,0,1
BRDA:204,0,1,22
BRDA:207,1,0,1
BRDA:207,1,1,21
BRDA:210,2,0,1
BRDA:210,2,1,20
BRDA:213,3,0,1
BRDA:213,3,1,19
BRDA:236,4,0,0
BRDA:236,4,1,0
BRDA:246,5,0,0
BRDA:246,5,1,0
BRDA:246,6,0,0
BRDA:246,6,1,0
BRDA:246,7,0,0
BRDA:246,7,1,0
BRDA:272,8,0,0
BRDA:272,8,1,0
BRDA:311,9,0,0
BRDA:311,9,1,0
BRDA:359,10,0,0
BRDA:359,10,1,0
BRDA:427,11,0,4
BRDA:427,11,1,0
BRDA:436,12,0,0
BRDA:436,12,1,0
BRDA:436,13,0,0
BRDA:436,13,1,0
BRDA:441,14,0,0
BRDA:441,14,1,0
BRDA:441,15,0,0
BRDA:441,15,1,0
BRDA:441,15,2,0
BRDA:447,16,0,0
BRDA:447,16,1,0
BRDA:447,17,0,0
BRDA:447,17,1,0
BRDA:447,17,2,0
BRDA:461,18,0,0
BRDA:461,18,1,0
BRDA:487,19,0,10
BRDA:487,19,1,0
BRDA:495,20,0,1
BRDA:495,20,1,0
BRDA:495,21,0,1
BRDA:495,21,1,1
BRDA:520,22,0,4
BRDA:520,22,1,0
BRDA:553,23,0,2
BRDA:553,23,1,0
BRDA:587,24,0,0
BRDA:587,24,1,0
BRDA:634,25,0,0
BRDA:634,25,1,0
BRF:54
BRH:15
end_of_record
TN:
SF:src/domain/events.ts
FN:37,(anonymous_0)
FN:45,(anonymous_1)
FN:54,(anonymous_2)
FN:159,(anonymous_3)
FN:171,(anonymous_4)
FN:175,(anonymous_5)
FN:191,(anonymous_6)
FN:241,(anonymous_7)
FN:287,(anonymous_8)
FN:315,(anonymous_9)
FN:325,(anonymous_10)
FN:339,(anonymous_11)
FN:348,(anonymous_12)
FN:357,(anonymous_13)
FN:364,(anonymous_14)
FN:371,(anonymous_15)
FN:381,(anonymous_16)
FN:388,(anonymous_17)
FN:395,(anonymous_18)
FN:415,(anonymous_19)
FN:454,(anonymous_20)
FN:471,(anonymous_21)
FN:527,(anonymous_22)
FN:549,(anonymous_23)
FN:551,(anonymous_24)
FN:552,(anonymous_25)
FN:559,(anonymous_26)
FN:565,(anonymous_27)
FN:569,(anonymous_28)
FN:582,(anonymous_29)
FN:585,(anonymous_30)
FN:587,(anonymous_31)
FNF:32
FNH:21
FNDA:2,(anonymous_0)
FNDA:2,(anonymous_1)
FNDA:2,(anonymous_2)
FNDA:7,(anonymous_3)
FNDA:1,(anonymous_4)
FNDA:0,(anonymous_5)
FNDA:4,(anonymous_6)
FNDA:15,(anonymous_7)
FNDA:8,(anonymous_8)
FNDA:7,(anonymous_9)
FNDA:4,(anonymous_10)
FNDA:15,(anonymous_11)
FNDA:8,(anonymous_12)
FNDA:12,(anonymous_13)
FNDA:5,(anonymous_14)
FNDA:1,(anonymous_15)
FNDA:1,(anonymous_16)
FNDA:4,(anonymous_17)
FNDA:2,(anonymous_18)
FNDA:1,(anonymous_19)
FNDA:2,(anonymous_20)
FNDA:1,(anonymous_21)
FNDA:0,(anonymous_22)
FNDA:0,(anonymous_23)
FNDA:0,(anonymous_24)
FNDA:0,(anonymous_25)
FNDA:0,(anonymous_26)
FNDA:0,(anonymous_27)
FNDA:0,(anonymous_28)
FNDA:0,(anonymous_29)
FNDA:0,(anonymous_30)
FNDA:0,(anonymous_31)
DA:37,2
DA:38,2
DA:39,2
DA:45,2
DA:46,2
DA:47,2
DA:48,2
DA:54,2
DA:55,2
DA:56,2
DA:57,2
DA:58,2
DA:143,2
DA:150,2
DA:160,7
DA:161,1
DA:164,6
DA:165,6
DA:168,6
DA:172,1
DA:176,0
DA:200,4
DA:201,1
DA:204,3
DA:205,0
DA:208,3
DA:209,3
DA:210,3
DA:211,3
DA:212,3
DA:213,3
DA:216,3
DA:224,15
DA:243,15
DA:244,1
DA:247,14
DA:248,1
DA:251,13
DA:252,13
DA:253,13
DA:254,13
DA:255,13
DA:256,13
DA:257,13
DA:258,13
DA:259,13
DA:260,13
DA:261,13
DA:262,13
DA:263,13
DA:264,13
DA:265,13
DA:268,13
DA:276,8
DA:289,8
DA:290,1
DA:293,7
DA:294,0
DA:297,7
DA:298,7
DA:299,7
DA:300,7
DA:301,7
DA:302,7
DA:303,7
DA:304,7
DA:305,7
DA:308,7
DA:315,2
DA:319,7
DA:325,2
DA:333,4
DA:339,2
DA:342,15
DA:348,2
DA:351,8
DA:357,2
DA:358,12
DA:364,2
DA:365,5
DA:371,2
DA:375,1
DA:381,2
DA:382,1
DA:388,2
DA:389,4
DA:395,2
DA:396,2
DA:403,2
DA:404,1
DA:415,1
DA:433,1
DA:454,2
DA:455,2
DA:457,2
DA:458,2
DA:459,2
DA:461,2
DA:462,1
DA:466,1
DA:471,1
DA:472,1
DA:482,1
DA:500,1
DA:501,1
DA:505,1
DA:510,1
DA:527,2
DA:534,0
DA:536,0
DA:538,0
DA:541,0
DA:542,0
DA:549,2
DA:550,0
DA:551,0
DA:552,0
DA:559,2
DA:564,0
DA:566,0
DA:570,0
DA:571,0
DA:574,0
DA:582,2
DA:583,0
DA:585,0
DA:586,0
DA:587,0
DA:588,0
DA:593,0
LF:130
LH:108
BRDA:37,0,0,2
BRDA:37,0,1,2
BRDA:45,1,0,2
BRDA:45,1,1,2
BRDA:54,2,0,2
BRDA:54,2,1,2
BRDA:160,3,0,1
BRDA:160,3,1,6
BRDA:200,4,0,1
BRDA:200,4,1,3
BRDA:204,5,0,0
BRDA:204,5,1,3
BRDA:243,6,0,1
BRDA:243,6,1,14
BRDA:247,7,0,1
BRDA:247,7,1,13
BRDA:247,8,0,14
BRDA:247,8,1,13
BRDA:260,9,0,10
BRDA:260,9,1,3
BRDA:260,10,0,13
BRDA:260,10,1,13
BRDA:261,11,0,10
BRDA:261,11,1,3
BRDA:261,12,0,13
BRDA:261,12,1,13
BRDA:264,13,0,0
BRDA:264,13,1,13
BRDA:289,14,0,1
BRDA:289,14,1,7
BRDA:293,15,0,0
BRDA:293,15,1,7
BRDA:302,16,0,4
BRDA:302,16,1,3
BRDA:302,17,0,7
BRDA:302,17,1,7
BRDA:389,18,0,4
BRDA:389,18,1,4
BRDA:403,19,0,1
BRDA:403,19,1,1
BRDA:421,20,0,1
BRDA:421,20,1,0
BRDA:421,21,0,1
BRDA:421,21,1,1
BRDA:427,22,0,1
BRDA:427,22,1,0
BRDA:427,23,0,1
BRDA:427,23,1,1
BRDA:438,24,0,0
BRDA:438,24,1,1
BRDA:442,25,0,0
BRDA:442,25,1,1
BRDA:446,26,0,1
BRDA:446,26,1,0
BRDA:446,27,0,1
BRDA:446,27,1,1
BRDA:461,28,0,1
BRDA:461,28,1,1
BRDA:478,29,0,0
BRDA:478,29,1,1
BRDA:494,30,0,0
BRDA:494,30,1,1
BRDA:501,31,0,0
BRDA:501,31,1,1
BRDA:505,32,0,0
BRDA:505,32,1,1
BRDA:519,33,0,0
BRDA:519,33,1,1
BRDA:534,34,0,0
BRDA:534,34,1,0
BRDA:534,34,2,0
BRDA:552,35,0,0
BRDA:552,35,1,0
BRDA:566,36,0,0
BRDA:566,36,1,0
BRDA:566,36,2,0
BRDA:566,36,3,0
BRDA:570,37,0,0
BRDA:570,37,1,0
BRDA:570,38,0,0
BRDA:570,38,1,0
BRDA:571,39,0,0
BRDA:571,39,1,0
BRDA:571,39,2,0
BRDA:571,39,3,0
BRDA:586,40,0,0
BRDA:586,40,1,0
BRF:87
BRH:55
end_of_record
TN:
SF:src/domain/index.ts
FN:15,(anonymous_4)
FN:16,(anonymous_5)
FNF:2
FNH:1
FNDA:3,(anonymous_4)
FNDA:0,(anonymous_5)
DA:11,1
DA:12,1
DA:15,4
DA:16,1
LF:4
LH:4
BRF:0
BRH:0
end_of_record
TN:
SF:src/domain/types.ts
FN:117,(anonymous_0)
FN:139,(anonymous_1)
FN:143,(anonymous_2)
FN:147,(anonymous_3)
FN:158,(anonymous_4)
FN:170,(anonymous_5)
FN:192,(anonymous_6)
FN:196,(anonymous_7)
FN:200,(anonymous_8)
FN:220,(anonymous_9)
FN:241,(anonymous_10)
FN:245,(anonymous_11)
FN:249,(anonymous_12)
FN:253,(anonymous_13)
FN:257,(anonymous_14)
FN:261,(anonymous_15)
FN:265,(anonymous_16)
FN:276,(anonymous_17)
FN:286,(anonymous_18)
FN:296,(anonymous_19)
FN:306,(anonymous_20)
FN:316,(anonymous_21)
FN:326,(anonymous_22)
FN:333,(anonymous_23)
FN:334,(anonymous_24)
FN:342,(anonymous_25)
FN:343,(anonymous_26)
FN:351,(anonymous_27)
FN:352,(anonymous_28)
FN:360,(anonymous_29)
FN:361,(anonymous_30)
FN:369,(anonymous_31)
FN:370,(anonymous_32)
FN:378,(anonymous_33)
FN:379,(anonymous_34)
FN:390,(anonymous_35)
FN:394,(anonymous_36)
FN:401,(anonymous_37)
FN:408,(anonymous_38)
FN:416,(anonymous_39)
FN:420,(anonymous_40)
FN:424,(anonymous_41)
FN:436,(anonymous_42)
FNF:43
FNH:33
FNDA:27,(anonymous_0)
FNDA:1,(anonymous_1)
FNDA:0,(anonymous_2)
FNDA:0,(anonymous_3)
FNDA:6,(anonymous_4)
FNDA:2204,(anonymous_5)
FNDA:1185,(anonymous_6)
FNDA:110,(anonymous_7)
FNDA:137,(anonymous_8)
FNDA:87,(anonymous_9)
FNDA:37,(anonymous_10)
FNDA:0,(anonymous_11)
FNDA:0,(anonymous_12)
FNDA:4,(anonymous_13)
FNDA:2,(anonymous_14)
FNDA:44,(anonymous_15)
FNDA:50,(anonymous_16)
FNDA:26,(anonymous_17)
FNDA:1,(anonymous_18)
FNDA:1040,(anonymous_19)
FNDA:1140,(anonymous_20)
FNDA:24,(anonymous_21)
FNDA:87,(anonymous_22)
FNDA:4,(anonymous_23)
FNDA:4,(anonymous_24)
FNDA:4,(anonymous_25)
FNDA:2,(anonymous_26)
FNDA:4,(anonymous_27)
FNDA:2,(anonymous_28)
FNDA:4,(anonymous_29)
FNDA:2,(anonymous_30)
FNDA:4,(anonymous_31)
FNDA:2,(anonymous_32)
FNDA:4,(anonymous_33)
FNDA:2,(anonymous_34)
FNDA:4,(anonymous_35)
FNDA:0,(anonymous_36)
FNDA:0,(anonymous_37)
FNDA:0,(anonymous_38)
FNDA:4,(anonymous_39)
FNDA:0,(anonymous_40)
FNDA:0,(anonymous_41)
FNDA:0,(anonymous_42)
DA:27,4
DA:28,4
DA:29,4
DA:30,4
DA:31,4
DA:32,4
DA:49,4
DA:54,4
DA:119,27
DA:120,0
DA:123,27
DA:124,27
DA:125,1
DA:128,26
DA:129,14
DA:132,12
DA:133,12
DA:136,12
DA:140,1
DA:144,0
DA:149,0
DA:150,0
DA:151,0
DA:152,0
DA:153,0
DA:155,0
DA:159,6
DA:172,2204
DA:173,2
DA:176,2202
DA:177,2202
DA:178,5
DA:181,2197
DA:182,1
DA:185,2196
DA:186,2196
DA:189,2196
DA:193,1185
DA:197,110
DA:202,137
DA:203,137
DA:204,1582
DA:205,1582
DA:206,1582
DA:208,137
DA:222,87
DA:223,0
DA:226,87
DA:227,1
DA:230,86
DA:231,0
DA:234,86
DA:235,86
DA:238,86
DA:242,37
DA:246,0
DA:250,0
DA:254,4
DA:258,2
DA:262,44
DA:266,50
DA:276,4
DA:277,26
DA:286,4
DA:287,1
DA:296,4
DA:297,1040
DA:306,4
DA:307,1140
DA:316,4
DA:317,24
DA:326,4
DA:327,87
DA:333,4
DA:334,4
DA:335,4
DA:342,4
DA:343,4
DA:344,2
DA:351,4
DA:352,4
DA:353,2
DA:360,4
DA:361,4
DA:362,2
DA:369,4
DA:370,4
DA:371,2
DA:378,4
DA:379,4
DA:380,2
DA:390,4
DA:394,4
DA:395,0
DA:401,4
DA:402,0
DA:408,4
DA:409,0
DA:416,4
DA:420,4
DA:423,0
DA:424,0
DA:427,0
DA:436,4
DA:439,0
DA:441,0
DA:443,0
DA:445,0
DA:447,0
DA:449,0
DA:451,0
DA:453,0
LF:112
LH:86
BRDA:119,0,0,0
BRDA:119,0,1,27
BRDA:124,1,0,1
BRDA:124,1,1,26
BRDA:128,2,0,14
BRDA:128,2,1,12
BRDA:172,3,0,2
BRDA:172,3,1,2202
BRDA:177,4,0,5
BRDA:177,4,1,2197
BRDA:181,5,0,1
BRDA:181,5,1,2196
BRDA:222,6,0,0
BRDA:222,6,1,87
BRDA:222,7,0,87
BRDA:222,7,1,87
BRDA:226,8,0,1
BRDA:226,8,1,86
BRDA:230,9,0,0
BRDA:230,9,1,86
BRDA:335,10,0,4
BRDA:335,10,1,4
BRDA:335,10,2,4
BRDA:335,10,3,2
BRDA:333,11,0,4
BRDA:333,11,1,4
BRDA:344,12,0,2
BRDA:344,12,1,2
BRDA:344,12,2,2
BRDA:344,12,3,1
BRDA:342,13,0,4
BRDA:342,13,1,4
BRDA:353,14,0,2
BRDA:353,14,1,2
BRDA:353,14,2,2
BRDA:353,14,3,1
BRDA:351,15,0,4
BRDA:351,15,1,4
BRDA:362,16,0,2
BRDA:362,16,1,2
BRDA:362,16,2,2
BRDA:362,16,3,1
BRDA:360,17,0,4
BRDA:360,17,1,4
BRDA:371,18,0,2
BRDA:371,18,1,2
BRDA:371,18,2,2
BRDA:371,18,3,1
BRDA:369,19,0,4
BRDA:369,19,1,4
BRDA:380,20,0,2
BRDA:380,20,1,2
BRDA:380,20,2,2
BRDA:380,20,3,1
BRDA:378,21,0,4
BRDA:378,21,1,4
BRDA:390,22,0,4
BRDA:390,22,1,4
BRDA:423,23,0,0
BRDA:423,23,1,0
BRDA:423,24,0,0
BRDA:423,24,1,0
BRDA:423,25,0,0
BRDA:423,25,1,0
BRDA:439,26,0,0
BRDA:439,26,1,0
BRDA:439,26,2,0
BRDA:439,26,3,0
BRDA:439,26,4,0
BRDA:439,26,5,0
BRDA:439,26,6,0
BRDA:416,27,0,4
BRDA:416,27,1,4
BRF:73
BRH:57
end_of_record
TN:
SF:src/patterns/option.ts
FN:27,(anonymous_0)
FN:36,(anonymous_1)
FN:47,(anonymous_2)
FN:58,(anonymous_3)
FN:80,(anonymous_4)
FN:202,(anonymous_5)
FN:214,(anonymous_6)
FN:218,(anonymous_7)
FN:222,(anonymous_8)
FN:226,(anonymous_9)
FN:234,(anonymous_10)
FN:242,(anonymous_11)
FN:250,(anonymous_12)
FN:258,(anonymous_13)
FN:262,(anonymous_14)
FN:266,(anonymous_15)
FN:270,(anonymous_16)
FN:274,(anonymous_17)
FN:288,(anonymous_18)
FN:295,(anonymous_19)
FN:306,(anonymous_20)
FN:311,(anonymous_21)
FN:316,(anonymous_22)
FN:318,(anonymous_23)
FN:324,(anonymous_24)
FN:336,(anonymous_25)
FN:348,(anonymous_26)
FN:360,(anonymous_27)
FN:372,(anonymous_28)
FN:380,(anonymous_29)
FN:388,(anonymous_30)
FN:396,(anonymous_31)
FN:404,(anonymous_32)
FN:418,(anonymous_33)
FN:422,(anonymous_34)
FN:426,(anonymous_35)
FN:430,(anonymous_36)
FN:434,(anonymous_37)
FN:438,(anonymous_38)
FN:442,(anonymous_39)
FN:446,(anonymous_40)
FN:450,(anonymous_41)
FN:454,(anonymous_42)
FN:458,(anonymous_43)
FN:462,(anonymous_44)
FN:473,isSome
FN:483,isNone
FN:501,safeProp
FN:518,safeGet
FNF:49
FNH:38
FNDA:20051,(anonymous_0)
FNDA:21,(anonymous_1)
FNDA:11,(anonymous_2)
FNDA:2,(anonymous_3)
FNDA:2,(anonymous_4)
FNDA:20051,(anonymous_5)
FNDA:3,(anonymous_6)
FNDA:9,(anonymous_7)
FNDA:20006,(anonymous_8)
FNDA:12,(anonymous_9)
FNDA:10003,(anonymous_10)
FNDA:4,(anonymous_11)
FNDA:2,(anonymous_12)
FNDA:6,(anonymous_13)
FNDA:14,(anonymous_14)
FNDA:1,(anonymous_15)
FNDA:1,(anonymous_16)
FNDA:1,(anonymous_17)
FNDA:20007,(anonymous_18)
FNDA:20006,(anonymous_19)
FNDA:10000,(anonymous_20)
FNDA:0,(anonymous_21)
FNDA:1,(anonymous_22)
FNDA:1,(anonymous_23)
FNDA:10000,(anonymous_24)
FNDA:0,(anonymous_25)
FNDA:0,(anonymous_26)
FNDA:0,(anonymous_27)
FNDA:3,(anonymous_28)
FNDA:3,(anonymous_29)
FNDA:0,(anonymous_30)
FNDA:0,(anonymous_31)
FNDA:0,(anonymous_32)
FNDA:1,(anonymous_33)
FNDA:11,(anonymous_34)
FNDA:1,(anonymous_35)
FNDA:1,(anonymous_36)
FNDA:1,(anonymous_37)
FNDA:2,(anonymous_38)
FNDA:1,(anonymous_39)
FNDA:1,(anonymous_40)
FNDA:4,(anonymous_41)
FNDA:1,(anonymous_42)
FNDA:1,(anonymous_43)
FNDA:1,(anonymous_44)
FNDA:0,isSome
FNDA:0,isNone
FNDA:0,safeProp
FNDA:0,safeGet
DA:20,2
DA:28,20051
DA:37,21
DA:48,11
DA:59,2
DA:61,2
DA:62,5
DA:63,1
DA:65,4
DA:68,1
DA:84,2
DA:86,2
DA:87,5
DA:88,5
DA:89,1
DA:91,4
DA:94,1
DA:203,20051
DA:205,20051
DA:215,3
DA:219,9
DA:223,20006
DA:227,12
DA:228,12
DA:230,0
DA:235,10003
DA:236,10003
DA:238,0
DA:243,4
DA:244,4
DA:246,0
DA:251,2
DA:252,2
DA:254,0
DA:259,6
DA:263,14
DA:267,1
DA:271,1
DA:275,1
DA:284,20007
DA:286,20007
DA:289,20007
DA:290,20007
DA:292,20007
DA:296,20006
DA:298,20006
DA:299,20006
DA:301,0
DA:303,20006
DA:307,10000
DA:308,10000
DA:312,0
DA:313,0
DA:318,1
DA:319,1
DA:320,1
DA:325,10000
DA:326,10000
DA:327,0
DA:329,10000
DA:330,10000
DA:332,0
DA:337,0
DA:338,0
DA:339,0
DA:341,0
DA:342,0
DA:344,0
DA:349,0
DA:350,0
DA:351,0
DA:353,0
DA:354,0
DA:356,0
DA:361,0
DA:362,0
DA:363,0
DA:365,0
DA:366,0
DA:368,0
DA:373,3
DA:374,3
DA:375,0
DA:377,3
DA:381,3
DA:382,3
DA:383,0
DA:385,3
DA:389,0
DA:390,0
DA:391,0
DA:393,0
DA:397,0
DA:398,0
DA:399,0
DA:401,0
DA:405,0
DA:406,0
DA:407,0
DA:409,0
DA:419,1
DA:423,11
DA:427,1
DA:431,1
DA:435,1
DA:439,2
DA:443,1
DA:447,1
DA:451,4
DA:455,1
DA:459,1
DA:463,1
DA:473,2
DA:474,0
DA:483,2
DA:484,0
DA:501,2
DA:502,0
DA:518,2
DA:519,0
DA:521,0
DA:522,0
DA:523,0
DA:524,0
DA:526,0
DA:529,0
LF:126
LH:75
BRDA:48,0,0,7
BRDA:48,0,1,4
BRDA:62,1,0,1
BRDA:62,1,1,4
BRDA:88,2,0,1
BRDA:88,2,1,4
BRDA:205,3,0,0
BRDA:205,3,1,20051
BRDA:207,4,0,3
BRDA:207,4,1,20048
BRDA:209,5,0,3
BRDA:209,5,1,20045
BRDA:209,6,0,20048
BRDA:209,6,1,3
BRDA:236,7,0,10002
BRDA:236,7,1,1
BRDA:296,8,0,0
BRDA:296,8,1,20006
BRDA:326,9,0,0
BRDA:326,9,1,10000
BRDA:338,10,0,0
BRDA:338,10,1,0
BRDA:342,11,0,0
BRDA:342,11,1,0
BRDA:350,12,0,0
BRDA:350,12,1,0
BRDA:362,13,0,0
BRDA:362,13,1,0
BRDA:374,14,0,0
BRDA:374,14,1,3
BRDA:382,15,0,0
BRDA:382,15,1,3
BRDA:383,16,0,0
BRDA:383,16,1,0
BRDA:390,17,0,0
BRDA:390,17,1,0
BRDA:398,18,0,0
BRDA:398,18,1,0
BRDA:406,19,0,0
BRDA:406,19,1,0
BRDA:451,20,0,1
BRDA:451,20,1,3
BRDA:522,21,0,0
BRDA:522,21,1,0
BRDA:522,22,0,0
BRDA:522,22,1,0
BRDA:523,23,0,0
BRDA:523,23,1,0
BRF:48
BRH:21
end_of_record
TN:
SF:src/patterns/result.ts
FN:33,(anonymous_0)
FN:43,(anonymous_1)
FN:54,(anonymous_2)
FN:136,(anonymous_3)
FN:140,(anonymous_4)
FN:144,(anonymous_5)
FN:148,(anonymous_6)
FN:153,(anonymous_7)
FN:157,(anonymous_8)
FN:165,(anonymous_9)
FN:169,(anonymous_10)
FN:173,(anonymous_11)
FN:187,(anonymous_12)
FN:194,(anonymous_13)
FN:205,(anonymous_14)
FN:210,(anonymous_15)
FN:215,(anonymous_16)
FN:217,(anonymous_17)
FN:223,(anonymous_18)
FN:231,(anonymous_19)
FN:243,(anonymous_20)
FN:251,(anonymous_21)
FN:262,(anonymous_22)
FN:278,(anonymous_23)
FN:288,(anonymous_24)
FN:292,(anonymous_25)
FN:296,(anonymous_26)
FN:300,(anonymous_27)
FN:308,(anonymous_28)
FN:312,(anonymous_29)
FN:316,(anonymous_30)
FN:323,(anonymous_31)
FN:334,isSuccess
FN:344,isFailure
FN:360,tryCatch
FN:374,tryCatchAsync
FNF:36
FNH:26
FNDA:20032,(anonymous_0)
FNDA:11,(anonymous_1)
FNDA:2,(anonymous_2)
FNDA:20032,(anonymous_3)
FNDA:2,(anonymous_4)
FNDA:5,(anonymous_5)
FNDA:20006,(anonymous_6)
FNDA:0,(anonymous_7)
FNDA:9,(anonymous_8)
FNDA:10,(anonymous_9)
FNDA:1,(anonymous_10)
FNDA:1,(anonymous_11)
FNDA:20007,(anonymous_12)
FNDA:20006,(anonymous_13)
FNDA:0,(anonymous_14)
FNDA:0,(anonymous_15)
FNDA:1,(anonymous_16)
FNDA:1,(anonymous_17)
FNDA:0,(anonymous_18)
FNDA:10000,(anonymous_19)
FNDA:10006,(anonymous_20)
FNDA:0,(anonymous_21)
FNDA:0,(anonymous_22)
FNDA:11,(anonymous_23)
FNDA:1,(anonymous_24)
FNDA:4,(anonymous_25)
FNDA:1,(anonymous_26)
FNDA:1,(anonymous_27)
FNDA:1,(anonymous_28)
FNDA:7,(anonymous_29)
FNDA:1,(anonymous_30)
FNDA:1,(anonymous_31)
FNDA:0,isSuccess
FNDA:0,isFailure
FNDA:0,tryCatch
FNDA:0,tryCatchAsync
DA:26,2
DA:34,20032
DA:44,11
DA:55,2
DA:57,2
DA:58,5
DA:59,1
DA:61,4
DA:64,1
DA:136,20032
DA:137,20032
DA:141,2
DA:145,5
DA:150,20006
DA:154,0
DA:158,9
DA:159,9
DA:161,0
DA:166,10
DA:170,1
DA:174,1
DA:183,20007
DA:188,20007
DA:189,20007
DA:191,20007
DA:195,20006
DA:197,20006
DA:198,20006
DA:200,0
DA:202,20006
DA:206,0
DA:207,0
DA:211,0
DA:212,0
DA:217,1
DA:218,1
DA:219,1
DA:224,0
DA:225,0
DA:226,0
DA:228,0
DA:232,10000
DA:233,10000
DA:234,0
DA:236,10000
DA:237,10000
DA:239,0
DA:244,10006
DA:245,10006
DA:246,0
DA:248,10006
DA:252,0
DA:253,0
DA:254,0
DA:255,0
DA:257,0
DA:259,0
DA:263,0
DA:264,0
DA:265,0
DA:267,0
DA:279,11
DA:281,11
DA:289,1
DA:293,4
DA:297,1
DA:301,1
DA:302,1
DA:304,0
DA:309,1
DA:313,7
DA:317,1
DA:318,0
DA:320,1
DA:324,1
DA:334,2
DA:335,0
DA:344,2
DA:345,0
DA:360,2
DA:361,0
DA:362,0
DA:364,0
DA:374,2
DA:375,0
DA:376,0
DA:377,0
DA:379,0
LF:88
LH:53
BRDA:58,0,0,1
BRDA:58,0,1,4
BRDA:195,1,0,0
BRDA:195,1,1,20006
BRDA:225,2,0,0
BRDA:225,2,1,0
BRDA:233,3,0,0
BRDA:233,3,1,10000
BRDA:245,4,0,0
BRDA:245,4,1,10006
BRDA:253,5,0,0
BRDA:253,5,1,0
BRDA:254,6,0,0
BRDA:254,6,1,0
BRDA:264,7,0,0
BRDA:264,7,1,0
BRDA:281,8,0,3
BRDA:281,8,1,8
BRDA:283,9,0,0
BRDA:283,9,1,8
BRDA:283,10,0,8
BRDA:283,10,1,0
BRDA:317,11,0,0
BRDA:317,11,1,1
BRDA:364,12,0,0
BRDA:364,12,1,0
BRDA:379,13,0,0
BRDA:379,13,1,0
BRF:28
BRH:10
end_of_record
TN:
SF:src/streams/calendars.ts
FN:83,(anonymous_0)
FN:96,(anonymous_1)
FN:105,(anonymous_2)
FN:114,(anonymous_3)
FN:123,(anonymous_4)
FN:147,(anonymous_5)
FN:195,(anonymous_6)
FN:225,(anonymous_7)
FN:269,(anonymous_8)
FN:316,(anonymous_9)
FNF:10
FNH:0
FNDA:0,(anonymous_0)
FNDA:0,(anonymous_1)
FNDA:0,(anonymous_2)
FNDA:0,(anonymous_3)
FNDA:0,(anonymous_4)
FNDA:0,(anonymous_5)
FNDA:0,(anonymous_6)
FNDA:0,(anonymous_7)
FNDA:0,(anonymous_8)
FNDA:0,(anonymous_9)
DA:1,2
DA:8,2
DA:10,2
DA:11,2
DA:74,2
DA:84,0
DA:87,0
DA:88,0
DA:97,0
DA:106,0
DA:115,0
DA:124,0
DA:153,0
DA:155,0
DA:157,0
DA:158,0
DA:160,0
DA:162,0
DA:163,0
DA:164,0
DA:168,0
DA:169,0
DA:170,0
DA:175,0
DA:177,0
DA:180,0
DA:181,0
DA:184,0
DA:196,0
DA:197,0
DA:199,0
DA:200,0
DA:201,0
DA:203,0
DA:204,0
DA:207,0
DA:208,0
DA:212,0
DA:213,0
DA:226,0
DA:228,0
DA:229,0
DA:231,0
DA:233,0
DA:234,0
DA:235,0
DA:236,0
DA:240,0
DA:244,0
DA:248,0
DA:249,0
DA:271,0
DA:278,0
DA:281,0
DA:318,0
DA:319,0
DA:320,0
DA:321,0
DA:323,0
LF:59
LH:5
BRDA:160,0,0,0
BRDA:160,0,1,0
BRDA:175,1,0,0
BRDA:175,1,1,0
BRDA:175,2,0,0
BRDA:175,2,1,0
BRDA:207,3,0,0
BRDA:207,3,1,0
BRDA:229,4,0,0
BRDA:229,4,1,0
BRDA:241,5,0,0
BRDA:241,5,1,0
BRDA:278,6,0,0
BRDA:278,6,1,0
BRDA:284,7,0,0
BRDA:284,7,1,0
BRDA:285,8,0,0
BRDA:285,8,1,0
BRDA:318,9,0,0
BRDA:318,9,1,0
BRDA:318,10,0,0
BRDA:318,10,1,0
BRDA:318,10,2,0
BRDA:320,11,0,0
BRDA:320,11,1,0
BRDA:320,12,0,0
BRDA:320,12,1,0
BRF:27
BRH:0
end_of_record
TN:
SF:src/streams/events.ts
FN:174,(anonymous_0)
FN:187,(anonymous_1)
FN:196,(anonymous_2)
FN:205,(anonymous_3)
FN:214,(anonymous_4)
FN:223,(anonymous_5)
FN:242,(anonymous_6)
FN:306,(anonymous_7)
FN:390,(anonymous_8)
FN:415,(anonymous_9)
FN:472,(anonymous_10)
FN:498,(anonymous_11)
FN:526,(anonymous_12)
FN:551,(anonymous_13)
FN:620,(anonymous_14)
FN:650,(anonymous_15)
FN:687,(anonymous_16)
FN:719,(anonymous_17)
FNF:18
FNH:0
FNDA:0,(anonymous_0)
FNDA:0,(anonymous_1)
FNDA:0,(anonymous_2)
FNDA:0,(anonymous_3)
FNDA:0,(anonymous_4)
FNDA:0,(anonymous_5)
FNDA:0,(anonymous_6)
FNDA:0,(anonymous_7)
FNDA:0,(anonymous_8)
FNDA:0,(anonymous_9)
FNDA:0,(anonymous_10)
FNDA:0,(anonymous_11)
FNDA:0,(anonymous_12)
FNDA:0,(anonymous_13)
FNDA:0,(anonymous_14)
FNDA:0,(anonymous_15)
FNDA:0,(anonymous_16)
FNDA:0,(anonymous_17)
DA:1,2
DA:8,2
DA:10,2
DA:11,2
DA:165,2
DA:175,0
DA:178,0
DA:179,0
DA:188,0
DA:197,0
DA:206,0
DA:215,0
DA:224,0
DA:243,0
DA:244,0
DA:246,0
DA:247,0
DA:251,0
DA:253,0
DA:254,0
DA:256,0
DA:257,0
DA:258,0
DA:259,0
DA:262,0
DA:266,0
DA:271,0
DA:272,0
DA:276,0
DA:277,0
DA:281,0
DA:282,0
DA:312,0
DA:313,0
DA:314,0
DA:317,0
DA:318,0
DA:319,0
DA:320,0
DA:324,0
DA:325,0
DA:326,0
DA:328,0
DA:331,0
DA:333,0
DA:334,0
DA:337,0
DA:341,0
DA:343,0
DA:344,0
DA:345,0
DA:346,0
DA:350,0
DA:351,0
DA:352,0
DA:353,0
DA:358,0
DA:360,0
DA:363,0
DA:367,0
DA:370,0
DA:394,0
DA:400,0
DA:407,0
DA:415,0
DA:424,0
DA:427,0
DA:429,0
DA:474,0
DA:477,0
DA:481,0
DA:500,0
DA:502,0
DA:504,0
DA:506,0
DA:509,0
DA:528,0
DA:530,0
DA:532,0
DA:535,0
DA:558,0
DA:559,0
DA:560,0
DA:563,0
DA:564,0
DA:565,0
DA:569,0
DA:570,0
DA:577,0
DA:578,0
DA:582,0
DA:583,0
DA:591,0
DA:592,0
DA:593,0
DA:594,0
DA:598,0
DA:599,0
DA:600,0
DA:601,0
DA:605,0
DA:626,0
DA:627,0
DA:628,0
DA:655,0
DA:691,0
DA:692,0
DA:697,0
DA:720,0
DA:721,0
DA:723,0
DA:728,0
DA:731,0
DA:732,0
LF:114
LH:5
BRDA:244,0,0,0
BRDA:244,0,1,0
BRDA:244,1,0,0
BRDA:244,1,1,0
BRDA:254,2,0,0
BRDA:254,2,1,0
BRDA:263,3,0,0
BRDA:263,3,1,0
BRDA:312,4,0,0
BRDA:312,4,1,0
BRDA:318,5,0,0
BRDA:318,5,1,0
BRDA:319,6,0,0
BRDA:319,6,1,0
BRDA:337,7,0,0
BRDA:337,7,1,0
BRDA:338,8,0,0
BRDA:338,8,1,0
BRDA:338,9,0,0
BRDA:338,9,1,0
BRDA:338,10,0,0
BRDA:338,10,1,0
BRDA:338,11,0,0
BRDA:338,11,1,0
BRDA:341,12,0,0
BRDA:341,12,1,0
BRDA:341,13,0,0
BRDA:341,13,1,0
BRDA:358,14,0,0
BRDA:358,14,1,0
BRDA:358,15,0,0
BRDA:358,15,1,0
BRDA:394,16,0,0
BRDA:394,16,1,0
BRDA:400,17,0,0
BRDA:400,17,1,0
BRDA:407,18,0,0
BRDA:407,18,1,0
BRDA:411,19,0,0
BRDA:411,19,1,0
BRDA:415,20,0,0
BRDA:415,20,1,0
BRDA:415,21,0,0
BRDA:415,21,1,0
BRDA:427,22,0,0
BRDA:427,22,1,0
BRDA:437,23,0,0
BRDA:437,23,1,0
BRDA:438,24,0,0
BRDA:438,24,1,0
BRDA:438,25,0,0
BRDA:438,25,1,0
BRDA:438,26,0,0
BRDA:438,26,1,0
BRDA:439,27,0,0
BRDA:439,27,1,0
BRDA:440,28,0,0
BRDA:440,28,1,0
BRDA:445,29,0,0
BRDA:445,29,1,0
BRDA:447,30,0,0
BRDA:447,30,1,0
BRDA:474,31,0,0
BRDA:474,31,1,0
BRDA:474,31,2,0
BRDA:474,31,3,0
BRDA:474,31,4,0
BRDA:500,32,0,0
BRDA:500,32,1,0
BRDA:500,32,2,0
BRDA:500,32,3,0
BRDA:500,32,4,0
BRDA:528,33,0,0
BRDA:528,33,1,0
BRDA:528,33,2,0
BRDA:528,33,3,0
BRDA:563,34,0,0
BRDA:563,34,1,0
BRDA:569,35,0,0
BRDA:569,35,1,0
BRDA:591,36,0,0
BRDA:591,36,1,0
BRDA:591,37,0,0
BRDA:591,37,1,0
BRDA:598,38,0,0
BRDA:598,38,1,0
BRDA:598,39,0,0
BRDA:598,39,1,0
BRDA:598,40,0,0
BRDA:598,40,1,0
BRDA:657,41,0,0
BRDA:657,41,1,0
BRDA:691,42,0,0
BRDA:691,42,1,0
BRDA:691,43,0,0
BRDA:691,43,1,0
BRDA:691,44,0,0
BRDA:691,44,1,0
BRDA:691,45,0,0
BRDA:691,45,1,0
BRDA:691,46,0,0
BRDA:691,46,1,0
BRDA:691,47,0,0
BRDA:691,47,1,0
BRDA:721,48,0,0
BRDA:721,48,1,0
BRF:106
BRH:0
end_of_record
TN:
SF:src/streams/index.ts
FN:18,(anonymous_0)
FN:25,(anonymous_1)
FNF:2
FNH:0
FNDA:0,(anonymous_0)
FNDA:0,(anonymous_1)
DA:10,2
DA:11,2
DA:18,2
DA:25,2
LF:4
LH:4
BRF:0
BRH:0
end_of_record
